[2024-12-18 12:02:33 INFO restartedMain] [com.green.greengram.GreenGramSecurityApplication] Starting GreenGramSecurityApplication using Java 17.0.12 with PID 1788 (D:\LJM\GreenGramSecurity\build\classes\java\main started by Administrator in D:\LJM\GreenGramSecurity)
[2024-12-18 12:02:33 INFO restartedMain] [com.green.greengram.GreenGramSecurityApplication] No active profile set, falling back to 1 default profile: "default"
[2024-12-18 12:02:33 INFO restartedMain] [org.springframework.boot.devtools.env.DevToolsPropertyDefaultsPostProcessor] Devtools property defaults active! Set 'spring.devtools.add-properties' to 'false' to disable
[2024-12-18 12:02:33 INFO restartedMain] [org.springframework.boot.devtools.env.DevToolsPropertyDefaultsPostProcessor] For additional web related logging consider setting the 'logging.level.web' property to 'DEBUG'
[2024-12-18 12:02:34 INFO restartedMain] [org.springframework.boot.web.embedded.tomcat.TomcatWebServer] Tomcat initialized with port 8080 (http)
[2024-12-18 12:02:34 INFO restartedMain] [org.springframework.boot.web.servlet.context.ServletWebServerApplicationContext] Root WebApplicationContext: initialization completed in 877 ms
[2024-12-18 12:02:34 INFO restartedMain] [com.green.greengram.common.model.MyFileUtils] MyFileUtils - 생성자: D:/2024-02/download/greengram_ver3
[2024-12-18 12:02:34 WARN restartedMain] [org.springframework.boot.autoconfigure.security.servlet.UserDetailsServiceAutoConfiguration] 

Using generated security password: 25ce5fc2-98d5-4702-9077-dcfaa6a11cca

This generated password is for development use only. Your security configuration must be updated before running your application in production.

[2024-12-18 12:02:34 INFO restartedMain] [org.springframework.security.config.annotation.authentication.configuration.InitializeUserDetailsBeanManagerConfigurer$InitializeUserDetailsManagerConfigurer] Global AuthenticationManager configured with UserDetailsService bean with name inMemoryUserDetailsManager
[2024-12-18 12:02:34 INFO restartedMain] [org.springframework.boot.devtools.autoconfigure.OptionalLiveReloadServer] LiveReload server is running on port 35729
[2024-12-18 12:02:35 INFO restartedMain] [org.springframework.boot.web.embedded.tomcat.TomcatWebServer] Tomcat started on port 8080 (http) with context path '/'
[2024-12-18 12:02:35 INFO restartedMain] [com.green.greengram.GreenGramSecurityApplication] Started GreenGramSecurityApplication in 1.89 seconds (process running for 2.239)
[2024-12-18 12:02:42 INFO http-nio-8080-exec-1] [org.springframework.web.servlet.DispatcherServlet] Initializing Servlet 'dispatcherServlet'
[2024-12-18 12:02:42 INFO http-nio-8080-exec-1] [org.springframework.web.servlet.DispatcherServlet] Completed initialization in 1 ms
[2024-12-18 12:03:09 INFO http-nio-8080-exec-10] [org.springdoc.api.AbstractOpenApiResource] Init duration for springdoc-openapi is: 230 ms
[2024-12-18 12:03:41 ERRORhttp-nio-8080-exec-2] [org.apache.catalina.core.ContainerBase.[Tomcat].[localhost].[/].[dispatcherServlet]] Servlet.service() for servlet [dispatcherServlet] in context with path [] threw exception [Request processing failed: org.springframework.web.multipart.MultipartException: Failed to parse multipart servlet request] with root cause
org.apache.tomcat.util.http.fileupload.impl.InvalidContentTypeException: the request doesn't contain a multipart/form-data or multipart/mixed stream, content type header is application/json
	at org.apache.tomcat.util.http.fileupload.impl.FileItemIteratorImpl.init(FileItemIteratorImpl.java:151)
	at org.apache.tomcat.util.http.fileupload.impl.FileItemIteratorImpl.getMultiPartStream(FileItemIteratorImpl.java:205)
	at org.apache.tomcat.util.http.fileupload.impl.FileItemIteratorImpl.findNextItem(FileItemIteratorImpl.java:224)
	at org.apache.tomcat.util.http.fileupload.impl.FileItemIteratorImpl.<init>(FileItemIteratorImpl.java:142)
	at org.apache.tomcat.util.http.fileupload.FileUploadBase.getItemIterator(FileUploadBase.java:252)
	at org.apache.tomcat.util.http.fileupload.FileUploadBase.parseRequest(FileUploadBase.java:276)
	at org.apache.catalina.connector.Request.parseParts(Request.java:2587)
	at org.apache.catalina.connector.Request.getParts(Request.java:2487)
	at org.apache.catalina.connector.RequestFacade.getParts(RequestFacade.java:773)
	at jakarta.servlet.http.HttpServletRequestWrapper.getParts(HttpServletRequestWrapper.java:315)
	at jakarta.servlet.http.HttpServletRequestWrapper.getParts(HttpServletRequestWrapper.java:315)
	at jakarta.servlet.http.HttpServletRequestWrapper.getParts(HttpServletRequestWrapper.java:315)
	at org.springframework.web.multipart.support.StandardMultipartHttpServletRequest.parseRequest(StandardMultipartHttpServletRequest.java:94)
	at org.springframework.web.multipart.support.StandardMultipartHttpServletRequest.<init>(StandardMultipartHttpServletRequest.java:87)
	at org.springframework.web.multipart.support.StandardMultipartHttpServletRequest.<init>(StandardMultipartHttpServletRequest.java:71)
	at org.springframework.web.multipart.support.MultipartResolutionDelegate.asMultipartHttpServletRequest(MultipartResolutionDelegate.java:83)
	at org.springframework.web.multipart.support.RequestPartServletServerHttpRequest.<init>(RequestPartServletServerHttpRequest.java:68)
	at org.springframework.web.servlet.mvc.method.annotation.RequestPartMethodArgumentResolver.resolveArgument(RequestPartMethodArgumentResolver.java:140)
	at org.springframework.web.method.support.HandlerMethodArgumentResolverComposite.resolveArgument(HandlerMethodArgumentResolverComposite.java:122)
	at org.springframework.web.method.support.InvocableHandlerMethod.getMethodArgumentValues(InvocableHandlerMethod.java:224)
	at org.springframework.web.method.support.InvocableHandlerMethod.invokeForRequest(InvocableHandlerMethod.java:178)
	at org.springframework.web.servlet.mvc.method.annotation.ServletInvocableHandlerMethod.invokeAndHandle(ServletInvocableHandlerMethod.java:118)
	at org.springframework.web.servlet.mvc.method.annotation.RequestMappingHandlerAdapter.invokeHandlerMethod(RequestMappingHandlerAdapter.java:926)
	at org.springframework.web.servlet.mvc.method.annotation.RequestMappingHandlerAdapter.handleInternal(RequestMappingHandlerAdapter.java:831)
	at org.springframework.web.servlet.mvc.method.AbstractHandlerMethodAdapter.handle(AbstractHandlerMethodAdapter.java:87)
	at org.springframework.web.servlet.DispatcherServlet.doDispatch(DispatcherServlet.java:1089)
	at org.springframework.web.servlet.DispatcherServlet.doService(DispatcherServlet.java:979)
	at org.springframework.web.servlet.FrameworkServlet.processRequest(FrameworkServlet.java:1014)
	at org.springframework.web.servlet.FrameworkServlet.doPost(FrameworkServlet.java:914)
	at jakarta.servlet.http.HttpServlet.service(HttpServlet.java:590)
	at org.springframework.web.servlet.FrameworkServlet.service(FrameworkServlet.java:885)
	at jakarta.servlet.http.HttpServlet.service(HttpServlet.java:658)
	at org.apache.catalina.core.ApplicationFilterChain.internalDoFilter(ApplicationFilterChain.java:195)
	at org.apache.catalina.core.ApplicationFilterChain.doFilter(ApplicationFilterChain.java:140)
	at org.apache.tomcat.websocket.server.WsFilter.doFilter(WsFilter.java:51)
	at org.apache.catalina.core.ApplicationFilterChain.internalDoFilter(ApplicationFilterChain.java:164)
	at org.apache.catalina.core.ApplicationFilterChain.doFilter(ApplicationFilterChain.java:140)
	at com.green.greengram.common.IpLoggingFilter.doFilter(IpLoggingFilter.java:62)
	at org.apache.catalina.core.ApplicationFilterChain.internalDoFilter(ApplicationFilterChain.java:164)
	at org.apache.catalina.core.ApplicationFilterChain.doFilter(ApplicationFilterChain.java:140)
	at com.green.greengram.common.IpLoggingFilter.doFilter(IpLoggingFilter.java:62)
	at org.apache.catalina.core.ApplicationFilterChain.internalDoFilter(ApplicationFilterChain.java:164)
	at org.apache.catalina.core.ApplicationFilterChain.doFilter(ApplicationFilterChain.java:140)
	at org.springframework.web.filter.CompositeFilter$VirtualFilterChain.doFilter(CompositeFilter.java:108)
	at org.springframework.security.web.FilterChainProxy.lambda$doFilterInternal$3(FilterChainProxy.java:231)
	at org.springframework.security.web.FilterChainProxy$VirtualFilterChain.doFilter(FilterChainProxy.java:365)
	at org.springframework.security.web.access.intercept.AuthorizationFilter.doFilter(AuthorizationFilter.java:100)
	at org.springframework.security.web.FilterChainProxy$VirtualFilterChain.doFilter(FilterChainProxy.java:374)
	at org.springframework.security.web.access.ExceptionTranslationFilter.doFilter(ExceptionTranslationFilter.java:126)
	at org.springframework.security.web.access.ExceptionTranslationFilter.doFilter(ExceptionTranslationFilter.java:120)
	at org.springframework.security.web.FilterChainProxy$VirtualFilterChain.doFilter(FilterChainProxy.java:374)
	at org.springframework.security.web.session.SessionManagementFilter.doFilter(SessionManagementFilter.java:131)
	at org.springframework.security.web.session.SessionManagementFilter.doFilter(SessionManagementFilter.java:85)
	at org.springframework.security.web.FilterChainProxy$VirtualFilterChain.doFilter(FilterChainProxy.java:374)
	at org.springframework.security.web.authentication.AnonymousAuthenticationFilter.doFilter(AnonymousAuthenticationFilter.java:100)
	at org.springframework.security.web.FilterChainProxy$VirtualFilterChain.doFilter(FilterChainProxy.java:374)
	at org.springframework.security.web.servletapi.SecurityContextHolderAwareRequestFilter.doFilter(SecurityContextHolderAwareRequestFilter.java:179)
	at org.springframework.security.web.FilterChainProxy$VirtualFilterChain.doFilter(FilterChainProxy.java:374)
	at org.springframework.security.web.savedrequest.RequestCacheAwareFilter.doFilter(RequestCacheAwareFilter.java:63)
	at org.springframework.security.web.FilterChainProxy$VirtualFilterChain.doFilter(FilterChainProxy.java:374)
	at org.springframework.security.web.authentication.logout.LogoutFilter.doFilter(LogoutFilter.java:107)
	at org.springframework.security.web.authentication.logout.LogoutFilter.doFilter(LogoutFilter.java:93)
	at org.springframework.security.web.FilterChainProxy$VirtualFilterChain.doFilter(FilterChainProxy.java:374)
	at org.springframework.security.web.header.HeaderWriterFilter.doHeadersAfter(HeaderWriterFilter.java:90)
	at org.springframework.security.web.header.HeaderWriterFilter.doFilterInternal(HeaderWriterFilter.java:75)
	at org.springframework.web.filter.OncePerRequestFilter.doFilter(OncePerRequestFilter.java:116)
	at org.springframework.security.web.FilterChainProxy$VirtualFilterChain.doFilter(FilterChainProxy.java:374)
	at org.springframework.security.web.context.SecurityContextHolderFilter.doFilter(SecurityContextHolderFilter.java:82)
	at org.springframework.security.web.context.SecurityContextHolderFilter.doFilter(SecurityContextHolderFilter.java:69)
	at org.springframework.security.web.FilterChainProxy$VirtualFilterChain.doFilter(FilterChainProxy.java:374)
	at org.springframework.security.web.context.request.async.WebAsyncManagerIntegrationFilter.doFilterInternal(WebAsyncManagerIntegrationFilter.java:62)
	at org.springframework.web.filter.OncePerRequestFilter.doFilter(OncePerRequestFilter.java:116)
	at org.springframework.security.web.FilterChainProxy$VirtualFilterChain.doFilter(FilterChainProxy.java:374)
	at org.springframework.security.web.session.DisableEncodeUrlFilter.doFilterInternal(DisableEncodeUrlFilter.java:42)
	at org.springframework.web.filter.OncePerRequestFilter.doFilter(OncePerRequestFilter.java:116)
	at org.springframework.security.web.FilterChainProxy$VirtualFilterChain.doFilter(FilterChainProxy.java:374)
	at org.springframework.security.web.FilterChainProxy.doFilterInternal(FilterChainProxy.java:233)
	at org.springframework.security.web.FilterChainProxy.doFilter(FilterChainProxy.java:191)
	at org.springframework.web.filter.CompositeFilter$VirtualFilterChain.doFilter(CompositeFilter.java:113)
	at org.springframework.web.servlet.handler.HandlerMappingIntrospector.lambda$createCacheFilter$3(HandlerMappingIntrospector.java:195)
	at org.springframework.web.filter.CompositeFilter$VirtualFilterChain.doFilter(CompositeFilter.java:113)
	at org.springframework.web.filter.CompositeFilter.doFilter(CompositeFilter.java:74)
	at org.springframework.security.config.annotation.web.configuration.WebMvcSecurityConfiguration$CompositeFilterChainProxy.doFilter(WebMvcSecurityConfiguration.java:230)
	at org.springframework.web.filter.DelegatingFilterProxy.invokeDelegate(DelegatingFilterProxy.java:362)
	at org.springframework.web.filter.DelegatingFilterProxy.doFilter(DelegatingFilterProxy.java:278)
	at org.apache.catalina.core.ApplicationFilterChain.internalDoFilter(ApplicationFilterChain.java:164)
	at org.apache.catalina.core.ApplicationFilterChain.doFilter(ApplicationFilterChain.java:140)
	at org.springframework.web.filter.RequestContextFilter.doFilterInternal(RequestContextFilter.java:100)
	at org.springframework.web.filter.OncePerRequestFilter.doFilter(OncePerRequestFilter.java:116)
	at org.apache.catalina.core.ApplicationFilterChain.internalDoFilter(ApplicationFilterChain.java:164)
	at org.apache.catalina.core.ApplicationFilterChain.doFilter(ApplicationFilterChain.java:140)
	at org.springframework.web.filter.FormContentFilter.doFilterInternal(FormContentFilter.java:93)
	at org.springframework.web.filter.OncePerRequestFilter.doFilter(OncePerRequestFilter.java:116)
	at org.apache.catalina.core.ApplicationFilterChain.internalDoFilter(ApplicationFilterChain.java:164)
	at org.apache.catalina.core.ApplicationFilterChain.doFilter(ApplicationFilterChain.java:140)
	at org.springframework.web.filter.CharacterEncodingFilter.doFilterInternal(CharacterEncodingFilter.java:201)
	at org.springframework.web.filter.OncePerRequestFilter.doFilter(OncePerRequestFilter.java:116)
	at org.apache.catalina.core.ApplicationFilterChain.internalDoFilter(ApplicationFilterChain.java:164)
	at org.apache.catalina.core.ApplicationFilterChain.doFilter(ApplicationFilterChain.java:140)
	at org.apache.catalina.core.StandardWrapperValve.invoke(StandardWrapperValve.java:167)
	at org.apache.catalina.core.StandardContextValve.invoke(StandardContextValve.java:90)
	at org.apache.catalina.authenticator.AuthenticatorBase.invoke(AuthenticatorBase.java:483)
	at org.apache.catalina.core.StandardHostValve.invoke(StandardHostValve.java:115)
	at org.apache.catalina.valves.ErrorReportValve.invoke(ErrorReportValve.java:93)
	at org.apache.catalina.core.StandardEngineValve.invoke(StandardEngineValve.java:74)
	at org.apache.catalina.connector.CoyoteAdapter.service(CoyoteAdapter.java:344)
	at org.apache.coyote.http11.Http11Processor.service(Http11Processor.java:384)
	at org.apache.coyote.AbstractProcessorLight.process(AbstractProcessorLight.java:63)
	at org.apache.coyote.AbstractProtocol$ConnectionHandler.process(AbstractProtocol.java:905)
	at org.apache.tomcat.util.net.NioEndpoint$SocketProcessor.doRun(NioEndpoint.java:1741)
	at org.apache.tomcat.util.net.SocketProcessorBase.run(SocketProcessorBase.java:52)
	at org.apache.tomcat.util.threads.ThreadPoolExecutor.runWorker(ThreadPoolExecutor.java:1190)
	at org.apache.tomcat.util.threads.ThreadPoolExecutor$Worker.run(ThreadPoolExecutor.java:659)
	at org.apache.tomcat.util.threads.TaskThread$WrappingRunnable.run(TaskThread.java:63)
	at java.base/java.lang.Thread.run(Thread.java:840)
[2024-12-18 12:08:19 INFO restartedMain] [com.green.greengram.GreenGramSecurityApplication] Starting GreenGramSecurityApplication using Java 17.0.12 with PID 7248 (D:\LJM\GreenGramSecurity\build\classes\java\main started by Administrator in D:\LJM\GreenGramSecurity)
[2024-12-18 12:08:19 INFO restartedMain] [com.green.greengram.GreenGramSecurityApplication] No active profile set, falling back to 1 default profile: "default"
[2024-12-18 12:08:19 INFO restartedMain] [org.springframework.boot.devtools.env.DevToolsPropertyDefaultsPostProcessor] Devtools property defaults active! Set 'spring.devtools.add-properties' to 'false' to disable
[2024-12-18 12:08:19 INFO restartedMain] [org.springframework.boot.devtools.env.DevToolsPropertyDefaultsPostProcessor] For additional web related logging consider setting the 'logging.level.web' property to 'DEBUG'
[2024-12-18 12:08:19 INFO restartedMain] [org.springframework.boot.web.embedded.tomcat.TomcatWebServer] Tomcat initialized with port 8080 (http)
[2024-12-18 12:08:19 INFO restartedMain] [org.springframework.boot.web.servlet.context.ServletWebServerApplicationContext] Root WebApplicationContext: initialization completed in 868 ms
[2024-12-18 12:08:20 INFO restartedMain] [com.green.greengram.common.model.MyFileUtils] MyFileUtils - 생성자: D:/2024-02/download/greengram_ver3
[2024-12-18 12:08:20 WARN restartedMain] [org.springframework.boot.autoconfigure.security.servlet.UserDetailsServiceAutoConfiguration] 

Using generated security password: 75b188b0-6ae1-46cf-bdb7-3b1c74058109

This generated password is for development use only. Your security configuration must be updated before running your application in production.

[2024-12-18 12:08:20 INFO restartedMain] [org.springframework.security.config.annotation.authentication.configuration.InitializeUserDetailsBeanManagerConfigurer$InitializeUserDetailsManagerConfigurer] Global AuthenticationManager configured with UserDetailsService bean with name inMemoryUserDetailsManager
[2024-12-18 12:08:20 INFO restartedMain] [org.springframework.boot.devtools.autoconfigure.OptionalLiveReloadServer] LiveReload server is running on port 35729
[2024-12-18 12:08:20 INFO restartedMain] [org.springframework.boot.web.embedded.tomcat.TomcatWebServer] Tomcat started on port 8080 (http) with context path '/'
[2024-12-18 12:08:20 INFO restartedMain] [com.green.greengram.GreenGramSecurityApplication] Started GreenGramSecurityApplication in 1.873 seconds (process running for 2.215)
[2024-12-18 12:08:33 INFO http-nio-8080-exec-1] [org.springframework.web.servlet.DispatcherServlet] Initializing Servlet 'dispatcherServlet'
[2024-12-18 12:08:33 INFO http-nio-8080-exec-1] [org.springframework.web.servlet.DispatcherServlet] Completed initialization in 1 ms
[2024-12-18 12:08:33 ERRORhttp-nio-8080-exec-1] [org.apache.catalina.core.ContainerBase.[Tomcat].[localhost].[/].[dispatcherServlet]] Servlet.service() for servlet [dispatcherServlet] in context with path [] threw exception [Request processing failed: org.springframework.web.multipart.MultipartException: Failed to parse multipart servlet request] with root cause
org.apache.tomcat.util.http.fileupload.impl.InvalidContentTypeException: the request doesn't contain a multipart/form-data or multipart/mixed stream, content type header is application/json
	at org.apache.tomcat.util.http.fileupload.impl.FileItemIteratorImpl.init(FileItemIteratorImpl.java:151)
	at org.apache.tomcat.util.http.fileupload.impl.FileItemIteratorImpl.getMultiPartStream(FileItemIteratorImpl.java:205)
	at org.apache.tomcat.util.http.fileupload.impl.FileItemIteratorImpl.findNextItem(FileItemIteratorImpl.java:224)
	at org.apache.tomcat.util.http.fileupload.impl.FileItemIteratorImpl.<init>(FileItemIteratorImpl.java:142)
	at org.apache.tomcat.util.http.fileupload.FileUploadBase.getItemIterator(FileUploadBase.java:252)
	at org.apache.tomcat.util.http.fileupload.FileUploadBase.parseRequest(FileUploadBase.java:276)
	at org.apache.catalina.connector.Request.parseParts(Request.java:2587)
	at org.apache.catalina.connector.Request.getParts(Request.java:2487)
	at org.apache.catalina.connector.RequestFacade.getParts(RequestFacade.java:773)
	at jakarta.servlet.http.HttpServletRequestWrapper.getParts(HttpServletRequestWrapper.java:315)
	at jakarta.servlet.http.HttpServletRequestWrapper.getParts(HttpServletRequestWrapper.java:315)
	at jakarta.servlet.http.HttpServletRequestWrapper.getParts(HttpServletRequestWrapper.java:315)
	at org.springframework.web.multipart.support.StandardMultipartHttpServletRequest.parseRequest(StandardMultipartHttpServletRequest.java:94)
	at org.springframework.web.multipart.support.StandardMultipartHttpServletRequest.<init>(StandardMultipartHttpServletRequest.java:87)
	at org.springframework.web.multipart.support.StandardMultipartHttpServletRequest.<init>(StandardMultipartHttpServletRequest.java:71)
	at org.springframework.web.multipart.support.MultipartResolutionDelegate.asMultipartHttpServletRequest(MultipartResolutionDelegate.java:83)
	at org.springframework.web.multipart.support.RequestPartServletServerHttpRequest.<init>(RequestPartServletServerHttpRequest.java:68)
	at org.springframework.web.servlet.mvc.method.annotation.RequestPartMethodArgumentResolver.resolveArgument(RequestPartMethodArgumentResolver.java:140)
	at org.springframework.web.method.support.HandlerMethodArgumentResolverComposite.resolveArgument(HandlerMethodArgumentResolverComposite.java:122)
	at org.springframework.web.method.support.InvocableHandlerMethod.getMethodArgumentValues(InvocableHandlerMethod.java:224)
	at org.springframework.web.method.support.InvocableHandlerMethod.invokeForRequest(InvocableHandlerMethod.java:178)
	at org.springframework.web.servlet.mvc.method.annotation.ServletInvocableHandlerMethod.invokeAndHandle(ServletInvocableHandlerMethod.java:118)
	at org.springframework.web.servlet.mvc.method.annotation.RequestMappingHandlerAdapter.invokeHandlerMethod(RequestMappingHandlerAdapter.java:926)
	at org.springframework.web.servlet.mvc.method.annotation.RequestMappingHandlerAdapter.handleInternal(RequestMappingHandlerAdapter.java:831)
	at org.springframework.web.servlet.mvc.method.AbstractHandlerMethodAdapter.handle(AbstractHandlerMethodAdapter.java:87)
	at org.springframework.web.servlet.DispatcherServlet.doDispatch(DispatcherServlet.java:1089)
	at org.springframework.web.servlet.DispatcherServlet.doService(DispatcherServlet.java:979)
	at org.springframework.web.servlet.FrameworkServlet.processRequest(FrameworkServlet.java:1014)
	at org.springframework.web.servlet.FrameworkServlet.doPost(FrameworkServlet.java:914)
	at jakarta.servlet.http.HttpServlet.service(HttpServlet.java:590)
	at org.springframework.web.servlet.FrameworkServlet.service(FrameworkServlet.java:885)
	at jakarta.servlet.http.HttpServlet.service(HttpServlet.java:658)
	at org.apache.catalina.core.ApplicationFilterChain.internalDoFilter(ApplicationFilterChain.java:195)
	at org.apache.catalina.core.ApplicationFilterChain.doFilter(ApplicationFilterChain.java:140)
	at org.apache.tomcat.websocket.server.WsFilter.doFilter(WsFilter.java:51)
	at org.apache.catalina.core.ApplicationFilterChain.internalDoFilter(ApplicationFilterChain.java:164)
	at org.apache.catalina.core.ApplicationFilterChain.doFilter(ApplicationFilterChain.java:140)
	at com.green.greengram.common.IpLoggingFilter.doFilter(IpLoggingFilter.java:62)
	at org.apache.catalina.core.ApplicationFilterChain.internalDoFilter(ApplicationFilterChain.java:164)
	at org.apache.catalina.core.ApplicationFilterChain.doFilter(ApplicationFilterChain.java:140)
	at com.green.greengram.common.IpLoggingFilter.doFilter(IpLoggingFilter.java:62)
	at org.apache.catalina.core.ApplicationFilterChain.internalDoFilter(ApplicationFilterChain.java:164)
	at org.apache.catalina.core.ApplicationFilterChain.doFilter(ApplicationFilterChain.java:140)
	at org.springframework.web.filter.CompositeFilter$VirtualFilterChain.doFilter(CompositeFilter.java:108)
	at org.springframework.security.web.FilterChainProxy.lambda$doFilterInternal$3(FilterChainProxy.java:231)
	at org.springframework.security.web.FilterChainProxy$VirtualFilterChain.doFilter(FilterChainProxy.java:365)
	at org.springframework.security.web.access.intercept.AuthorizationFilter.doFilter(AuthorizationFilter.java:100)
	at org.springframework.security.web.FilterChainProxy$VirtualFilterChain.doFilter(FilterChainProxy.java:374)
	at org.springframework.security.web.access.ExceptionTranslationFilter.doFilter(ExceptionTranslationFilter.java:126)
	at org.springframework.security.web.access.ExceptionTranslationFilter.doFilter(ExceptionTranslationFilter.java:120)
	at org.springframework.security.web.FilterChainProxy$VirtualFilterChain.doFilter(FilterChainProxy.java:374)
	at org.springframework.security.web.session.SessionManagementFilter.doFilter(SessionManagementFilter.java:131)
	at org.springframework.security.web.session.SessionManagementFilter.doFilter(SessionManagementFilter.java:85)
	at org.springframework.security.web.FilterChainProxy$VirtualFilterChain.doFilter(FilterChainProxy.java:374)
	at org.springframework.security.web.authentication.AnonymousAuthenticationFilter.doFilter(AnonymousAuthenticationFilter.java:100)
	at org.springframework.security.web.FilterChainProxy$VirtualFilterChain.doFilter(FilterChainProxy.java:374)
	at org.springframework.security.web.servletapi.SecurityContextHolderAwareRequestFilter.doFilter(SecurityContextHolderAwareRequestFilter.java:179)
	at org.springframework.security.web.FilterChainProxy$VirtualFilterChain.doFilter(FilterChainProxy.java:374)
	at org.springframework.security.web.savedrequest.RequestCacheAwareFilter.doFilter(RequestCacheAwareFilter.java:63)
	at org.springframework.security.web.FilterChainProxy$VirtualFilterChain.doFilter(FilterChainProxy.java:374)
	at org.springframework.security.web.authentication.logout.LogoutFilter.doFilter(LogoutFilter.java:107)
	at org.springframework.security.web.authentication.logout.LogoutFilter.doFilter(LogoutFilter.java:93)
	at org.springframework.security.web.FilterChainProxy$VirtualFilterChain.doFilter(FilterChainProxy.java:374)
	at org.springframework.security.web.header.HeaderWriterFilter.doHeadersAfter(HeaderWriterFilter.java:90)
	at org.springframework.security.web.header.HeaderWriterFilter.doFilterInternal(HeaderWriterFilter.java:75)
	at org.springframework.web.filter.OncePerRequestFilter.doFilter(OncePerRequestFilter.java:116)
	at org.springframework.security.web.FilterChainProxy$VirtualFilterChain.doFilter(FilterChainProxy.java:374)
	at org.springframework.security.web.context.SecurityContextHolderFilter.doFilter(SecurityContextHolderFilter.java:82)
	at org.springframework.security.web.context.SecurityContextHolderFilter.doFilter(SecurityContextHolderFilter.java:69)
	at org.springframework.security.web.FilterChainProxy$VirtualFilterChain.doFilter(FilterChainProxy.java:374)
	at org.springframework.security.web.context.request.async.WebAsyncManagerIntegrationFilter.doFilterInternal(WebAsyncManagerIntegrationFilter.java:62)
	at org.springframework.web.filter.OncePerRequestFilter.doFilter(OncePerRequestFilter.java:116)
	at org.springframework.security.web.FilterChainProxy$VirtualFilterChain.doFilter(FilterChainProxy.java:374)
	at org.springframework.security.web.session.DisableEncodeUrlFilter.doFilterInternal(DisableEncodeUrlFilter.java:42)
	at org.springframework.web.filter.OncePerRequestFilter.doFilter(OncePerRequestFilter.java:116)
	at org.springframework.security.web.FilterChainProxy$VirtualFilterChain.doFilter(FilterChainProxy.java:374)
	at org.springframework.security.web.FilterChainProxy.doFilterInternal(FilterChainProxy.java:233)
	at org.springframework.security.web.FilterChainProxy.doFilter(FilterChainProxy.java:191)
	at org.springframework.web.filter.CompositeFilter$VirtualFilterChain.doFilter(CompositeFilter.java:113)
	at org.springframework.web.servlet.handler.HandlerMappingIntrospector.lambda$createCacheFilter$3(HandlerMappingIntrospector.java:195)
	at org.springframework.web.filter.CompositeFilter$VirtualFilterChain.doFilter(CompositeFilter.java:113)
	at org.springframework.web.filter.CompositeFilter.doFilter(CompositeFilter.java:74)
	at org.springframework.security.config.annotation.web.configuration.WebMvcSecurityConfiguration$CompositeFilterChainProxy.doFilter(WebMvcSecurityConfiguration.java:230)
	at org.springframework.web.filter.DelegatingFilterProxy.invokeDelegate(DelegatingFilterProxy.java:362)
	at org.springframework.web.filter.DelegatingFilterProxy.doFilter(DelegatingFilterProxy.java:278)
	at org.apache.catalina.core.ApplicationFilterChain.internalDoFilter(ApplicationFilterChain.java:164)
	at org.apache.catalina.core.ApplicationFilterChain.doFilter(ApplicationFilterChain.java:140)
	at org.springframework.web.filter.RequestContextFilter.doFilterInternal(RequestContextFilter.java:100)
	at org.springframework.web.filter.OncePerRequestFilter.doFilter(OncePerRequestFilter.java:116)
	at org.apache.catalina.core.ApplicationFilterChain.internalDoFilter(ApplicationFilterChain.java:164)
	at org.apache.catalina.core.ApplicationFilterChain.doFilter(ApplicationFilterChain.java:140)
	at org.springframework.web.filter.FormContentFilter.doFilterInternal(FormContentFilter.java:93)
	at org.springframework.web.filter.OncePerRequestFilter.doFilter(OncePerRequestFilter.java:116)
	at org.apache.catalina.core.ApplicationFilterChain.internalDoFilter(ApplicationFilterChain.java:164)
	at org.apache.catalina.core.ApplicationFilterChain.doFilter(ApplicationFilterChain.java:140)
	at org.springframework.web.filter.CharacterEncodingFilter.doFilterInternal(CharacterEncodingFilter.java:201)
	at org.springframework.web.filter.OncePerRequestFilter.doFilter(OncePerRequestFilter.java:116)
	at org.apache.catalina.core.ApplicationFilterChain.internalDoFilter(ApplicationFilterChain.java:164)
	at org.apache.catalina.core.ApplicationFilterChain.doFilter(ApplicationFilterChain.java:140)
	at org.apache.catalina.core.StandardWrapperValve.invoke(StandardWrapperValve.java:167)
	at org.apache.catalina.core.StandardContextValve.invoke(StandardContextValve.java:90)
	at org.apache.catalina.authenticator.AuthenticatorBase.invoke(AuthenticatorBase.java:483)
	at org.apache.catalina.core.StandardHostValve.invoke(StandardHostValve.java:115)
	at org.apache.catalina.valves.ErrorReportValve.invoke(ErrorReportValve.java:93)
	at org.apache.catalina.core.StandardEngineValve.invoke(StandardEngineValve.java:74)
	at org.apache.catalina.connector.CoyoteAdapter.service(CoyoteAdapter.java:344)
	at org.apache.coyote.http11.Http11Processor.service(Http11Processor.java:384)
	at org.apache.coyote.AbstractProcessorLight.process(AbstractProcessorLight.java:63)
	at org.apache.coyote.AbstractProtocol$ConnectionHandler.process(AbstractProtocol.java:905)
	at org.apache.tomcat.util.net.NioEndpoint$SocketProcessor.doRun(NioEndpoint.java:1741)
	at org.apache.tomcat.util.net.SocketProcessorBase.run(SocketProcessorBase.java:52)
	at org.apache.tomcat.util.threads.ThreadPoolExecutor.runWorker(ThreadPoolExecutor.java:1190)
	at org.apache.tomcat.util.threads.ThreadPoolExecutor$Worker.run(ThreadPoolExecutor.java:659)
	at org.apache.tomcat.util.threads.TaskThread$WrappingRunnable.run(TaskThread.java:63)
	at java.base/java.lang.Thread.run(Thread.java:840)
[2024-12-18 12:11:27 INFO File Watcher] [org.springframework.boot.devtools.autoconfigure.LocalDevToolsAutoConfiguration$RestartingClassPathChangeChangedEventListener] Restarting due to 27 class path changes (0 additions, 0 deletions, 27 modifications)
[2024-12-18 12:11:27 INFO restartedMain] [com.green.greengram.GreenGramSecurityApplication] Starting GreenGramSecurityApplication using Java 17.0.12 with PID 7248 (D:\LJM\GreenGramSecurity\build\classes\java\main started by Administrator in D:\LJM\GreenGramSecurity)
[2024-12-18 12:11:27 INFO restartedMain] [com.green.greengram.GreenGramSecurityApplication] No active profile set, falling back to 1 default profile: "default"
[2024-12-18 12:11:27 INFO restartedMain] [org.springframework.boot.web.embedded.tomcat.TomcatWebServer] Tomcat initialized with port 8080 (http)
[2024-12-18 12:11:27 INFO restartedMain] [org.springframework.boot.web.servlet.context.ServletWebServerApplicationContext] Root WebApplicationContext: initialization completed in 240 ms
[2024-12-18 12:11:27 WARN restartedMain] [org.springframework.boot.web.servlet.context.AnnotationConfigServletWebServerApplicationContext] Exception encountered during context initialization - cancelling refresh attempt: org.springframework.beans.factory.BeanCreationException: Error creating bean with name 'constants': Injection of autowired dependencies failed
[2024-12-18 12:11:27 INFO restartedMain] [org.springframework.boot.autoconfigure.logging.ConditionEvaluationReportLogger] 

Error starting ApplicationContext. To display the condition evaluation report re-run your application with 'debug' enabled.
[2024-12-18 12:11:27 ERRORrestartedMain] [org.springframework.boot.SpringApplication] Application run failed
org.springframework.beans.factory.BeanCreationException: Error creating bean with name 'constants': Injection of autowired dependencies failed
	at org.springframework.beans.factory.annotation.AutowiredAnnotationBeanPostProcessor.postProcessProperties(AutowiredAnnotationBeanPostProcessor.java:515)
	at org.springframework.beans.factory.support.AbstractAutowireCapableBeanFactory.populateBean(AbstractAutowireCapableBeanFactory.java:1439)
	at org.springframework.beans.factory.support.AbstractAutowireCapableBeanFactory.doCreateBean(AbstractAutowireCapableBeanFactory.java:599)
	at org.springframework.beans.factory.support.AbstractAutowireCapableBeanFactory.createBean(AbstractAutowireCapableBeanFactory.java:522)
	at org.springframework.beans.factory.support.AbstractBeanFactory.lambda$doGetBean$0(AbstractBeanFactory.java:337)
	at org.springframework.beans.factory.support.DefaultSingletonBeanRegistry.getSingleton(DefaultSingletonBeanRegistry.java:234)
	at org.springframework.beans.factory.support.AbstractBeanFactory.doGetBean(AbstractBeanFactory.java:335)
	at org.springframework.beans.factory.support.AbstractBeanFactory.getBean(AbstractBeanFactory.java:200)
	at org.springframework.beans.factory.support.DefaultListableBeanFactory.preInstantiateSingletons(DefaultListableBeanFactory.java:975)
	at org.springframework.context.support.AbstractApplicationContext.finishBeanFactoryInitialization(AbstractApplicationContext.java:971)
	at org.springframework.context.support.AbstractApplicationContext.refresh(AbstractApplicationContext.java:625)
	at org.springframework.boot.web.servlet.context.ServletWebServerApplicationContext.refresh(ServletWebServerApplicationContext.java:146)
	at org.springframework.boot.SpringApplication.refresh(SpringApplication.java:754)
	at org.springframework.boot.SpringApplication.refreshContext(SpringApplication.java:456)
	at org.springframework.boot.SpringApplication.run(SpringApplication.java:335)
	at org.springframework.boot.SpringApplication.run(SpringApplication.java:1363)
	at org.springframework.boot.SpringApplication.run(SpringApplication.java:1352)
	at com.green.greengram.GreenGramSecurityApplication.main(GreenGramSecurityApplication.java:14)
	at java.base/jdk.internal.reflect.NativeMethodAccessorImpl.invoke0(Native Method)
	at java.base/jdk.internal.reflect.NativeMethodAccessorImpl.invoke(NativeMethodAccessorImpl.java:77)
	at java.base/jdk.internal.reflect.DelegatingMethodAccessorImpl.invoke(DelegatingMethodAccessorImpl.java:43)
	at java.base/java.lang.reflect.Method.invoke(Method.java:569)
	at org.springframework.boot.devtools.restart.RestartLauncher.run(RestartLauncher.java:50)
Caused by: java.lang.IllegalArgumentException: Could not resolve placeholder 'const.default-page-size' in value "${const.default-page-size}"
	at org.springframework.util.PropertyPlaceholderHelper.parseStringValue(PropertyPlaceholderHelper.java:180)
	at org.springframework.util.PropertyPlaceholderHelper.replacePlaceholders(PropertyPlaceholderHelper.java:126)
	at org.springframework.core.env.AbstractPropertyResolver.doResolvePlaceholders(AbstractPropertyResolver.java:239)
	at org.springframework.core.env.AbstractPropertyResolver.resolveRequiredPlaceholders(AbstractPropertyResolver.java:210)
	at org.springframework.context.support.PropertySourcesPlaceholderConfigurer.lambda$processProperties$0(PropertySourcesPlaceholderConfigurer.java:200)
	at org.springframework.beans.factory.support.AbstractBeanFactory.resolveEmbeddedValue(AbstractBeanFactory.java:964)
	at org.springframework.beans.factory.support.DefaultListableBeanFactory.doResolveDependency(DefaultListableBeanFactory.java:1374)
	at org.springframework.beans.factory.support.DefaultListableBeanFactory.resolveDependency(DefaultListableBeanFactory.java:1353)
	at org.springframework.beans.factory.annotation.AutowiredAnnotationBeanPostProcessor$AutowiredMethodElement.resolveMethodArguments(AutowiredAnnotationBeanPostProcessor.java:888)
	at org.springframework.beans.factory.annotation.AutowiredAnnotationBeanPostProcessor$AutowiredMethodElement.inject(AutowiredAnnotationBeanPostProcessor.java:849)
	at org.springframework.beans.factory.annotation.InjectionMetadata.inject(InjectionMetadata.java:145)
	at org.springframework.beans.factory.annotation.AutowiredAnnotationBeanPostProcessor.postProcessProperties(AutowiredAnnotationBeanPostProcessor.java:509)
	... 22 common frames omitted
[2024-12-18 12:11:43 INFO restartedMain] [com.green.greengram.GreenGramSecurityApplication] Starting GreenGramSecurityApplication using Java 17.0.12 with PID 6676 (D:\LJM\GreenGramSecurity\build\classes\java\main started by Administrator in D:\LJM\GreenGramSecurity)
[2024-12-18 12:11:43 INFO restartedMain] [com.green.greengram.GreenGramSecurityApplication] No active profile set, falling back to 1 default profile: "default"
[2024-12-18 12:11:43 INFO restartedMain] [org.springframework.boot.devtools.env.DevToolsPropertyDefaultsPostProcessor] Devtools property defaults active! Set 'spring.devtools.add-properties' to 'false' to disable
[2024-12-18 12:11:43 INFO restartedMain] [org.springframework.boot.devtools.env.DevToolsPropertyDefaultsPostProcessor] For additional web related logging consider setting the 'logging.level.web' property to 'DEBUG'
[2024-12-18 12:11:43 INFO restartedMain] [org.springframework.boot.web.embedded.tomcat.TomcatWebServer] Tomcat initialized with port 8080 (http)
[2024-12-18 12:11:43 INFO restartedMain] [org.apache.coyote.http11.Http11NioProtocol] Initializing ProtocolHandler ["http-nio-8080"]
[2024-12-18 12:11:43 INFO restartedMain] [org.apache.catalina.core.StandardService] Starting service [Tomcat]
[2024-12-18 12:11:43 INFO restartedMain] [org.apache.catalina.core.StandardEngine] Starting Servlet engine: [Apache Tomcat/10.1.31]
[2024-12-18 12:11:44 INFO restartedMain] [org.apache.catalina.core.ContainerBase.[Tomcat].[localhost].[/]] Initializing Spring embedded WebApplicationContext
[2024-12-18 12:11:44 INFO restartedMain] [org.springframework.boot.web.servlet.context.ServletWebServerApplicationContext] Root WebApplicationContext: initialization completed in 851 ms
[2024-12-18 12:11:44 INFO restartedMain] [com.green.greengram.common.model.MyFileUtils] MyFileUtils - 생성자: D:/2024-02/download/greengram_ver3
[2024-12-18 12:11:44 WARN restartedMain] [org.springframework.boot.autoconfigure.security.servlet.UserDetailsServiceAutoConfiguration] 

Using generated security password: 27cdc549-09fc-4e2d-91d3-60c732ba5afe

This generated password is for development use only. Your security configuration must be updated before running your application in production.

[2024-12-18 12:11:44 INFO restartedMain] [org.springframework.security.config.annotation.authentication.configuration.InitializeUserDetailsBeanManagerConfigurer$InitializeUserDetailsManagerConfigurer] Global AuthenticationManager configured with UserDetailsService bean with name inMemoryUserDetailsManager
[2024-12-18 12:11:44 INFO restartedMain] [org.springframework.boot.autoconfigure.web.servlet.WelcomePageHandlerMapping] Adding welcome page: class path resource [static/index.html]
[2024-12-18 12:11:44 INFO restartedMain] [org.springframework.boot.devtools.autoconfigure.OptionalLiveReloadServer] LiveReload server is running on port 35729
[2024-12-18 12:11:44 INFO restartedMain] [org.apache.coyote.http11.Http11NioProtocol] Starting ProtocolHandler ["http-nio-8080"]
[2024-12-18 12:11:44 INFO restartedMain] [org.springframework.boot.web.embedded.tomcat.TomcatWebServer] Tomcat started on port 8080 (http) with context path '/'
[2024-12-18 12:11:44 INFO restartedMain] [com.green.greengram.GreenGramSecurityApplication] Started GreenGramSecurityApplication in 1.868 seconds (process running for 2.217)
[2024-12-18 12:11:56 INFO http-nio-8080-exec-1] [org.apache.catalina.core.ContainerBase.[Tomcat].[localhost].[/]] Initializing Spring DispatcherServlet 'dispatcherServlet'
[2024-12-18 12:11:56 INFO http-nio-8080-exec-1] [org.springframework.web.servlet.DispatcherServlet] Initializing Servlet 'dispatcherServlet'
[2024-12-18 12:11:56 INFO http-nio-8080-exec-1] [org.springframework.web.servlet.DispatcherServlet] Completed initialization in 1 ms
[2024-12-18 12:12:01 INFO http-nio-8080-exec-7] [org.springdoc.api.AbstractOpenApiResource] Init duration for springdoc-openapi is: 221 ms
[2024-12-18 12:13:08 ERRORhttp-nio-8080-exec-5] [org.apache.catalina.core.ContainerBase.[Tomcat].[localhost].[/].[dispatcherServlet]] Servlet.service() for servlet [dispatcherServlet] in context with path [] threw exception [Request processing failed: org.springframework.web.multipart.MultipartException: Failed to parse multipart servlet request] with root cause
org.apache.tomcat.util.http.fileupload.impl.InvalidContentTypeException: the request doesn't contain a multipart/form-data or multipart/mixed stream, content type header is application/json
	at org.apache.tomcat.util.http.fileupload.impl.FileItemIteratorImpl.init(FileItemIteratorImpl.java:151)
	at org.apache.tomcat.util.http.fileupload.impl.FileItemIteratorImpl.getMultiPartStream(FileItemIteratorImpl.java:205)
	at org.apache.tomcat.util.http.fileupload.impl.FileItemIteratorImpl.findNextItem(FileItemIteratorImpl.java:224)
	at org.apache.tomcat.util.http.fileupload.impl.FileItemIteratorImpl.<init>(FileItemIteratorImpl.java:142)
	at org.apache.tomcat.util.http.fileupload.FileUploadBase.getItemIterator(FileUploadBase.java:252)
	at org.apache.tomcat.util.http.fileupload.FileUploadBase.parseRequest(FileUploadBase.java:276)
	at org.apache.catalina.connector.Request.parseParts(Request.java:2587)
	at org.apache.catalina.connector.Request.getParts(Request.java:2487)
	at org.apache.catalina.connector.RequestFacade.getParts(RequestFacade.java:773)
	at jakarta.servlet.http.HttpServletRequestWrapper.getParts(HttpServletRequestWrapper.java:315)
	at jakarta.servlet.http.HttpServletRequestWrapper.getParts(HttpServletRequestWrapper.java:315)
	at jakarta.servlet.http.HttpServletRequestWrapper.getParts(HttpServletRequestWrapper.java:315)
	at org.springframework.web.multipart.support.StandardMultipartHttpServletRequest.parseRequest(StandardMultipartHttpServletRequest.java:94)
	at org.springframework.web.multipart.support.StandardMultipartHttpServletRequest.<init>(StandardMultipartHttpServletRequest.java:87)
	at org.springframework.web.multipart.support.StandardMultipartHttpServletRequest.<init>(StandardMultipartHttpServletRequest.java:71)
	at org.springframework.web.multipart.support.MultipartResolutionDelegate.asMultipartHttpServletRequest(MultipartResolutionDelegate.java:83)
	at org.springframework.web.multipart.support.RequestPartServletServerHttpRequest.<init>(RequestPartServletServerHttpRequest.java:68)
	at org.springframework.web.servlet.mvc.method.annotation.RequestPartMethodArgumentResolver.resolveArgument(RequestPartMethodArgumentResolver.java:140)
	at org.springframework.web.method.support.HandlerMethodArgumentResolverComposite.resolveArgument(HandlerMethodArgumentResolverComposite.java:122)
	at org.springframework.web.method.support.InvocableHandlerMethod.getMethodArgumentValues(InvocableHandlerMethod.java:224)
	at org.springframework.web.method.support.InvocableHandlerMethod.invokeForRequest(InvocableHandlerMethod.java:178)
	at org.springframework.web.servlet.mvc.method.annotation.ServletInvocableHandlerMethod.invokeAndHandle(ServletInvocableHandlerMethod.java:118)
	at org.springframework.web.servlet.mvc.method.annotation.RequestMappingHandlerAdapter.invokeHandlerMethod(RequestMappingHandlerAdapter.java:926)
	at org.springframework.web.servlet.mvc.method.annotation.RequestMappingHandlerAdapter.handleInternal(RequestMappingHandlerAdapter.java:831)
	at org.springframework.web.servlet.mvc.method.AbstractHandlerMethodAdapter.handle(AbstractHandlerMethodAdapter.java:87)
	at org.springframework.web.servlet.DispatcherServlet.doDispatch(DispatcherServlet.java:1089)
	at org.springframework.web.servlet.DispatcherServlet.doService(DispatcherServlet.java:979)
	at org.springframework.web.servlet.FrameworkServlet.processRequest(FrameworkServlet.java:1014)
	at org.springframework.web.servlet.FrameworkServlet.doPost(FrameworkServlet.java:914)
	at jakarta.servlet.http.HttpServlet.service(HttpServlet.java:590)
	at org.springframework.web.servlet.FrameworkServlet.service(FrameworkServlet.java:885)
	at jakarta.servlet.http.HttpServlet.service(HttpServlet.java:658)
	at org.apache.catalina.core.ApplicationFilterChain.internalDoFilter(ApplicationFilterChain.java:195)
	at org.apache.catalina.core.ApplicationFilterChain.doFilter(ApplicationFilterChain.java:140)
	at org.apache.tomcat.websocket.server.WsFilter.doFilter(WsFilter.java:51)
	at org.apache.catalina.core.ApplicationFilterChain.internalDoFilter(ApplicationFilterChain.java:164)
	at org.apache.catalina.core.ApplicationFilterChain.doFilter(ApplicationFilterChain.java:140)
	at com.green.greengram.common.IpLoggingFilter.doFilter(IpLoggingFilter.java:62)
	at org.apache.catalina.core.ApplicationFilterChain.internalDoFilter(ApplicationFilterChain.java:164)
	at org.apache.catalina.core.ApplicationFilterChain.doFilter(ApplicationFilterChain.java:140)
	at com.green.greengram.common.IpLoggingFilter.doFilter(IpLoggingFilter.java:62)
	at org.apache.catalina.core.ApplicationFilterChain.internalDoFilter(ApplicationFilterChain.java:164)
	at org.apache.catalina.core.ApplicationFilterChain.doFilter(ApplicationFilterChain.java:140)
	at org.springframework.web.filter.CompositeFilter$VirtualFilterChain.doFilter(CompositeFilter.java:108)
	at org.springframework.security.web.FilterChainProxy.lambda$doFilterInternal$3(FilterChainProxy.java:231)
	at org.springframework.security.web.FilterChainProxy$VirtualFilterChain.doFilter(FilterChainProxy.java:365)
	at org.springframework.security.web.access.intercept.AuthorizationFilter.doFilter(AuthorizationFilter.java:100)
	at org.springframework.security.web.FilterChainProxy$VirtualFilterChain.doFilter(FilterChainProxy.java:374)
	at org.springframework.security.web.access.ExceptionTranslationFilter.doFilter(ExceptionTranslationFilter.java:126)
	at org.springframework.security.web.access.ExceptionTranslationFilter.doFilter(ExceptionTranslationFilter.java:120)
	at org.springframework.security.web.FilterChainProxy$VirtualFilterChain.doFilter(FilterChainProxy.java:374)
	at org.springframework.security.web.session.SessionManagementFilter.doFilter(SessionManagementFilter.java:131)
	at org.springframework.security.web.session.SessionManagementFilter.doFilter(SessionManagementFilter.java:85)
	at org.springframework.security.web.FilterChainProxy$VirtualFilterChain.doFilter(FilterChainProxy.java:374)
	at org.springframework.security.web.authentication.AnonymousAuthenticationFilter.doFilter(AnonymousAuthenticationFilter.java:100)
	at org.springframework.security.web.FilterChainProxy$VirtualFilterChain.doFilter(FilterChainProxy.java:374)
	at org.springframework.security.web.servletapi.SecurityContextHolderAwareRequestFilter.doFilter(SecurityContextHolderAwareRequestFilter.java:179)
	at org.springframework.security.web.FilterChainProxy$VirtualFilterChain.doFilter(FilterChainProxy.java:374)
	at org.springframework.security.web.savedrequest.RequestCacheAwareFilter.doFilter(RequestCacheAwareFilter.java:63)
	at org.springframework.security.web.FilterChainProxy$VirtualFilterChain.doFilter(FilterChainProxy.java:374)
	at org.springframework.security.web.authentication.logout.LogoutFilter.doFilter(LogoutFilter.java:107)
	at org.springframework.security.web.authentication.logout.LogoutFilter.doFilter(LogoutFilter.java:93)
	at org.springframework.security.web.FilterChainProxy$VirtualFilterChain.doFilter(FilterChainProxy.java:374)
	at org.springframework.security.web.header.HeaderWriterFilter.doHeadersAfter(HeaderWriterFilter.java:90)
	at org.springframework.security.web.header.HeaderWriterFilter.doFilterInternal(HeaderWriterFilter.java:75)
	at org.springframework.web.filter.OncePerRequestFilter.doFilter(OncePerRequestFilter.java:116)
	at org.springframework.security.web.FilterChainProxy$VirtualFilterChain.doFilter(FilterChainProxy.java:374)
	at org.springframework.security.web.context.SecurityContextHolderFilter.doFilter(SecurityContextHolderFilter.java:82)
	at org.springframework.security.web.context.SecurityContextHolderFilter.doFilter(SecurityContextHolderFilter.java:69)
	at org.springframework.security.web.FilterChainProxy$VirtualFilterChain.doFilter(FilterChainProxy.java:374)
	at org.springframework.security.web.context.request.async.WebAsyncManagerIntegrationFilter.doFilterInternal(WebAsyncManagerIntegrationFilter.java:62)
	at org.springframework.web.filter.OncePerRequestFilter.doFilter(OncePerRequestFilter.java:116)
	at org.springframework.security.web.FilterChainProxy$VirtualFilterChain.doFilter(FilterChainProxy.java:374)
	at org.springframework.security.web.session.DisableEncodeUrlFilter.doFilterInternal(DisableEncodeUrlFilter.java:42)
	at org.springframework.web.filter.OncePerRequestFilter.doFilter(OncePerRequestFilter.java:116)
	at org.springframework.security.web.FilterChainProxy$VirtualFilterChain.doFilter(FilterChainProxy.java:374)
	at org.springframework.security.web.FilterChainProxy.doFilterInternal(FilterChainProxy.java:233)
	at org.springframework.security.web.FilterChainProxy.doFilter(FilterChainProxy.java:191)
	at org.springframework.web.filter.CompositeFilter$VirtualFilterChain.doFilter(CompositeFilter.java:113)
	at org.springframework.web.servlet.handler.HandlerMappingIntrospector.lambda$createCacheFilter$3(HandlerMappingIntrospector.java:195)
	at org.springframework.web.filter.CompositeFilter$VirtualFilterChain.doFilter(CompositeFilter.java:113)
	at org.springframework.web.filter.CompositeFilter.doFilter(CompositeFilter.java:74)
	at org.springframework.security.config.annotation.web.configuration.WebMvcSecurityConfiguration$CompositeFilterChainProxy.doFilter(WebMvcSecurityConfiguration.java:230)
	at org.springframework.web.filter.DelegatingFilterProxy.invokeDelegate(DelegatingFilterProxy.java:362)
	at org.springframework.web.filter.DelegatingFilterProxy.doFilter(DelegatingFilterProxy.java:278)
	at org.apache.catalina.core.ApplicationFilterChain.internalDoFilter(ApplicationFilterChain.java:164)
	at org.apache.catalina.core.ApplicationFilterChain.doFilter(ApplicationFilterChain.java:140)
	at org.springframework.web.filter.RequestContextFilter.doFilterInternal(RequestContextFilter.java:100)
	at org.springframework.web.filter.OncePerRequestFilter.doFilter(OncePerRequestFilter.java:116)
	at org.apache.catalina.core.ApplicationFilterChain.internalDoFilter(ApplicationFilterChain.java:164)
	at org.apache.catalina.core.ApplicationFilterChain.doFilter(ApplicationFilterChain.java:140)
	at org.springframework.web.filter.FormContentFilter.doFilterInternal(FormContentFilter.java:93)
	at org.springframework.web.filter.OncePerRequestFilter.doFilter(OncePerRequestFilter.java:116)
	at org.apache.catalina.core.ApplicationFilterChain.internalDoFilter(ApplicationFilterChain.java:164)
	at org.apache.catalina.core.ApplicationFilterChain.doFilter(ApplicationFilterChain.java:140)
	at org.springframework.web.filter.CharacterEncodingFilter.doFilterInternal(CharacterEncodingFilter.java:201)
	at org.springframework.web.filter.OncePerRequestFilter.doFilter(OncePerRequestFilter.java:116)
	at org.apache.catalina.core.ApplicationFilterChain.internalDoFilter(ApplicationFilterChain.java:164)
	at org.apache.catalina.core.ApplicationFilterChain.doFilter(ApplicationFilterChain.java:140)
	at org.apache.catalina.core.StandardWrapperValve.invoke(StandardWrapperValve.java:167)
	at org.apache.catalina.core.StandardContextValve.invoke(StandardContextValve.java:90)
	at org.apache.catalina.authenticator.AuthenticatorBase.invoke(AuthenticatorBase.java:483)
	at org.apache.catalina.core.StandardHostValve.invoke(StandardHostValve.java:115)
	at org.apache.catalina.valves.ErrorReportValve.invoke(ErrorReportValve.java:93)
	at org.apache.catalina.core.StandardEngineValve.invoke(StandardEngineValve.java:74)
	at org.apache.catalina.connector.CoyoteAdapter.service(CoyoteAdapter.java:344)
	at org.apache.coyote.http11.Http11Processor.service(Http11Processor.java:384)
	at org.apache.coyote.AbstractProcessorLight.process(AbstractProcessorLight.java:63)
	at org.apache.coyote.AbstractProtocol$ConnectionHandler.process(AbstractProtocol.java:905)
	at org.apache.tomcat.util.net.NioEndpoint$SocketProcessor.doRun(NioEndpoint.java:1741)
	at org.apache.tomcat.util.net.SocketProcessorBase.run(SocketProcessorBase.java:52)
	at org.apache.tomcat.util.threads.ThreadPoolExecutor.runWorker(ThreadPoolExecutor.java:1190)
	at org.apache.tomcat.util.threads.ThreadPoolExecutor$Worker.run(ThreadPoolExecutor.java:659)
	at org.apache.tomcat.util.threads.TaskThread$WrappingRunnable.run(TaskThread.java:63)
	at java.base/java.lang.Thread.run(Thread.java:840)
[2024-12-18 12:17:38 INFO restartedMain] [com.green.greengram.GreenGramSecurityApplication] Starting GreenGramSecurityApplication using Java 17.0.12 with PID 6664 (D:\LJM\GreenGramSecurity\build\classes\java\main started by Administrator in D:\LJM\GreenGramSecurity)
[2024-12-18 12:17:38 INFO restartedMain] [com.green.greengram.GreenGramSecurityApplication] No active profile set, falling back to 1 default profile: "default"
[2024-12-18 12:17:38 INFO restartedMain] [org.springframework.boot.devtools.env.DevToolsPropertyDefaultsPostProcessor] Devtools property defaults active! Set 'spring.devtools.add-properties' to 'false' to disable
[2024-12-18 12:17:38 INFO restartedMain] [org.springframework.boot.devtools.env.DevToolsPropertyDefaultsPostProcessor] For additional web related logging consider setting the 'logging.level.web' property to 'DEBUG'
[2024-12-18 12:17:38 INFO restartedMain] [org.springframework.boot.web.embedded.tomcat.TomcatWebServer] Tomcat initialized with port 8080 (http)
[2024-12-18 12:17:38 INFO restartedMain] [org.apache.coyote.http11.Http11NioProtocol] Initializing ProtocolHandler ["http-nio-8080"]
[2024-12-18 12:17:38 INFO restartedMain] [org.apache.catalina.core.StandardService] Starting service [Tomcat]
[2024-12-18 12:17:38 INFO restartedMain] [org.apache.catalina.core.StandardEngine] Starting Servlet engine: [Apache Tomcat/10.1.31]
[2024-12-18 12:17:38 INFO restartedMain] [org.apache.catalina.core.ContainerBase.[Tomcat].[localhost].[/]] Initializing Spring embedded WebApplicationContext
[2024-12-18 12:17:38 INFO restartedMain] [org.springframework.boot.web.servlet.context.ServletWebServerApplicationContext] Root WebApplicationContext: initialization completed in 853 ms
[2024-12-18 12:17:38 INFO restartedMain] [com.green.greengram.common.model.MyFileUtils] MyFileUtils - 생성자: D:/2024-02/download/greengram_ver3
[2024-12-18 12:17:39 WARN restartedMain] [org.springframework.boot.autoconfigure.security.servlet.UserDetailsServiceAutoConfiguration] 

Using generated security password: 26f72835-9124-47f9-9ddd-121f6853c4fc

This generated password is for development use only. Your security configuration must be updated before running your application in production.

[2024-12-18 12:17:39 INFO restartedMain] [org.springframework.security.config.annotation.authentication.configuration.InitializeUserDetailsBeanManagerConfigurer$InitializeUserDetailsManagerConfigurer] Global AuthenticationManager configured with UserDetailsService bean with name inMemoryUserDetailsManager
[2024-12-18 12:17:39 INFO restartedMain] [org.springframework.boot.autoconfigure.web.servlet.WelcomePageHandlerMapping] Adding welcome page: class path resource [static/index.html]
[2024-12-18 12:17:39 INFO restartedMain] [org.springframework.boot.devtools.autoconfigure.OptionalLiveReloadServer] LiveReload server is running on port 35729
[2024-12-18 12:17:39 INFO restartedMain] [org.apache.coyote.http11.Http11NioProtocol] Starting ProtocolHandler ["http-nio-8080"]
[2024-12-18 12:17:39 INFO restartedMain] [org.springframework.boot.web.embedded.tomcat.TomcatWebServer] Tomcat started on port 8080 (http) with context path '/'
[2024-12-18 12:17:39 INFO restartedMain] [com.green.greengram.GreenGramSecurityApplication] Started GreenGramSecurityApplication in 1.886 seconds (process running for 2.221)
[2024-12-18 12:17:47 INFO http-nio-8080-exec-1] [org.apache.catalina.core.ContainerBase.[Tomcat].[localhost].[/]] Initializing Spring DispatcherServlet 'dispatcherServlet'
[2024-12-18 12:17:47 INFO http-nio-8080-exec-1] [org.springframework.web.servlet.DispatcherServlet] Initializing Servlet 'dispatcherServlet'
[2024-12-18 12:17:47 INFO http-nio-8080-exec-1] [org.springframework.web.servlet.DispatcherServlet] Completed initialization in 1 ms
[2024-12-18 12:17:54 INFO http-nio-8080-exec-8] [org.springdoc.api.AbstractOpenApiResource] Init duration for springdoc-openapi is: 208 ms
[2024-12-18 12:18:09 ERRORhttp-nio-8080-exec-9] [org.apache.catalina.core.ContainerBase.[Tomcat].[localhost].[/].[dispatcherServlet]] Servlet.service() for servlet [dispatcherServlet] in context with path [] threw exception [Request processing failed: org.springframework.web.multipart.MultipartException: Failed to parse multipart servlet request] with root cause
org.apache.tomcat.util.http.fileupload.impl.InvalidContentTypeException: the request doesn't contain a multipart/form-data or multipart/mixed stream, content type header is application/json
	at org.apache.tomcat.util.http.fileupload.impl.FileItemIteratorImpl.init(FileItemIteratorImpl.java:151)
	at org.apache.tomcat.util.http.fileupload.impl.FileItemIteratorImpl.getMultiPartStream(FileItemIteratorImpl.java:205)
	at org.apache.tomcat.util.http.fileupload.impl.FileItemIteratorImpl.findNextItem(FileItemIteratorImpl.java:224)
	at org.apache.tomcat.util.http.fileupload.impl.FileItemIteratorImpl.<init>(FileItemIteratorImpl.java:142)
	at org.apache.tomcat.util.http.fileupload.FileUploadBase.getItemIterator(FileUploadBase.java:252)
	at org.apache.tomcat.util.http.fileupload.FileUploadBase.parseRequest(FileUploadBase.java:276)
	at org.apache.catalina.connector.Request.parseParts(Request.java:2587)
	at org.apache.catalina.connector.Request.getParts(Request.java:2487)
	at org.apache.catalina.connector.RequestFacade.getParts(RequestFacade.java:773)
	at jakarta.servlet.http.HttpServletRequestWrapper.getParts(HttpServletRequestWrapper.java:315)
	at jakarta.servlet.http.HttpServletRequestWrapper.getParts(HttpServletRequestWrapper.java:315)
	at jakarta.servlet.http.HttpServletRequestWrapper.getParts(HttpServletRequestWrapper.java:315)
	at org.springframework.web.multipart.support.StandardMultipartHttpServletRequest.parseRequest(StandardMultipartHttpServletRequest.java:94)
	at org.springframework.web.multipart.support.StandardMultipartHttpServletRequest.<init>(StandardMultipartHttpServletRequest.java:87)
	at org.springframework.web.multipart.support.StandardMultipartHttpServletRequest.<init>(StandardMultipartHttpServletRequest.java:71)
	at org.springframework.web.multipart.support.MultipartResolutionDelegate.asMultipartHttpServletRequest(MultipartResolutionDelegate.java:83)
	at org.springframework.web.multipart.support.RequestPartServletServerHttpRequest.<init>(RequestPartServletServerHttpRequest.java:68)
	at org.springframework.web.servlet.mvc.method.annotation.RequestPartMethodArgumentResolver.resolveArgument(RequestPartMethodArgumentResolver.java:140)
	at org.springframework.web.method.support.HandlerMethodArgumentResolverComposite.resolveArgument(HandlerMethodArgumentResolverComposite.java:122)
	at org.springframework.web.method.support.InvocableHandlerMethod.getMethodArgumentValues(InvocableHandlerMethod.java:224)
	at org.springframework.web.method.support.InvocableHandlerMethod.invokeForRequest(InvocableHandlerMethod.java:178)
	at org.springframework.web.servlet.mvc.method.annotation.ServletInvocableHandlerMethod.invokeAndHandle(ServletInvocableHandlerMethod.java:118)
	at org.springframework.web.servlet.mvc.method.annotation.RequestMappingHandlerAdapter.invokeHandlerMethod(RequestMappingHandlerAdapter.java:926)
	at org.springframework.web.servlet.mvc.method.annotation.RequestMappingHandlerAdapter.handleInternal(RequestMappingHandlerAdapter.java:831)
	at org.springframework.web.servlet.mvc.method.AbstractHandlerMethodAdapter.handle(AbstractHandlerMethodAdapter.java:87)
	at org.springframework.web.servlet.DispatcherServlet.doDispatch(DispatcherServlet.java:1089)
	at org.springframework.web.servlet.DispatcherServlet.doService(DispatcherServlet.java:979)
	at org.springframework.web.servlet.FrameworkServlet.processRequest(FrameworkServlet.java:1014)
	at org.springframework.web.servlet.FrameworkServlet.doPost(FrameworkServlet.java:914)
	at jakarta.servlet.http.HttpServlet.service(HttpServlet.java:590)
	at org.springframework.web.servlet.FrameworkServlet.service(FrameworkServlet.java:885)
	at jakarta.servlet.http.HttpServlet.service(HttpServlet.java:658)
	at org.apache.catalina.core.ApplicationFilterChain.internalDoFilter(ApplicationFilterChain.java:195)
	at org.apache.catalina.core.ApplicationFilterChain.doFilter(ApplicationFilterChain.java:140)
	at org.apache.tomcat.websocket.server.WsFilter.doFilter(WsFilter.java:51)
	at org.apache.catalina.core.ApplicationFilterChain.internalDoFilter(ApplicationFilterChain.java:164)
	at org.apache.catalina.core.ApplicationFilterChain.doFilter(ApplicationFilterChain.java:140)
	at com.green.greengram.common.IpLoggingFilter.doFilter(IpLoggingFilter.java:62)
	at org.apache.catalina.core.ApplicationFilterChain.internalDoFilter(ApplicationFilterChain.java:164)
	at org.apache.catalina.core.ApplicationFilterChain.doFilter(ApplicationFilterChain.java:140)
	at com.green.greengram.common.IpLoggingFilter.doFilter(IpLoggingFilter.java:62)
	at org.apache.catalina.core.ApplicationFilterChain.internalDoFilter(ApplicationFilterChain.java:164)
	at org.apache.catalina.core.ApplicationFilterChain.doFilter(ApplicationFilterChain.java:140)
	at org.springframework.web.filter.CompositeFilter$VirtualFilterChain.doFilter(CompositeFilter.java:108)
	at org.springframework.security.web.FilterChainProxy.lambda$doFilterInternal$3(FilterChainProxy.java:231)
	at org.springframework.security.web.FilterChainProxy$VirtualFilterChain.doFilter(FilterChainProxy.java:365)
	at org.springframework.security.web.access.intercept.AuthorizationFilter.doFilter(AuthorizationFilter.java:100)
	at org.springframework.security.web.FilterChainProxy$VirtualFilterChain.doFilter(FilterChainProxy.java:374)
	at org.springframework.security.web.access.ExceptionTranslationFilter.doFilter(ExceptionTranslationFilter.java:126)
	at org.springframework.security.web.access.ExceptionTranslationFilter.doFilter(ExceptionTranslationFilter.java:120)
	at org.springframework.security.web.FilterChainProxy$VirtualFilterChain.doFilter(FilterChainProxy.java:374)
	at org.springframework.security.web.session.SessionManagementFilter.doFilter(SessionManagementFilter.java:131)
	at org.springframework.security.web.session.SessionManagementFilter.doFilter(SessionManagementFilter.java:85)
	at org.springframework.security.web.FilterChainProxy$VirtualFilterChain.doFilter(FilterChainProxy.java:374)
	at org.springframework.security.web.authentication.AnonymousAuthenticationFilter.doFilter(AnonymousAuthenticationFilter.java:100)
	at org.springframework.security.web.FilterChainProxy$VirtualFilterChain.doFilter(FilterChainProxy.java:374)
	at org.springframework.security.web.servletapi.SecurityContextHolderAwareRequestFilter.doFilter(SecurityContextHolderAwareRequestFilter.java:179)
	at org.springframework.security.web.FilterChainProxy$VirtualFilterChain.doFilter(FilterChainProxy.java:374)
	at org.springframework.security.web.savedrequest.RequestCacheAwareFilter.doFilter(RequestCacheAwareFilter.java:63)
	at org.springframework.security.web.FilterChainProxy$VirtualFilterChain.doFilter(FilterChainProxy.java:374)
	at org.springframework.security.web.authentication.logout.LogoutFilter.doFilter(LogoutFilter.java:107)
	at org.springframework.security.web.authentication.logout.LogoutFilter.doFilter(LogoutFilter.java:93)
	at org.springframework.security.web.FilterChainProxy$VirtualFilterChain.doFilter(FilterChainProxy.java:374)
	at org.springframework.security.web.header.HeaderWriterFilter.doHeadersAfter(HeaderWriterFilter.java:90)
	at org.springframework.security.web.header.HeaderWriterFilter.doFilterInternal(HeaderWriterFilter.java:75)
	at org.springframework.web.filter.OncePerRequestFilter.doFilter(OncePerRequestFilter.java:116)
	at org.springframework.security.web.FilterChainProxy$VirtualFilterChain.doFilter(FilterChainProxy.java:374)
	at org.springframework.security.web.context.SecurityContextHolderFilter.doFilter(SecurityContextHolderFilter.java:82)
	at org.springframework.security.web.context.SecurityContextHolderFilter.doFilter(SecurityContextHolderFilter.java:69)
	at org.springframework.security.web.FilterChainProxy$VirtualFilterChain.doFilter(FilterChainProxy.java:374)
	at org.springframework.security.web.context.request.async.WebAsyncManagerIntegrationFilter.doFilterInternal(WebAsyncManagerIntegrationFilter.java:62)
	at org.springframework.web.filter.OncePerRequestFilter.doFilter(OncePerRequestFilter.java:116)
	at org.springframework.security.web.FilterChainProxy$VirtualFilterChain.doFilter(FilterChainProxy.java:374)
	at org.springframework.security.web.session.DisableEncodeUrlFilter.doFilterInternal(DisableEncodeUrlFilter.java:42)
	at org.springframework.web.filter.OncePerRequestFilter.doFilter(OncePerRequestFilter.java:116)
	at org.springframework.security.web.FilterChainProxy$VirtualFilterChain.doFilter(FilterChainProxy.java:374)
	at org.springframework.security.web.FilterChainProxy.doFilterInternal(FilterChainProxy.java:233)
	at org.springframework.security.web.FilterChainProxy.doFilter(FilterChainProxy.java:191)
	at org.springframework.web.filter.CompositeFilter$VirtualFilterChain.doFilter(CompositeFilter.java:113)
	at org.springframework.web.servlet.handler.HandlerMappingIntrospector.lambda$createCacheFilter$3(HandlerMappingIntrospector.java:195)
	at org.springframework.web.filter.CompositeFilter$VirtualFilterChain.doFilter(CompositeFilter.java:113)
	at org.springframework.web.filter.CompositeFilter.doFilter(CompositeFilter.java:74)
	at org.springframework.security.config.annotation.web.configuration.WebMvcSecurityConfiguration$CompositeFilterChainProxy.doFilter(WebMvcSecurityConfiguration.java:230)
	at org.springframework.web.filter.DelegatingFilterProxy.invokeDelegate(DelegatingFilterProxy.java:362)
	at org.springframework.web.filter.DelegatingFilterProxy.doFilter(DelegatingFilterProxy.java:278)
	at org.apache.catalina.core.ApplicationFilterChain.internalDoFilter(ApplicationFilterChain.java:164)
	at org.apache.catalina.core.ApplicationFilterChain.doFilter(ApplicationFilterChain.java:140)
	at org.springframework.web.filter.RequestContextFilter.doFilterInternal(RequestContextFilter.java:100)
	at org.springframework.web.filter.OncePerRequestFilter.doFilter(OncePerRequestFilter.java:116)
	at org.apache.catalina.core.ApplicationFilterChain.internalDoFilter(ApplicationFilterChain.java:164)
	at org.apache.catalina.core.ApplicationFilterChain.doFilter(ApplicationFilterChain.java:140)
	at org.springframework.web.filter.FormContentFilter.doFilterInternal(FormContentFilter.java:93)
	at org.springframework.web.filter.OncePerRequestFilter.doFilter(OncePerRequestFilter.java:116)
	at org.apache.catalina.core.ApplicationFilterChain.internalDoFilter(ApplicationFilterChain.java:164)
	at org.apache.catalina.core.ApplicationFilterChain.doFilter(ApplicationFilterChain.java:140)
	at org.springframework.web.filter.CharacterEncodingFilter.doFilterInternal(CharacterEncodingFilter.java:201)
	at org.springframework.web.filter.OncePerRequestFilter.doFilter(OncePerRequestFilter.java:116)
	at org.apache.catalina.core.ApplicationFilterChain.internalDoFilter(ApplicationFilterChain.java:164)
	at org.apache.catalina.core.ApplicationFilterChain.doFilter(ApplicationFilterChain.java:140)
	at org.apache.catalina.core.StandardWrapperValve.invoke(StandardWrapperValve.java:167)
	at org.apache.catalina.core.StandardContextValve.invoke(StandardContextValve.java:90)
	at org.apache.catalina.authenticator.AuthenticatorBase.invoke(AuthenticatorBase.java:483)
	at org.apache.catalina.core.StandardHostValve.invoke(StandardHostValve.java:115)
	at org.apache.catalina.valves.ErrorReportValve.invoke(ErrorReportValve.java:93)
	at org.apache.catalina.core.StandardEngineValve.invoke(StandardEngineValve.java:74)
	at org.apache.catalina.connector.CoyoteAdapter.service(CoyoteAdapter.java:344)
	at org.apache.coyote.http11.Http11Processor.service(Http11Processor.java:384)
	at org.apache.coyote.AbstractProcessorLight.process(AbstractProcessorLight.java:63)
	at org.apache.coyote.AbstractProtocol$ConnectionHandler.process(AbstractProtocol.java:905)
	at org.apache.tomcat.util.net.NioEndpoint$SocketProcessor.doRun(NioEndpoint.java:1741)
	at org.apache.tomcat.util.net.SocketProcessorBase.run(SocketProcessorBase.java:52)
	at org.apache.tomcat.util.threads.ThreadPoolExecutor.runWorker(ThreadPoolExecutor.java:1190)
	at org.apache.tomcat.util.threads.ThreadPoolExecutor$Worker.run(ThreadPoolExecutor.java:659)
	at org.apache.tomcat.util.threads.TaskThread$WrappingRunnable.run(TaskThread.java:63)
	at java.base/java.lang.Thread.run(Thread.java:840)
[2024-12-18 12:34:31 INFO restartedMain] [com.green.greengram.GreenGramSecurityApplication] Starting GreenGramSecurityApplication using Java 17.0.12 with PID 5536 (D:\LJM\GreenGramSecurity\build\classes\java\main started by Administrator in D:\LJM\GreenGramSecurity)
[2024-12-18 12:34:31 INFO restartedMain] [com.green.greengram.GreenGramSecurityApplication] No active profile set, falling back to 1 default profile: "default"
[2024-12-18 12:34:31 INFO restartedMain] [org.springframework.boot.devtools.env.DevToolsPropertyDefaultsPostProcessor] Devtools property defaults active! Set 'spring.devtools.add-properties' to 'false' to disable
[2024-12-18 12:34:31 INFO restartedMain] [org.springframework.boot.devtools.env.DevToolsPropertyDefaultsPostProcessor] For additional web related logging consider setting the 'logging.level.web' property to 'DEBUG'
[2024-12-18 12:34:32 INFO restartedMain] [org.springframework.boot.web.embedded.tomcat.TomcatWebServer] Tomcat initialized with port 8080 (http)
[2024-12-18 12:34:32 INFO restartedMain] [org.apache.coyote.http11.Http11NioProtocol] Initializing ProtocolHandler ["http-nio-8080"]
[2024-12-18 12:34:32 INFO restartedMain] [org.apache.catalina.core.StandardService] Starting service [Tomcat]
[2024-12-18 12:34:32 INFO restartedMain] [org.apache.catalina.core.StandardEngine] Starting Servlet engine: [Apache Tomcat/10.1.31]
[2024-12-18 12:34:32 INFO restartedMain] [org.apache.catalina.core.ContainerBase.[Tomcat].[localhost].[/]] Initializing Spring embedded WebApplicationContext
[2024-12-18 12:34:32 INFO restartedMain] [org.springframework.boot.web.servlet.context.ServletWebServerApplicationContext] Root WebApplicationContext: initialization completed in 890 ms
[2024-12-18 12:34:32 INFO restartedMain] [com.green.greengram.common.model.MyFileUtils] MyFileUtils - 생성자: D:/2024-02/download/greengram_ver3
[2024-12-18 12:34:32 WARN restartedMain] [org.springframework.boot.autoconfigure.security.servlet.UserDetailsServiceAutoConfiguration] 

Using generated security password: eb620b19-1f8d-4d3a-8e94-1c5d81cb0af6

This generated password is for development use only. Your security configuration must be updated before running your application in production.

[2024-12-18 12:34:32 INFO restartedMain] [org.springframework.security.config.annotation.authentication.configuration.InitializeUserDetailsBeanManagerConfigurer$InitializeUserDetailsManagerConfigurer] Global AuthenticationManager configured with UserDetailsService bean with name inMemoryUserDetailsManager
[2024-12-18 12:34:32 INFO restartedMain] [org.springframework.boot.autoconfigure.web.servlet.WelcomePageHandlerMapping] Adding welcome page: class path resource [static/index.html]
[2024-12-18 12:34:32 INFO restartedMain] [org.springframework.boot.devtools.autoconfigure.OptionalLiveReloadServer] LiveReload server is running on port 35729
[2024-12-18 12:34:33 INFO restartedMain] [org.apache.coyote.http11.Http11NioProtocol] Starting ProtocolHandler ["http-nio-8080"]
[2024-12-18 12:34:33 INFO restartedMain] [org.springframework.boot.web.embedded.tomcat.TomcatWebServer] Tomcat started on port 8080 (http) with context path '/'
[2024-12-18 12:34:33 INFO restartedMain] [com.green.greengram.GreenGramSecurityApplication] Started GreenGramSecurityApplication in 2.224 seconds (process running for 2.59)
[2024-12-18 12:34:37 INFO http-nio-8080-exec-1] [org.apache.catalina.core.ContainerBase.[Tomcat].[localhost].[/]] Initializing Spring DispatcherServlet 'dispatcherServlet'
[2024-12-18 12:34:37 INFO http-nio-8080-exec-1] [org.springframework.web.servlet.DispatcherServlet] Initializing Servlet 'dispatcherServlet'
[2024-12-18 12:34:37 INFO http-nio-8080-exec-1] [org.springframework.web.servlet.DispatcherServlet] Completed initialization in 1 ms
[2024-12-18 12:34:37 INFO http-nio-8080-exec-10] [org.springdoc.api.AbstractOpenApiResource] Init duration for springdoc-openapi is: 237 ms
[2024-12-18 12:35:07 INFO http-nio-8080-exec-7] [com.zaxxer.hikari.HikariDataSource] HikariPool-1 - Starting...
[2024-12-18 12:35:07 INFO http-nio-8080-exec-7] [com.zaxxer.hikari.pool.HikariPool] HikariPool-1 - Added connection net.sf.log4jdbc.sql.jdbcapi.ConnectionSpy@624a85c4
[2024-12-18 12:35:07 INFO http-nio-8080-exec-7] [com.zaxxer.hikari.HikariDataSource] HikariPool-1 - Start completed.
[2024-12-18 12:35:07 DEBUGhttp-nio-8080-exec-7] [jdbc.sqltiming]  com.zaxxer.hikari.pool.ProxyPreparedStatement.execute(ProxyPreparedStatement.java:44)
1. SELECT user_id AS userId
        , IFNULL(nick_name, uid) AS nickName
        , pic, upw
        FROM user
        WHERE uid= '쩡미'
 {executed in 1 msec}
[2024-12-18 12:35:07 INFO http-nio-8080-exec-7] [jdbc.resultsettable] 
|--------|---------|-----------------------------------------|-------------------------------------------------------------|
|user_id |nickname |pic                                      |upw                                                          |
|--------|---------|-----------------------------------------|-------------------------------------------------------------|
|2       |쩡미깜띠기ㅎㅎㅎ |00afc96e-0786-4ee5-8be4-8c9b2ef2bd86.gif |$2a$10$QMo32sTgteG9Ut1i.HVLGuc5fLpr1g1Kf64txdPQIlkjZE1Zw3ai6 |
|--------|---------|-----------------------------------------|-------------------------------------------------------------|

[2024-12-18 12:35:21 INFO http-nio-8080-exec-8] [com.green.greengram.user.UserService] refreshToken: eyJ0eXAiOiJKV1QiLCJhbGciOiJIUzUxMiJ9.eyJpc3MiOiJncmVlbkBncmVlbi5rciIsImlhdCI6MTczNDQ5MjkwNywiZXhwIjoxNzM1Nzg4OTA3LCJzaWduZWRVc2VyIjoie1wic2lnbmVkVXNlcklkXCI6MixcInJvbGVzXCI6W1wiUk9MRV9VU0VSXCIsXCJST0xFX0FETUlOXCJdfSJ9.o2PVGrFS4Q4e59TjlrDiiKo6Vk1RE26bibUDx0yIUCSVyYjUCEfijEWwZT-e4OKKLM2UO85pHhm-39x918smAg
[2024-12-18 13:00:25 INFO SpringApplicationShutdownHook] [com.zaxxer.hikari.HikariDataSource] HikariPool-1 - Shutdown initiated...
[2024-12-18 13:00:25 INFO SpringApplicationShutdownHook] [com.zaxxer.hikari.HikariDataSource] HikariPool-1 - Shutdown completed.
[2024-12-18 13:43:00 INFO restartedMain] [com.green.greengram.GreenGramSecurityApplication] Starting GreenGramSecurityApplication using Java 17.0.12 with PID 4784 (D:\LJM\GreenGramSecurity\build\classes\java\main started by Administrator in D:\LJM\GreenGramSecurity)
[2024-12-18 13:43:00 INFO restartedMain] [com.green.greengram.GreenGramSecurityApplication] No active profile set, falling back to 1 default profile: "default"
[2024-12-18 13:43:00 INFO restartedMain] [org.springframework.boot.devtools.env.DevToolsPropertyDefaultsPostProcessor] Devtools property defaults active! Set 'spring.devtools.add-properties' to 'false' to disable
[2024-12-18 13:43:00 INFO restartedMain] [org.springframework.boot.devtools.env.DevToolsPropertyDefaultsPostProcessor] For additional web related logging consider setting the 'logging.level.web' property to 'DEBUG'
[2024-12-18 13:43:01 INFO restartedMain] [org.springframework.boot.web.embedded.tomcat.TomcatWebServer] Tomcat initialized with port 8080 (http)
[2024-12-18 13:43:01 INFO restartedMain] [org.apache.coyote.http11.Http11NioProtocol] Initializing ProtocolHandler ["http-nio-8080"]
[2024-12-18 13:43:01 INFO restartedMain] [org.apache.catalina.core.StandardService] Starting service [Tomcat]
[2024-12-18 13:43:01 INFO restartedMain] [org.apache.catalina.core.StandardEngine] Starting Servlet engine: [Apache Tomcat/10.1.31]
[2024-12-18 13:43:01 INFO restartedMain] [org.apache.catalina.core.ContainerBase.[Tomcat].[localhost].[/]] Initializing Spring embedded WebApplicationContext
[2024-12-18 13:43:01 INFO restartedMain] [org.springframework.boot.web.servlet.context.ServletWebServerApplicationContext] Root WebApplicationContext: initialization completed in 861 ms
[2024-12-18 13:43:01 INFO restartedMain] [com.green.greengram.common.model.MyFileUtils] MyFileUtils - 생성자: D:/2024-02/download/greengram_ver3
[2024-12-18 13:43:02 WARN restartedMain] [org.springframework.boot.autoconfigure.security.servlet.UserDetailsServiceAutoConfiguration] 

Using generated security password: 05ae1f5c-6cc4-433c-ab1e-b4ad7d5caf40

This generated password is for development use only. Your security configuration must be updated before running your application in production.

[2024-12-18 13:43:02 INFO restartedMain] [org.springframework.security.config.annotation.authentication.configuration.InitializeUserDetailsBeanManagerConfigurer$InitializeUserDetailsManagerConfigurer] Global AuthenticationManager configured with UserDetailsService bean with name inMemoryUserDetailsManager
[2024-12-18 13:43:02 INFO restartedMain] [org.springframework.boot.autoconfigure.web.servlet.WelcomePageHandlerMapping] Adding welcome page: class path resource [static/index.html]
[2024-12-18 13:43:02 INFO restartedMain] [org.springframework.boot.devtools.autoconfigure.OptionalLiveReloadServer] LiveReload server is running on port 35729
[2024-12-18 13:43:02 INFO restartedMain] [org.apache.coyote.http11.Http11NioProtocol] Starting ProtocolHandler ["http-nio-8080"]
[2024-12-18 13:43:02 INFO restartedMain] [org.springframework.boot.web.embedded.tomcat.TomcatWebServer] Tomcat started on port 8080 (http) with context path '/'
[2024-12-18 13:43:02 INFO restartedMain] [com.green.greengram.GreenGramSecurityApplication] Started GreenGramSecurityApplication in 1.883 seconds (process running for 2.259)
[2024-12-18 13:43:06 INFO http-nio-8080-exec-1] [org.apache.catalina.core.ContainerBase.[Tomcat].[localhost].[/]] Initializing Spring DispatcherServlet 'dispatcherServlet'
[2024-12-18 13:43:06 INFO http-nio-8080-exec-1] [org.springframework.web.servlet.DispatcherServlet] Initializing Servlet 'dispatcherServlet'
[2024-12-18 13:43:06 INFO http-nio-8080-exec-1] [org.springframework.web.servlet.DispatcherServlet] Completed initialization in 0 ms
[2024-12-18 13:43:06 INFO http-nio-8080-exec-1] [com.green.greengram.config.jwt.TokenAuthenticationFilter] authorizationHeader: null
[2024-12-18 13:43:06 WARN http-nio-8080-exec-1] [org.springframework.web.servlet.mvc.support.DefaultHandlerExceptionResolver] Ignoring exception, response committed already: org.springframework.web.servlet.resource.NoResourceFoundException: No static resource swagger-ui.
[2024-12-18 13:43:06 INFO http-nio-8080-exec-3] [com.green.greengram.config.jwt.TokenAuthenticationFilter] authorizationHeader: null
[2024-12-18 13:43:16 INFO restartedMain] [com.green.greengram.GreenGramSecurityApplication] Starting GreenGramSecurityApplication using Java 17.0.12 with PID 6912 (D:\LJM\GreenGramSecurity\build\classes\java\main started by Administrator in D:\LJM\GreenGramSecurity)
[2024-12-18 13:43:16 INFO restartedMain] [com.green.greengram.GreenGramSecurityApplication] No active profile set, falling back to 1 default profile: "default"
[2024-12-18 13:43:16 INFO restartedMain] [org.springframework.boot.devtools.env.DevToolsPropertyDefaultsPostProcessor] Devtools property defaults active! Set 'spring.devtools.add-properties' to 'false' to disable
[2024-12-18 13:43:16 INFO restartedMain] [org.springframework.boot.devtools.env.DevToolsPropertyDefaultsPostProcessor] For additional web related logging consider setting the 'logging.level.web' property to 'DEBUG'
[2024-12-18 13:43:17 INFO restartedMain] [org.springframework.boot.web.embedded.tomcat.TomcatWebServer] Tomcat initialized with port 8080 (http)
[2024-12-18 13:43:17 INFO restartedMain] [org.apache.coyote.http11.Http11NioProtocol] Initializing ProtocolHandler ["http-nio-8080"]
[2024-12-18 13:43:17 INFO restartedMain] [org.apache.catalina.core.StandardService] Starting service [Tomcat]
[2024-12-18 13:43:17 INFO restartedMain] [org.apache.catalina.core.StandardEngine] Starting Servlet engine: [Apache Tomcat/10.1.31]
[2024-12-18 13:43:17 INFO restartedMain] [org.apache.catalina.core.ContainerBase.[Tomcat].[localhost].[/]] Initializing Spring embedded WebApplicationContext
[2024-12-18 13:43:17 INFO restartedMain] [org.springframework.boot.web.servlet.context.ServletWebServerApplicationContext] Root WebApplicationContext: initialization completed in 936 ms
[2024-12-18 13:43:17 INFO restartedMain] [com.green.greengram.common.model.MyFileUtils] MyFileUtils - 생성자: D:/2024-02/download/greengram_ver3
[2024-12-18 13:43:18 WARN restartedMain] [org.springframework.boot.autoconfigure.security.servlet.UserDetailsServiceAutoConfiguration] 

Using generated security password: ec59f7f4-723d-42a3-8d3b-6efe7c65edcf

This generated password is for development use only. Your security configuration must be updated before running your application in production.

[2024-12-18 13:43:18 INFO restartedMain] [org.springframework.security.config.annotation.authentication.configuration.InitializeUserDetailsBeanManagerConfigurer$InitializeUserDetailsManagerConfigurer] Global AuthenticationManager configured with UserDetailsService bean with name inMemoryUserDetailsManager
[2024-12-18 13:43:18 INFO restartedMain] [org.springframework.boot.autoconfigure.web.servlet.WelcomePageHandlerMapping] Adding welcome page: class path resource [static/index.html]
[2024-12-18 13:43:18 INFO restartedMain] [org.springframework.boot.devtools.autoconfigure.OptionalLiveReloadServer] LiveReload server is running on port 35729
[2024-12-18 13:43:18 INFO restartedMain] [org.apache.coyote.http11.Http11NioProtocol] Starting ProtocolHandler ["http-nio-8080"]
[2024-12-18 13:43:18 INFO restartedMain] [org.springframework.boot.web.embedded.tomcat.TomcatWebServer] Tomcat started on port 8080 (http) with context path '/'
[2024-12-18 13:43:18 INFO restartedMain] [com.green.greengram.GreenGramSecurityApplication] Started GreenGramSecurityApplication in 1.969 seconds (process running for 2.332)
[2024-12-18 13:43:22 INFO http-nio-8080-exec-1] [org.apache.catalina.core.ContainerBase.[Tomcat].[localhost].[/]] Initializing Spring DispatcherServlet 'dispatcherServlet'
[2024-12-18 13:43:22 INFO http-nio-8080-exec-1] [org.springframework.web.servlet.DispatcherServlet] Initializing Servlet 'dispatcherServlet'
[2024-12-18 13:43:22 INFO http-nio-8080-exec-1] [org.springframework.web.servlet.DispatcherServlet] Completed initialization in 0 ms
[2024-12-18 13:43:22 INFO http-nio-8080-exec-1] [com.green.greengram.config.jwt.TokenAuthenticationFilter] authorizationHeader: null
[2024-12-18 13:43:22 INFO http-nio-8080-exec-2] [com.green.greengram.config.jwt.TokenAuthenticationFilter] authorizationHeader: null
[2024-12-18 13:43:22 INFO http-nio-8080-exec-3] [com.green.greengram.config.jwt.TokenAuthenticationFilter] authorizationHeader: null
[2024-12-18 13:43:22 INFO http-nio-8080-exec-7] [com.green.greengram.config.jwt.TokenAuthenticationFilter] authorizationHeader: null
[2024-12-18 13:43:22 INFO http-nio-8080-exec-9] [com.green.greengram.config.jwt.TokenAuthenticationFilter] authorizationHeader: null
[2024-12-18 13:43:22 INFO http-nio-8080-exec-6] [com.green.greengram.config.jwt.TokenAuthenticationFilter] authorizationHeader: null
[2024-12-18 13:43:22 INFO http-nio-8080-exec-8] [com.green.greengram.config.jwt.TokenAuthenticationFilter] authorizationHeader: null
[2024-12-18 13:43:22 INFO http-nio-8080-exec-4] [com.green.greengram.config.jwt.TokenAuthenticationFilter] authorizationHeader: null
[2024-12-18 13:43:22 INFO http-nio-8080-exec-5] [com.green.greengram.config.jwt.TokenAuthenticationFilter] authorizationHeader: null
[2024-12-18 13:44:18 INFO http-nio-8080-exec-10] [com.green.greengram.config.jwt.TokenAuthenticationFilter] authorizationHeader: null
[2024-12-18 13:44:18 WARN http-nio-8080-exec-10] [org.springframework.web.servlet.mvc.support.DefaultHandlerExceptionResolver] Ignoring exception, response committed already: org.springframework.web.servlet.resource.NoResourceFoundException: No static resource swagger-resaurce.
[2024-12-18 15:24:55 INFO restartedMain] [com.green.greengram.GreenGramSecurityApplication] Starting GreenGramSecurityApplication using Java 17.0.12 with PID 1312 (D:\LJM\GreenGramSecurity\build\classes\java\main started by Administrator in D:\LJM\GreenGramSecurity)
[2024-12-18 15:24:55 INFO restartedMain] [com.green.greengram.GreenGramSecurityApplication] No active profile set, falling back to 1 default profile: "default"
[2024-12-18 15:24:55 INFO restartedMain] [org.springframework.boot.devtools.env.DevToolsPropertyDefaultsPostProcessor] Devtools property defaults active! Set 'spring.devtools.add-properties' to 'false' to disable
[2024-12-18 15:24:55 INFO restartedMain] [org.springframework.boot.devtools.env.DevToolsPropertyDefaultsPostProcessor] For additional web related logging consider setting the 'logging.level.web' property to 'DEBUG'
[2024-12-18 15:24:55 INFO restartedMain] [org.springframework.boot.web.embedded.tomcat.TomcatWebServer] Tomcat initialized with port 8080 (http)
[2024-12-18 15:24:55 INFO restartedMain] [org.apache.coyote.http11.Http11NioProtocol] Initializing ProtocolHandler ["http-nio-8080"]
[2024-12-18 15:24:55 INFO restartedMain] [org.apache.catalina.core.StandardService] Starting service [Tomcat]
[2024-12-18 15:24:55 INFO restartedMain] [org.apache.catalina.core.StandardEngine] Starting Servlet engine: [Apache Tomcat/10.1.31]
[2024-12-18 15:24:56 INFO restartedMain] [org.apache.catalina.core.ContainerBase.[Tomcat].[localhost].[/]] Initializing Spring embedded WebApplicationContext
[2024-12-18 15:24:56 INFO restartedMain] [org.springframework.boot.web.servlet.context.ServletWebServerApplicationContext] Root WebApplicationContext: initialization completed in 865 ms
[2024-12-18 15:24:56 INFO restartedMain] [com.green.greengram.common.model.MyFileUtils] MyFileUtils - 생성자: D:/2024-02/download/greengram_ver3
[2024-12-18 15:24:56 WARN restartedMain] [org.springframework.boot.autoconfigure.security.servlet.UserDetailsServiceAutoConfiguration] 

Using generated security password: e49dec2a-93a7-494e-b8d2-433fa75944df

This generated password is for development use only. Your security configuration must be updated before running your application in production.

[2024-12-18 15:24:56 INFO restartedMain] [org.springframework.security.config.annotation.authentication.configuration.InitializeUserDetailsBeanManagerConfigurer$InitializeUserDetailsManagerConfigurer] Global AuthenticationManager configured with UserDetailsService bean with name inMemoryUserDetailsManager
[2024-12-18 15:24:56 INFO restartedMain] [org.springframework.boot.autoconfigure.web.servlet.WelcomePageHandlerMapping] Adding welcome page: class path resource [static/index.html]
[2024-12-18 15:24:56 INFO restartedMain] [org.springframework.boot.devtools.autoconfigure.OptionalLiveReloadServer] LiveReload server is running on port 35729
[2024-12-18 15:24:56 INFO restartedMain] [org.apache.coyote.http11.Http11NioProtocol] Starting ProtocolHandler ["http-nio-8080"]
[2024-12-18 15:24:56 INFO restartedMain] [org.springframework.boot.web.embedded.tomcat.TomcatWebServer] Tomcat started on port 8080 (http) with context path '/'
[2024-12-18 15:24:56 INFO restartedMain] [com.green.greengram.GreenGramSecurityApplication] Started GreenGramSecurityApplication in 1.876 seconds (process running for 2.224)
[2024-12-18 15:59:02 INFO restartedMain] [com.green.greengram.GreenGramSecurityApplication] Starting GreenGramSecurityApplication using Java 17.0.12 with PID 10812 (D:\LJM\GreenGramSecurity\build\classes\java\main started by Administrator in D:\LJM\GreenGramSecurity)
[2024-12-18 15:59:02 INFO restartedMain] [com.green.greengram.GreenGramSecurityApplication] No active profile set, falling back to 1 default profile: "default"
[2024-12-18 15:59:02 INFO restartedMain] [org.springframework.boot.devtools.env.DevToolsPropertyDefaultsPostProcessor] Devtools property defaults active! Set 'spring.devtools.add-properties' to 'false' to disable
[2024-12-18 15:59:02 INFO restartedMain] [org.springframework.boot.devtools.env.DevToolsPropertyDefaultsPostProcessor] For additional web related logging consider setting the 'logging.level.web' property to 'DEBUG'
[2024-12-18 15:59:03 INFO restartedMain] [org.springframework.boot.web.embedded.tomcat.TomcatWebServer] Tomcat initialized with port 8080 (http)
[2024-12-18 15:59:03 INFO restartedMain] [org.apache.coyote.http11.Http11NioProtocol] Initializing ProtocolHandler ["http-nio-8080"]
[2024-12-18 15:59:03 INFO restartedMain] [org.apache.catalina.core.StandardService] Starting service [Tomcat]
[2024-12-18 15:59:03 INFO restartedMain] [org.apache.catalina.core.StandardEngine] Starting Servlet engine: [Apache Tomcat/10.1.31]
[2024-12-18 15:59:03 INFO restartedMain] [org.apache.catalina.core.ContainerBase.[Tomcat].[localhost].[/]] Initializing Spring embedded WebApplicationContext
[2024-12-18 15:59:03 INFO restartedMain] [org.springframework.boot.web.servlet.context.ServletWebServerApplicationContext] Root WebApplicationContext: initialization completed in 875 ms
[2024-12-18 15:59:03 INFO restartedMain] [com.green.greengram.common.model.MyFileUtils] MyFileUtils - 생성자: D:/2024-02/download/greengram_ver3
[2024-12-18 15:59:03 WARN restartedMain] [org.springframework.boot.autoconfigure.security.servlet.UserDetailsServiceAutoConfiguration] 

Using generated security password: 4430d216-460b-4103-9442-842012bdd248

This generated password is for development use only. Your security configuration must be updated before running your application in production.

[2024-12-18 15:59:03 INFO restartedMain] [org.springframework.security.config.annotation.authentication.configuration.InitializeUserDetailsBeanManagerConfigurer$InitializeUserDetailsManagerConfigurer] Global AuthenticationManager configured with UserDetailsService bean with name inMemoryUserDetailsManager
[2024-12-18 15:59:03 INFO restartedMain] [org.springframework.boot.autoconfigure.web.servlet.WelcomePageHandlerMapping] Adding welcome page: class path resource [static/index.html]
[2024-12-18 15:59:03 WARN restartedMain] [org.springframework.boot.devtools.autoconfigure.OptionalLiveReloadServer] Unable to start LiveReload server
[2024-12-18 15:59:03 INFO restartedMain] [org.apache.coyote.http11.Http11NioProtocol] Starting ProtocolHandler ["http-nio-8080"]
[2024-12-18 15:59:03 WARN restartedMain] [org.springframework.boot.web.servlet.context.AnnotationConfigServletWebServerApplicationContext] Exception encountered during context initialization - cancelling refresh attempt: org.springframework.context.ApplicationContextException: Failed to start bean 'webServerStartStop'
[2024-12-18 15:59:03 INFO restartedMain] [org.springframework.boot.autoconfigure.logging.ConditionEvaluationReportLogger] 

Error starting ApplicationContext. To display the condition evaluation report re-run your application with 'debug' enabled.
[2024-12-18 15:59:03 ERRORrestartedMain] [org.springframework.boot.diagnostics.LoggingFailureAnalysisReporter] 

***************************
APPLICATION FAILED TO START
***************************

Description:

Web server failed to start. Port 8080 was already in use.

Action:

Identify and stop the process that's listening on port 8080 or configure this application to listen on another port.

[2024-12-18 16:18:58 INFO Test worker] [com.green.greengram.config.jwt.TokenProviderTest] Starting TokenProviderTest using Java 17.0.12 with PID 12072 (started by Administrator in D:\LJM\GreenGramSecurity)
[2024-12-18 16:18:58 INFO Test worker] [com.green.greengram.config.jwt.TokenProviderTest] No active profile set, falling back to 1 default profile: "default"
[2024-12-18 16:18:59 INFO Test worker] [com.green.greengram.common.model.MyFileUtils] MyFileUtils - 생성자: D:/2024-02/download/greengram_ver3
[2024-12-18 16:19:03 INFO Test worker] [com.green.greengram.config.jwt.TokenProviderTest] Starting TokenProviderTest using Java 17.0.12 with PID 3088 (started by Administrator in D:\LJM\GreenGramSecurity)
[2024-12-18 16:19:03 INFO Test worker] [com.green.greengram.config.jwt.TokenProviderTest] No active profile set, falling back to 1 default profile: "default"
[2024-12-18 16:19:04 INFO Test worker] [com.green.greengram.common.model.MyFileUtils] MyFileUtils - 생성자: D:/2024-02/download/greengram_ver3
[2024-12-18 16:19:04 WARN Test worker] [org.springframework.boot.autoconfigure.security.servlet.UserDetailsServiceAutoConfiguration] 

Using generated security password: 0ac2fa4c-9e9f-4542-9257-7c99526ef908

This generated password is for development use only. Your security configuration must be updated before running your application in production.

[2024-12-18 16:19:04 INFO Test worker] [org.springframework.security.config.annotation.authentication.configuration.InitializeUserDetailsBeanManagerConfigurer$InitializeUserDetailsManagerConfigurer] Global AuthenticationManager configured with UserDetailsService bean with name inMemoryUserDetailsManager
[2024-12-18 16:19:04 INFO Test worker] [org.springframework.boot.autoconfigure.web.servlet.WelcomePageHandlerMapping] Adding welcome page: class path resource [static/index.html]
[2024-12-18 16:19:05 INFO Test worker] [com.green.greengram.config.jwt.TokenProviderTest] Started TokenProviderTest in 1.889 seconds (process running for 2.703)
[2024-12-18 16:19:24 INFO Test worker] [com.green.greengram.config.jwt.TokenProviderTest] Starting TokenProviderTest using Java 17.0.12 with PID 988 (started by Administrator in D:\LJM\GreenGramSecurity)
[2024-12-18 16:19:24 INFO Test worker] [com.green.greengram.config.jwt.TokenProviderTest] No active profile set, falling back to 1 default profile: "default"
[2024-12-18 16:19:24 INFO Test worker] [com.green.greengram.common.model.MyFileUtils] MyFileUtils - 생성자: D:/2024-02/download/greengram_ver3
[2024-12-18 16:19:25 WARN Test worker] [org.springframework.boot.autoconfigure.security.servlet.UserDetailsServiceAutoConfiguration] 

Using generated security password: 76fa8e49-aaa7-4daa-b9b7-8b32dbb4f1dd

This generated password is for development use only. Your security configuration must be updated before running your application in production.

[2024-12-18 16:19:25 INFO Test worker] [org.springframework.security.config.annotation.authentication.configuration.InitializeUserDetailsBeanManagerConfigurer$InitializeUserDetailsManagerConfigurer] Global AuthenticationManager configured with UserDetailsService bean with name inMemoryUserDetailsManager
[2024-12-18 16:19:25 INFO Test worker] [org.springframework.boot.autoconfigure.web.servlet.WelcomePageHandlerMapping] Adding welcome page: class path resource [static/index.html]
[2024-12-18 16:19:25 INFO Test worker] [com.green.greengram.config.jwt.TokenProviderTest] Started TokenProviderTest in 1.941 seconds (process running for 2.764)
[2024-12-18 16:20:44 INFO Test worker] [com.green.greengram.config.jwt.TokenProviderTest] Starting TokenProviderTest using Java 17.0.12 with PID 8464 (started by Administrator in D:\LJM\GreenGramSecurity)
[2024-12-18 16:20:44 INFO Test worker] [com.green.greengram.config.jwt.TokenProviderTest] No active profile set, falling back to 1 default profile: "default"
[2024-12-18 16:20:45 INFO Test worker] [com.green.greengram.common.model.MyFileUtils] MyFileUtils - 생성자: D:/2024-02/download/greengram_ver3
[2024-12-18 16:20:45 WARN Test worker] [org.springframework.boot.autoconfigure.security.servlet.UserDetailsServiceAutoConfiguration] 

Using generated security password: be5e5e32-f450-4346-bfb4-455fcaa53b53

This generated password is for development use only. Your security configuration must be updated before running your application in production.

[2024-12-18 16:20:45 INFO Test worker] [org.springframework.security.config.annotation.authentication.configuration.InitializeUserDetailsBeanManagerConfigurer$InitializeUserDetailsManagerConfigurer] Global AuthenticationManager configured with UserDetailsService bean with name inMemoryUserDetailsManager
[2024-12-18 16:20:45 INFO Test worker] [org.springframework.boot.autoconfigure.web.servlet.WelcomePageHandlerMapping] Adding welcome page: class path resource [static/index.html]
[2024-12-18 16:20:46 INFO Test worker] [com.green.greengram.config.jwt.TokenProviderTest] Started TokenProviderTest in 1.88 seconds (process running for 2.695)
[2024-12-18 17:11:10 INFO Test worker] [com.green.greengram.config.jwt.TokenProviderTest] Starting TokenProviderTest using Java 17.0.12 with PID 11756 (started by Administrator in D:\LJM\GreenGramSecurity)
[2024-12-18 17:11:10 INFO Test worker] [com.green.greengram.config.jwt.TokenProviderTest] No active profile set, falling back to 1 default profile: "default"
[2024-12-18 17:11:11 INFO Test worker] [com.green.greengram.common.model.MyFileUtils] MyFileUtils - 생성자: D:/2024-02/download/greengram_ver3
[2024-12-18 17:11:11 WARN Test worker] [org.springframework.boot.autoconfigure.security.servlet.UserDetailsServiceAutoConfiguration] 

Using generated security password: 42f98d06-5bff-4f4a-aa11-35f53b4bad63

This generated password is for development use only. Your security configuration must be updated before running your application in production.

[2024-12-18 17:11:11 INFO Test worker] [org.springframework.security.config.annotation.authentication.configuration.InitializeUserDetailsBeanManagerConfigurer$InitializeUserDetailsManagerConfigurer] Global AuthenticationManager configured with UserDetailsService bean with name inMemoryUserDetailsManager
[2024-12-18 17:11:11 INFO Test worker] [org.springframework.boot.autoconfigure.web.servlet.WelcomePageHandlerMapping] Adding welcome page: class path resource [static/index.html]
[2024-12-18 17:11:12 INFO Test worker] [com.green.greengram.config.jwt.TokenProviderTest] Started TokenProviderTest in 1.865 seconds (process running for 2.692)
