[2024-12-13 11:35:15 INFO restartedMain] [com.green.greengram.GreenGramVer3Application] Starting GreenGramVer3Application using Java 17.0.12 with PID 12464 (D:\LJM\GreenGramVer3_2\build\classes\java\main started by Administrator in D:\LJM\GreenGramVer3_2)
[2024-12-13 11:35:15 INFO restartedMain] [com.green.greengram.GreenGramVer3Application] No active profile set, falling back to 1 default profile: "default"
[2024-12-13 11:35:15 INFO restartedMain] [org.springframework.boot.devtools.env.DevToolsPropertyDefaultsPostProcessor] Devtools property defaults active! Set 'spring.devtools.add-properties' to 'false' to disable
[2024-12-13 11:35:15 INFO restartedMain] [org.springframework.boot.devtools.env.DevToolsPropertyDefaultsPostProcessor] For additional web related logging consider setting the 'logging.level.web' property to 'DEBUG'
[2024-12-13 11:35:16 INFO restartedMain] [org.springframework.boot.web.embedded.tomcat.TomcatWebServer] Tomcat initialized with port 8080 (http)
[2024-12-13 11:35:16 INFO restartedMain] [org.springframework.boot.web.servlet.context.ServletWebServerApplicationContext] Root WebApplicationContext: initialization completed in 824 ms
[2024-12-13 11:35:16 INFO restartedMain] [com.green.greengram.common.model.MyFileUtils] MyFileUtils - 생성자: D:/2024-02/download/greengram_ver3
[2024-12-13 11:35:16 INFO restartedMain] [org.springframework.boot.devtools.autoconfigure.OptionalLiveReloadServer] LiveReload server is running on port 35729
[2024-12-13 11:35:16 INFO restartedMain] [org.springframework.boot.web.embedded.tomcat.TomcatWebServer] Tomcat started on port 8080 (http) with context path '/'
[2024-12-13 11:35:16 INFO restartedMain] [com.green.greengram.GreenGramVer3Application] Started GreenGramVer3Application in 1.777 seconds (process running for 2.142)
[2024-12-13 11:35:21 INFO http-nio-8080-exec-1] [org.springframework.web.servlet.DispatcherServlet] Initializing Servlet 'dispatcherServlet'
[2024-12-13 11:35:21 INFO http-nio-8080-exec-1] [org.springframework.web.servlet.DispatcherServlet] Completed initialization in 1 ms
[2024-12-13 11:35:21 INFO http-nio-8080-exec-7] [com.green.greengram.feed.FeedController] FeedController > getFeedList > p : FeedGetReq(super=Paging(page=1, size=20, startIdx=0), signedUserId=2, profileUserId=null, feedIds=null)
[2024-12-13 11:35:21 INFO http-nio-8080-exec-7] [com.zaxxer.hikari.HikariDataSource] HikariPool-1 - Starting...
[2024-12-13 11:35:21 INFO http-nio-8080-exec-7] [com.zaxxer.hikari.pool.HikariPool] HikariPool-1 - Added connection net.sf.log4jdbc.sql.jdbcapi.ConnectionSpy@70985faf
[2024-12-13 11:35:21 INFO http-nio-8080-exec-7] [com.zaxxer.hikari.HikariDataSource] HikariPool-1 - Start completed.
[2024-12-13 11:35:21 DEBUGhttp-nio-8080-exec-7] [jdbc.sqltiming]  com.zaxxer.hikari.pool.ProxyPreparedStatement.execute(ProxyPreparedStatement.java:44)
1. SELECT A.feed_id AS feedId, A.contents, A.location
        , A.created_at AS createdAt
        , A.writer_user_id AS writerUserId
        , IF(B.nick_name IS NULL, B.uid, B.nick_name) AS writerNm
        , B.pic AS writerPic
        , IF(C.feed_id IS NULL, 0, 1) AS isLike
        FROM feed A
        INNER JOIN user B
        ON A.writer_user_id = B.user_id
        LEFT JOIN feed_like C
        ON A.feed_id = C.feed_id
        AND C.user_id = 2

        ORDER BY A.feed_id DESC
        LIMIT 0, 20
 {executed in 2 msec}
[2024-12-13 11:35:21 INFO http-nio-8080-exec-7] [jdbc.resultsettable] 
|--------|-----------------|----------------|--------------------|---------------|---------|-----------------------------------------|-------|
|feed_id |contents         |location        |created_at          |writer_user_id |writernm |pic                                      |islike |
|--------|-----------------|----------------|--------------------|---------------|---------|-----------------------------------------|-------|
|233     |ㄴㄴㄴㄴ             |ㄴㄴㄴ             |2024-12-11 17:21:38 |2              |쩡미깜띠기ㅎㅎㅎ |00afc96e-0786-4ee5-8be4-8c9b2ef2bd86.gif |0      |
|232     |ㅎㅎㅎㅎㅎㅎㅎ          |헤헤헤헤헤           |2024-12-10 10:55:19 |2              |쩡미깜띠기ㅎㅎㅎ |00afc96e-0786-4ee5-8be4-8c9b2ef2bd86.gif |1      |
|231     |ffffff           |ffff            |2024-12-10 10:54:13 |2              |쩡미깜띠기ㅎㅎㅎ |00afc96e-0786-4ee5-8be4-8c9b2ef2bd86.gif |1      |
|230     |fgfgf            |fff             |2024-12-10 10:53:50 |2              |쩡미깜띠기ㅎㅎㅎ |00afc96e-0786-4ee5-8be4-8c9b2ef2bd86.gif |1      |
|229     |zzz              |zzz             |2024-12-10 10:51:07 |2              |쩡미깜띠기ㅎㅎㅎ |00afc96e-0786-4ee5-8be4-8c9b2ef2bd86.gif |0      |
|228     |sss              |aaaa            |2024-12-10 10:50:00 |2              |쩡미깜띠기ㅎㅎㅎ |00afc96e-0786-4ee5-8be4-8c9b2ef2bd86.gif |0      |
|227     |dgggg            |gd              |2024-12-10 10:49:50 |2              |쩡미깜띠기ㅎㅎㅎ |00afc96e-0786-4ee5-8be4-8c9b2ef2bd86.gif |0      |
|226     |ggg              |gg              |2024-12-10 10:49:12 |2              |쩡미깜띠기ㅎㅎㅎ |00afc96e-0786-4ee5-8be4-8c9b2ef2bd86.gif |0      |
|222     |zzz              |zz              |2024-12-10 08:56:23 |2              |쩡미깜띠기ㅎㅎㅎ |00afc96e-0786-4ee5-8be4-8c9b2ef2bd86.gif |0      |
|217     |ㅋㅋㅋㅋ             |ㅋㅋㅋ             |2024-12-06 09:37:27 |33             |ㅜㅜ       |a6ace6db-926a-4045-a622-a28541e39ce3.png |0      |
|216     |ㅍㅍㅍㅍ             |ㅍㅍ              |2024-12-06 09:37:14 |33             |ㅜㅜ       |a6ace6db-926a-4045-a622-a28541e39ce3.png |0      |
|215     |ㅠㅠㅠㅠㅠㅠㅠㅠ         |ㅠㅠ              |2024-12-06 09:35:19 |33             |ㅜㅜ       |a6ace6db-926a-4045-a622-a28541e39ce3.png |0      |
|214     |ㅁㄴㅇㅁㄴㅇ           |ㅁㄴㅇㅁㄴㅇ          |2024-12-06 09:30:38 |33             |ㅜㅜ       |a6ace6db-926a-4045-a622-a28541e39ce3.png |0      |
|213     |ㅇㅁㄴㅇㅁㄴㅇ          |ㅁㄴㅇㅁㄴㅇㅁㄴㅁㄴ      |2024-12-06 09:29:56 |33             |ㅜㅜ       |a6ace6db-926a-4045-a622-a28541e39ce3.png |0      |
|212     |ㅁㄴㅇ              |헤헤헤헤헤           |2024-12-06 09:26:39 |33             |ㅜㅜ       |a6ace6db-926a-4045-a622-a28541e39ce3.png |1      |
|211     |제발요              |제발              |2024-12-06 09:23:17 |33             |ㅜㅜ       |a6ace6db-926a-4045-a622-a28541e39ce3.png |0      |
|210     |저능해....          |꺄아~~~           |2024-12-06 08:54:15 |4              |미니미      |null                                     |1      |
|199     |Sample Content   |Sample Location |2024-12-05 20:35:26 |1              |aa       |a99bef24-b661-48eb-911a-99ab0ed2832a.jpg |1      |
|195     |피해자면은 그냥 가만히 계셔요 |머니게임            |2024-12-03 16:32:05 |8              |22       |null                                     |0      |
|194     |냐옹~ 힐링하라냥        |따뜻한 안방          |2024-12-03 13:11:04 |11             |괴도그린     |fa0bf5e6-2955-4980-a764-8b4acfe05ad3.jpg |0      |
|--------|-----------------|----------------|--------------------|---------------|---------|-----------------------------------------|-------|

[2024-12-13 11:35:21 DEBUGhttp-nio-8080-exec-7] [jdbc.sqltiming]  com.zaxxer.hikari.pool.ProxyPreparedStatement.execute(ProxyPreparedStatement.java:44)
1. SELECT feed_id AS feedId
        , pic
        FROM feed_pic
        WHERE feed_id in
         (  
            233
         , 
            232
         , 
            231
         , 
            230
         , 
            229
         , 
            228
         , 
            227
         , 
            226
         , 
            222
         , 
            217
         , 
            216
         , 
            215
         , 
            214
         , 
            213
         , 
            212
         , 
            211
         , 
            210
         , 
            199
         , 
            195
         , 
            194
         )
 {executed in 0 msec}
[2024-12-13 11:35:21 INFO http-nio-8080-exec-7] [jdbc.resultsettable] 
|--------|-----------------------------------------|
|feed_id |pic                                      |
|--------|-----------------------------------------|
|194     |5f065f35-7080-477a-86cb-abe660c3c732.jpg |
|195     |4d69290d-69a9-40b1-8667-e7ed85ff8deb.png |
|210     |50794441-8a5f-4cc9-9685-208245af59d6.jpg |
|211     |009a01a9-7cef-4fc5-876c-5ede45dd4fc2.png |
|212     |b6d90a6f-617f-48f8-b1a5-dfd604eb309b.gif |
|213     |bfd5c206-a322-4f6c-a0b6-06e2a021ad8a.png |
|214     |2759dc87-444a-4b89-bc3a-35751aa27fae.png |
|215     |3496ae2b-1a05-4253-9339-50394d54d245.png |
|216     |114415da-5b30-4851-9d33-681c52befb08.gif |
|217     |9ed03755-88f1-4658-a20d-29bb4876b24b.png |
|217     |e3418cba-faa0-491a-994f-ca87e14a5def.gif |
|217     |edea2ab7-d8bf-4c25-ad81-a65ac86dbc69.png |
|222     |f967f878-cd70-4ec4-9acd-089f7b6db5e6.png |
|226     |dab5b0f5-bf43-4da5-b967-e3cb51bdbb2a.png |
|227     |2e47d178-ee29-40d6-b1cd-a773e956d19c.gif |
|228     |4cfffab8-1fe3-42fb-b0e1-fc2fdedaec17.png |
|229     |e2b79828-fdc6-4015-a3fb-61b3896f861f.png |
|230     |28732f5d-a8f4-41be-90bd-3028a68fccf4.png |
|231     |ac2c0af2-7000-4d22-a4e1-57d13ecacf0d.gif |
|232     |b83e7a6d-91aa-4c89-8f9c-9a241076deb5.png |
|233     |92898300-a3e2-4554-9532-4278613bbaa2.png |
|--------|-----------------------------------------|

[2024-12-13 11:35:21 DEBUGhttp-nio-8080-exec-7] [jdbc.sqltiming]  com.zaxxer.hikari.pool.ProxyPreparedStatement.execute(ProxyPreparedStatement.java:44)
1. SELECT
        A.feed_id,
        A.feed_comment_id,
        A.comment,
        U.user_id AS writerUserId,
        IF(U.nick_name IS NULL, U.uid, U.nick_name) AS writerName,
        U.pic AS writerPic
        FROM feed_comment A
        LEFT JOIN user U ON A.user_id = U.user_id
         WHERE A.feed_id IN
                (
                    233
                ,
                    232
                ,
                    231
                ,
                    230
                ,
                    229
                ,
                    228
                ,
                    227
                ,
                    226
                ,
                    222
                ,
                    217
                ,
                    216
                ,
                    215
                ,
                    214
                ,
                    213
                ,
                    212
                ,
                    211
                ,
                    210
                ,
                    199
                ,
                    195
                ,
                    194
                ) 
        AND (
        SELECT COUNT(*)
        FROM feed_comment C
        WHERE C.feed_id = A.feed_id
        AND C.feed_comment_id  <  A.feed_comment_id
        )  <  4
        ORDER BY A.feed_id DESC, A.feed_comment_id DESC
 {executed in 2 msec}
[2024-12-13 11:35:21 INFO http-nio-8080-exec-7] [jdbc.resultsettable] 
|--------|----------------|------------|--------|-----------|-----------------------------------------|
|feed_id |feed_comment_id |comment     |user_id |writername |pic                                      |
|--------|----------------|------------|--------|-----------|-----------------------------------------|
|232     |68              |ㄱㄱㄱㄱㄱ       |2       |쩡미깜띠기ㅎㅎㅎ   |00afc96e-0786-4ee5-8be4-8c9b2ef2bd86.gif |
|232     |65              |dddd        |2       |쩡미깜띠기ㅎㅎㅎ   |00afc96e-0786-4ee5-8be4-8c9b2ef2bd86.gif |
|232     |62              |ㄹㄹㄹㄹ        |2       |쩡미깜띠기ㅎㅎㅎ   |00afc96e-0786-4ee5-8be4-8c9b2ef2bd86.gif |
|232     |61              |ㄹㄹㄹㄹㄹ       |2       |쩡미깜띠기ㅎㅎㅎ   |00afc96e-0786-4ee5-8be4-8c9b2ef2bd86.gif |
|228     |77              |ㅇㅇㅇㅇㅇ       |2       |쩡미깜띠기ㅎㅎㅎ   |00afc96e-0786-4ee5-8be4-8c9b2ef2bd86.gif |
|222     |67              |dddd        |2       |쩡미깜띠기ㅎㅎㅎ   |00afc96e-0786-4ee5-8be4-8c9b2ef2bd86.gif |
|217     |51              |ㅇㅇㅇㅇㅇ       |33      |ㅜㅜ         |a6ace6db-926a-4045-a622-a28541e39ce3.png |
|215     |63              |진짜 변태같이 그렸다 |2       |쩡미깜띠기ㅎㅎㅎ   |00afc96e-0786-4ee5-8be4-8c9b2ef2bd86.gif |
|212     |72              |ㅌㅌㅌ         |2       |쩡미깜띠기ㅎㅎㅎ   |00afc96e-0786-4ee5-8be4-8c9b2ef2bd86.gif |
|211     |41              |ㅋㅋㅋㅋ        |33      |ㅜㅜ         |a6ace6db-926a-4045-a622-a28541e39ce3.png |
|211     |40              |ㅋㅋㅋㅋ        |33      |ㅜㅜ         |a6ace6db-926a-4045-a622-a28541e39ce3.png |
|210     |73              |ㅌㅌㅌㅌㅌ       |2       |쩡미깜띠기ㅎㅎㅎ   |00afc96e-0786-4ee5-8be4-8c9b2ef2bd86.gif |
|210     |44              |sssss       |33      |ㅜㅜ         |a6ace6db-926a-4045-a622-a28541e39ce3.png |
|210     |43              |sss         |33      |ㅜㅜ         |a6ace6db-926a-4045-a622-a28541e39ce3.png |
|210     |39              |ㅋㅋㅋ         |4       |미니미        |null                                     |
|199     |71              |ㅌㅌㅌ         |2       |쩡미깜띠기ㅎㅎㅎ   |00afc96e-0786-4ee5-8be4-8c9b2ef2bd86.gif |
|199     |70              |ㅌㅌㅌ         |2       |쩡미깜띠기ㅎㅎㅎ   |00afc96e-0786-4ee5-8be4-8c9b2ef2bd86.gif |
|195     |46              |죽어          |33      |ㅜㅜ         |a6ace6db-926a-4045-a622-a28541e39ce3.png |
|194     |21              |냐옹~         |11      |괴도그린       |fa0bf5e6-2955-4980-a764-8b4acfe05ad3.jpg |
|194     |20              |냐오~         |11      |괴도그린       |fa0bf5e6-2955-4980-a764-8b4acfe05ad3.jpg |
|194     |19              |힐링 마렵다냥     |11      |괴도그린       |fa0bf5e6-2955-4980-a764-8b4acfe05ad3.jpg |
|--------|----------------|------------|--------|-----------|-----------------------------------------|

[2024-12-13 11:35:29 INFO http-nio-8080-exec-5] [com.green.greengram.user.UserController] userController > getUserInfo > p: UserInfoGetReq(signedUserId=2, profileUserId=2)
[2024-12-13 11:35:29 INFO http-nio-8080-exec-7] [com.green.greengram.feed.FeedController] FeedController > getFeedList > p : FeedGetReq(super=Paging(page=1, size=20, startIdx=0), signedUserId=2, profileUserId=2, feedIds=null)
[2024-12-13 11:35:29 DEBUGhttp-nio-8080-exec-7] [jdbc.sqltiming]  com.zaxxer.hikari.pool.ProxyPreparedStatement.execute(ProxyPreparedStatement.java:44)
2. SELECT A.feed_id AS feedId, A.contents, A.location
        , A.created_at AS createdAt
        , A.writer_user_id AS writerUserId
        , IF(B.nick_name IS NULL, B.uid, B.nick_name) AS writerNm
        , B.pic AS writerPic
        , IF(C.feed_id IS NULL, 0, 1) AS isLike
        FROM feed A
        INNER JOIN user B
        ON A.writer_user_id = B.user_id
        LEFT JOIN feed_like C
        ON A.feed_id = C.feed_id
        AND C.user_id = 2

            WHERE A.writer_user_id = 2

        ORDER BY A.feed_id DESC
        LIMIT 0, 20
 {executed in 1 msec}
[2024-12-13 11:35:29 DEBUGhttp-nio-8080-exec-5] [jdbc.sqltiming]  com.zaxxer.hikari.pool.ProxyPreparedStatement.execute(ProxyPreparedStatement.java:44)
1. SELECT A.user_id AS userId, A.pic, A.created_at AS createdAt
        , IF(A.nick_name IS NULL, A.uid, A.nick_name) AS nickName
        , COUNT(DISTINCT F1.from_user_id, F1.to_user_id) AS `follower`
        , COUNT(DISTINCT F2.from_user_id, F2.to_user_id) AS `following`
        , COUNT(DISTINCT F3.feed_id) AS feedCount
        , COUNT(DISTINCT F4.feed_id, F4.user_id) AS myFeedLikeCount
        , MAX(IF(F1.from_user_id = 2, 1, 0))
        + MAX(IF(F2.to_user_id = 2, 2, 0)) AS followState
        FROM user A
        LEFT JOIN user_follow F1
        ON A.user_id = F1.to_user_id  -- 프로필 사용자를 팔로잉한 다른 사용자
        LEFT JOIN user_follow F2
        ON A.user_id = F2.from_user_id -- 프로필 사용자가 팔로잉한 다른 사용자
        LEFT JOIN feed F3
        ON A.user_id = F3.writer_user_id -- 프로필 사용자가 작성한 피드
        LEFT JOIN feed_like F4
        ON F3.feed_id = F4.feed_id -- 프로필 사용자의 피드의 좋아요 정보
        WHERE A.user_id = 2;
 {executed in 2 msec}
[2024-12-13 11:35:29 INFO http-nio-8080-exec-5] [jdbc.resultsettable] 
|--------|-----------------------------------------|--------------------|---------|---------|----------|----------|----------------|------------|
|user_id |pic                                      |created_at          |nickname |follower |following |feedcount |myfeedlikecount |followstate |
|--------|-----------------------------------------|--------------------|---------|---------|----------|----------|----------------|------------|
|2       |00afc96e-0786-4ee5-8be4-8c9b2ef2bd86.gif |2024-11-29 12:30:29 |쩡미깜띠기ㅎㅎㅎ |0        |3         |9         |3               |0           |
|--------|-----------------------------------------|--------------------|---------|---------|----------|----------|----------------|------------|

[2024-12-13 11:35:29 INFO http-nio-8080-exec-7] [jdbc.resultsettable] 
|--------|---------|---------|--------------------|---------------|---------|-----------------------------------------|-------|
|feed_id |contents |location |created_at          |writer_user_id |writernm |pic                                      |islike |
|--------|---------|---------|--------------------|---------------|---------|-----------------------------------------|-------|
|233     |ㄴㄴㄴㄴ     |ㄴㄴㄴ      |2024-12-11 17:21:38 |2              |쩡미깜띠기ㅎㅎㅎ |00afc96e-0786-4ee5-8be4-8c9b2ef2bd86.gif |0      |
|232     |ㅎㅎㅎㅎㅎㅎㅎ  |헤헤헤헤헤    |2024-12-10 10:55:19 |2              |쩡미깜띠기ㅎㅎㅎ |00afc96e-0786-4ee5-8be4-8c9b2ef2bd86.gif |1      |
|231     |ffffff   |ffff     |2024-12-10 10:54:13 |2              |쩡미깜띠기ㅎㅎㅎ |00afc96e-0786-4ee5-8be4-8c9b2ef2bd86.gif |1      |
|230     |fgfgf    |fff      |2024-12-10 10:53:50 |2              |쩡미깜띠기ㅎㅎㅎ |00afc96e-0786-4ee5-8be4-8c9b2ef2bd86.gif |1      |
|229     |zzz      |zzz      |2024-12-10 10:51:07 |2              |쩡미깜띠기ㅎㅎㅎ |00afc96e-0786-4ee5-8be4-8c9b2ef2bd86.gif |0      |
|228     |sss      |aaaa     |2024-12-10 10:50:00 |2              |쩡미깜띠기ㅎㅎㅎ |00afc96e-0786-4ee5-8be4-8c9b2ef2bd86.gif |0      |
|227     |dgggg    |gd       |2024-12-10 10:49:50 |2              |쩡미깜띠기ㅎㅎㅎ |00afc96e-0786-4ee5-8be4-8c9b2ef2bd86.gif |0      |
|226     |ggg      |gg       |2024-12-10 10:49:12 |2              |쩡미깜띠기ㅎㅎㅎ |00afc96e-0786-4ee5-8be4-8c9b2ef2bd86.gif |0      |
|222     |zzz      |zz       |2024-12-10 08:56:23 |2              |쩡미깜띠기ㅎㅎㅎ |00afc96e-0786-4ee5-8be4-8c9b2ef2bd86.gif |0      |
|--------|---------|---------|--------------------|---------------|---------|-----------------------------------------|-------|

[2024-12-13 11:35:29 DEBUGhttp-nio-8080-exec-7] [jdbc.sqltiming]  com.zaxxer.hikari.pool.ProxyPreparedStatement.execute(ProxyPreparedStatement.java:44)
2. SELECT feed_id AS feedId
        , pic
        FROM feed_pic
        WHERE feed_id in
         (  
            233
         , 
            232
         , 
            231
         , 
            230
         , 
            229
         , 
            228
         , 
            227
         , 
            226
         , 
            222
         )
 {executed in 0 msec}
[2024-12-13 11:35:29 INFO http-nio-8080-exec-7] [jdbc.resultsettable] 
|--------|-----------------------------------------|
|feed_id |pic                                      |
|--------|-----------------------------------------|
|222     |f967f878-cd70-4ec4-9acd-089f7b6db5e6.png |
|226     |dab5b0f5-bf43-4da5-b967-e3cb51bdbb2a.png |
|227     |2e47d178-ee29-40d6-b1cd-a773e956d19c.gif |
|228     |4cfffab8-1fe3-42fb-b0e1-fc2fdedaec17.png |
|229     |e2b79828-fdc6-4015-a3fb-61b3896f861f.png |
|230     |28732f5d-a8f4-41be-90bd-3028a68fccf4.png |
|231     |ac2c0af2-7000-4d22-a4e1-57d13ecacf0d.gif |
|232     |b83e7a6d-91aa-4c89-8f9c-9a241076deb5.png |
|233     |92898300-a3e2-4554-9532-4278613bbaa2.png |
|--------|-----------------------------------------|

[2024-12-13 11:35:29 DEBUGhttp-nio-8080-exec-7] [jdbc.sqltiming]  com.zaxxer.hikari.pool.ProxyPreparedStatement.execute(ProxyPreparedStatement.java:44)
2. SELECT
        A.feed_id,
        A.feed_comment_id,
        A.comment,
        U.user_id AS writerUserId,
        IF(U.nick_name IS NULL, U.uid, U.nick_name) AS writerName,
        U.pic AS writerPic
        FROM feed_comment A
        LEFT JOIN user U ON A.user_id = U.user_id
         WHERE A.feed_id IN
                (
                    233
                ,
                    232
                ,
                    231
                ,
                    230
                ,
                    229
                ,
                    228
                ,
                    227
                ,
                    226
                ,
                    222
                ) 
        AND (
        SELECT COUNT(*)
        FROM feed_comment C
        WHERE C.feed_id = A.feed_id
        AND C.feed_comment_id  <  A.feed_comment_id
        )  <  4
        ORDER BY A.feed_id DESC, A.feed_comment_id DESC
 {executed in 0 msec}
[2024-12-13 11:35:29 INFO http-nio-8080-exec-7] [jdbc.resultsettable] 
|--------|----------------|--------|--------|-----------|-----------------------------------------|
|feed_id |feed_comment_id |comment |user_id |writername |pic                                      |
|--------|----------------|--------|--------|-----------|-----------------------------------------|
|232     |68              |ㄱㄱㄱㄱㄱ   |2       |쩡미깜띠기ㅎㅎㅎ   |00afc96e-0786-4ee5-8be4-8c9b2ef2bd86.gif |
|232     |65              |dddd    |2       |쩡미깜띠기ㅎㅎㅎ   |00afc96e-0786-4ee5-8be4-8c9b2ef2bd86.gif |
|232     |62              |ㄹㄹㄹㄹ    |2       |쩡미깜띠기ㅎㅎㅎ   |00afc96e-0786-4ee5-8be4-8c9b2ef2bd86.gif |
|232     |61              |ㄹㄹㄹㄹㄹ   |2       |쩡미깜띠기ㅎㅎㅎ   |00afc96e-0786-4ee5-8be4-8c9b2ef2bd86.gif |
|228     |77              |ㅇㅇㅇㅇㅇ   |2       |쩡미깜띠기ㅎㅎㅎ   |00afc96e-0786-4ee5-8be4-8c9b2ef2bd86.gif |
|222     |67              |dddd    |2       |쩡미깜띠기ㅎㅎㅎ   |00afc96e-0786-4ee5-8be4-8c9b2ef2bd86.gif |
|--------|----------------|--------|--------|-----------|-----------------------------------------|

[2024-12-13 11:35:32 INFO http-nio-8080-exec-8] [com.green.greengram.feed.FeedController] FeedController > getFeedList > p : FeedGetReq(super=Paging(page=1, size=20, startIdx=0), signedUserId=2, profileUserId=null, feedIds=null)
[2024-12-13 11:35:32 DEBUGhttp-nio-8080-exec-8] [jdbc.sqltiming]  com.zaxxer.hikari.pool.ProxyPreparedStatement.execute(ProxyPreparedStatement.java:44)
1. SELECT A.feed_id AS feedId, A.contents, A.location
        , A.created_at AS createdAt
        , A.writer_user_id AS writerUserId
        , IF(B.nick_name IS NULL, B.uid, B.nick_name) AS writerNm
        , B.pic AS writerPic
        , IF(C.feed_id IS NULL, 0, 1) AS isLike
        FROM feed A
        INNER JOIN user B
        ON A.writer_user_id = B.user_id
        LEFT JOIN feed_like C
        ON A.feed_id = C.feed_id
        AND C.user_id = 2

        ORDER BY A.feed_id DESC
        LIMIT 0, 20
 {executed in 0 msec}
[2024-12-13 11:35:32 INFO http-nio-8080-exec-8] [jdbc.resultsettable] 
|--------|-----------------|----------------|--------------------|---------------|---------|-----------------------------------------|-------|
|feed_id |contents         |location        |created_at          |writer_user_id |writernm |pic                                      |islike |
|--------|-----------------|----------------|--------------------|---------------|---------|-----------------------------------------|-------|
|233     |ㄴㄴㄴㄴ             |ㄴㄴㄴ             |2024-12-11 17:21:38 |2              |쩡미깜띠기ㅎㅎㅎ |00afc96e-0786-4ee5-8be4-8c9b2ef2bd86.gif |0      |
|232     |ㅎㅎㅎㅎㅎㅎㅎ          |헤헤헤헤헤           |2024-12-10 10:55:19 |2              |쩡미깜띠기ㅎㅎㅎ |00afc96e-0786-4ee5-8be4-8c9b2ef2bd86.gif |1      |
|231     |ffffff           |ffff            |2024-12-10 10:54:13 |2              |쩡미깜띠기ㅎㅎㅎ |00afc96e-0786-4ee5-8be4-8c9b2ef2bd86.gif |1      |
|230     |fgfgf            |fff             |2024-12-10 10:53:50 |2              |쩡미깜띠기ㅎㅎㅎ |00afc96e-0786-4ee5-8be4-8c9b2ef2bd86.gif |1      |
|229     |zzz              |zzz             |2024-12-10 10:51:07 |2              |쩡미깜띠기ㅎㅎㅎ |00afc96e-0786-4ee5-8be4-8c9b2ef2bd86.gif |0      |
|228     |sss              |aaaa            |2024-12-10 10:50:00 |2              |쩡미깜띠기ㅎㅎㅎ |00afc96e-0786-4ee5-8be4-8c9b2ef2bd86.gif |0      |
|227     |dgggg            |gd              |2024-12-10 10:49:50 |2              |쩡미깜띠기ㅎㅎㅎ |00afc96e-0786-4ee5-8be4-8c9b2ef2bd86.gif |0      |
|226     |ggg              |gg              |2024-12-10 10:49:12 |2              |쩡미깜띠기ㅎㅎㅎ |00afc96e-0786-4ee5-8be4-8c9b2ef2bd86.gif |0      |
|222     |zzz              |zz              |2024-12-10 08:56:23 |2              |쩡미깜띠기ㅎㅎㅎ |00afc96e-0786-4ee5-8be4-8c9b2ef2bd86.gif |0      |
|217     |ㅋㅋㅋㅋ             |ㅋㅋㅋ             |2024-12-06 09:37:27 |33             |ㅜㅜ       |a6ace6db-926a-4045-a622-a28541e39ce3.png |0      |
|216     |ㅍㅍㅍㅍ             |ㅍㅍ              |2024-12-06 09:37:14 |33             |ㅜㅜ       |a6ace6db-926a-4045-a622-a28541e39ce3.png |0      |
|215     |ㅠㅠㅠㅠㅠㅠㅠㅠ         |ㅠㅠ              |2024-12-06 09:35:19 |33             |ㅜㅜ       |a6ace6db-926a-4045-a622-a28541e39ce3.png |0      |
|214     |ㅁㄴㅇㅁㄴㅇ           |ㅁㄴㅇㅁㄴㅇ          |2024-12-06 09:30:38 |33             |ㅜㅜ       |a6ace6db-926a-4045-a622-a28541e39ce3.png |0      |
|213     |ㅇㅁㄴㅇㅁㄴㅇ          |ㅁㄴㅇㅁㄴㅇㅁㄴㅁㄴ      |2024-12-06 09:29:56 |33             |ㅜㅜ       |a6ace6db-926a-4045-a622-a28541e39ce3.png |0      |
|212     |ㅁㄴㅇ              |헤헤헤헤헤           |2024-12-06 09:26:39 |33             |ㅜㅜ       |a6ace6db-926a-4045-a622-a28541e39ce3.png |1      |
|211     |제발요              |제발              |2024-12-06 09:23:17 |33             |ㅜㅜ       |a6ace6db-926a-4045-a622-a28541e39ce3.png |0      |
|210     |저능해....          |꺄아~~~           |2024-12-06 08:54:15 |4              |미니미      |null                                     |1      |
|199     |Sample Content   |Sample Location |2024-12-05 20:35:26 |1              |aa       |a99bef24-b661-48eb-911a-99ab0ed2832a.jpg |1      |
|195     |피해자면은 그냥 가만히 계셔요 |머니게임            |2024-12-03 16:32:05 |8              |22       |null                                     |0      |
|194     |냐옹~ 힐링하라냥        |따뜻한 안방          |2024-12-03 13:11:04 |11             |괴도그린     |fa0bf5e6-2955-4980-a764-8b4acfe05ad3.jpg |0      |
|--------|-----------------|----------------|--------------------|---------------|---------|-----------------------------------------|-------|

[2024-12-13 11:35:32 DEBUGhttp-nio-8080-exec-8] [jdbc.sqltiming]  com.zaxxer.hikari.pool.ProxyPreparedStatement.execute(ProxyPreparedStatement.java:44)
1. SELECT feed_id AS feedId
        , pic
        FROM feed_pic
        WHERE feed_id in
         (  
            233
         , 
            232
         , 
            231
         , 
            230
         , 
            229
         , 
            228
         , 
            227
         , 
            226
         , 
            222
         , 
            217
         , 
            216
         , 
            215
         , 
            214
         , 
            213
         , 
            212
         , 
            211
         , 
            210
         , 
            199
         , 
            195
         , 
            194
         )
 {executed in 1 msec}
[2024-12-13 11:35:32 INFO http-nio-8080-exec-8] [jdbc.resultsettable] 
|--------|-----------------------------------------|
|feed_id |pic                                      |
|--------|-----------------------------------------|
|194     |5f065f35-7080-477a-86cb-abe660c3c732.jpg |
|195     |4d69290d-69a9-40b1-8667-e7ed85ff8deb.png |
|210     |50794441-8a5f-4cc9-9685-208245af59d6.jpg |
|211     |009a01a9-7cef-4fc5-876c-5ede45dd4fc2.png |
|212     |b6d90a6f-617f-48f8-b1a5-dfd604eb309b.gif |
|213     |bfd5c206-a322-4f6c-a0b6-06e2a021ad8a.png |
|214     |2759dc87-444a-4b89-bc3a-35751aa27fae.png |
|215     |3496ae2b-1a05-4253-9339-50394d54d245.png |
|216     |114415da-5b30-4851-9d33-681c52befb08.gif |
|217     |9ed03755-88f1-4658-a20d-29bb4876b24b.png |
|217     |e3418cba-faa0-491a-994f-ca87e14a5def.gif |
|217     |edea2ab7-d8bf-4c25-ad81-a65ac86dbc69.png |
|222     |f967f878-cd70-4ec4-9acd-089f7b6db5e6.png |
|226     |dab5b0f5-bf43-4da5-b967-e3cb51bdbb2a.png |
|227     |2e47d178-ee29-40d6-b1cd-a773e956d19c.gif |
|228     |4cfffab8-1fe3-42fb-b0e1-fc2fdedaec17.png |
|229     |e2b79828-fdc6-4015-a3fb-61b3896f861f.png |
|230     |28732f5d-a8f4-41be-90bd-3028a68fccf4.png |
|231     |ac2c0af2-7000-4d22-a4e1-57d13ecacf0d.gif |
|232     |b83e7a6d-91aa-4c89-8f9c-9a241076deb5.png |
|233     |92898300-a3e2-4554-9532-4278613bbaa2.png |
|--------|-----------------------------------------|

[2024-12-13 11:35:32 DEBUGhttp-nio-8080-exec-8] [jdbc.sqltiming]  com.zaxxer.hikari.pool.ProxyPreparedStatement.execute(ProxyPreparedStatement.java:44)
1. SELECT
        A.feed_id,
        A.feed_comment_id,
        A.comment,
        U.user_id AS writerUserId,
        IF(U.nick_name IS NULL, U.uid, U.nick_name) AS writerName,
        U.pic AS writerPic
        FROM feed_comment A
        LEFT JOIN user U ON A.user_id = U.user_id
         WHERE A.feed_id IN
                (
                    233
                ,
                    232
                ,
                    231
                ,
                    230
                ,
                    229
                ,
                    228
                ,
                    227
                ,
                    226
                ,
                    222
                ,
                    217
                ,
                    216
                ,
                    215
                ,
                    214
                ,
                    213
                ,
                    212
                ,
                    211
                ,
                    210
                ,
                    199
                ,
                    195
                ,
                    194
                ) 
        AND (
        SELECT COUNT(*)
        FROM feed_comment C
        WHERE C.feed_id = A.feed_id
        AND C.feed_comment_id  <  A.feed_comment_id
        )  <  4
        ORDER BY A.feed_id DESC, A.feed_comment_id DESC
 {executed in 1 msec}
[2024-12-13 11:35:32 INFO http-nio-8080-exec-8] [jdbc.resultsettable] 
|--------|----------------|------------|--------|-----------|-----------------------------------------|
|feed_id |feed_comment_id |comment     |user_id |writername |pic                                      |
|--------|----------------|------------|--------|-----------|-----------------------------------------|
|232     |68              |ㄱㄱㄱㄱㄱ       |2       |쩡미깜띠기ㅎㅎㅎ   |00afc96e-0786-4ee5-8be4-8c9b2ef2bd86.gif |
|232     |65              |dddd        |2       |쩡미깜띠기ㅎㅎㅎ   |00afc96e-0786-4ee5-8be4-8c9b2ef2bd86.gif |
|232     |62              |ㄹㄹㄹㄹ        |2       |쩡미깜띠기ㅎㅎㅎ   |00afc96e-0786-4ee5-8be4-8c9b2ef2bd86.gif |
|232     |61              |ㄹㄹㄹㄹㄹ       |2       |쩡미깜띠기ㅎㅎㅎ   |00afc96e-0786-4ee5-8be4-8c9b2ef2bd86.gif |
|228     |77              |ㅇㅇㅇㅇㅇ       |2       |쩡미깜띠기ㅎㅎㅎ   |00afc96e-0786-4ee5-8be4-8c9b2ef2bd86.gif |
|222     |67              |dddd        |2       |쩡미깜띠기ㅎㅎㅎ   |00afc96e-0786-4ee5-8be4-8c9b2ef2bd86.gif |
|217     |51              |ㅇㅇㅇㅇㅇ       |33      |ㅜㅜ         |a6ace6db-926a-4045-a622-a28541e39ce3.png |
|215     |63              |진짜 변태같이 그렸다 |2       |쩡미깜띠기ㅎㅎㅎ   |00afc96e-0786-4ee5-8be4-8c9b2ef2bd86.gif |
|212     |72              |ㅌㅌㅌ         |2       |쩡미깜띠기ㅎㅎㅎ   |00afc96e-0786-4ee5-8be4-8c9b2ef2bd86.gif |
|211     |41              |ㅋㅋㅋㅋ        |33      |ㅜㅜ         |a6ace6db-926a-4045-a622-a28541e39ce3.png |
|211     |40              |ㅋㅋㅋㅋ        |33      |ㅜㅜ         |a6ace6db-926a-4045-a622-a28541e39ce3.png |
|210     |73              |ㅌㅌㅌㅌㅌ       |2       |쩡미깜띠기ㅎㅎㅎ   |00afc96e-0786-4ee5-8be4-8c9b2ef2bd86.gif |
|210     |44              |sssss       |33      |ㅜㅜ         |a6ace6db-926a-4045-a622-a28541e39ce3.png |
|210     |43              |sss         |33      |ㅜㅜ         |a6ace6db-926a-4045-a622-a28541e39ce3.png |
|210     |39              |ㅋㅋㅋ         |4       |미니미        |null                                     |
|199     |71              |ㅌㅌㅌ         |2       |쩡미깜띠기ㅎㅎㅎ   |00afc96e-0786-4ee5-8be4-8c9b2ef2bd86.gif |
|199     |70              |ㅌㅌㅌ         |2       |쩡미깜띠기ㅎㅎㅎ   |00afc96e-0786-4ee5-8be4-8c9b2ef2bd86.gif |
|195     |46              |죽어          |33      |ㅜㅜ         |a6ace6db-926a-4045-a622-a28541e39ce3.png |
|194     |21              |냐옹~         |11      |괴도그린       |fa0bf5e6-2955-4980-a764-8b4acfe05ad3.jpg |
|194     |20              |냐오~         |11      |괴도그린       |fa0bf5e6-2955-4980-a764-8b4acfe05ad3.jpg |
|194     |19              |힐링 마렵다냥     |11      |괴도그린       |fa0bf5e6-2955-4980-a764-8b4acfe05ad3.jpg |
|--------|----------------|------------|--------|-----------|-----------------------------------------|

[2024-12-13 11:35:36 INFO http-nio-8080-exec-6] [com.green.greengram.user.UserController] userController > getUserInfo > p: UserInfoGetReq(signedUserId=2, profileUserId=33)
[2024-12-13 11:35:36 INFO http-nio-8080-exec-5] [com.green.greengram.feed.FeedController] FeedController > getFeedList > p : FeedGetReq(super=Paging(page=1, size=20, startIdx=0), signedUserId=2, profileUserId=33, feedIds=null)
[2024-12-13 11:35:36 DEBUGhttp-nio-8080-exec-5] [jdbc.sqltiming]  com.zaxxer.hikari.pool.ProxyPreparedStatement.execute(ProxyPreparedStatement.java:44)
2. SELECT A.feed_id AS feedId, A.contents, A.location
        , A.created_at AS createdAt
        , A.writer_user_id AS writerUserId
        , IF(B.nick_name IS NULL, B.uid, B.nick_name) AS writerNm
        , B.pic AS writerPic
        , IF(C.feed_id IS NULL, 0, 1) AS isLike
        FROM feed A
        INNER JOIN user B
        ON A.writer_user_id = B.user_id
        LEFT JOIN feed_like C
        ON A.feed_id = C.feed_id
        AND C.user_id = 2

            WHERE A.writer_user_id = 33

        ORDER BY A.feed_id DESC
        LIMIT 0, 20
 {executed in 0 msec}
[2024-12-13 11:35:36 DEBUGhttp-nio-8080-exec-6] [jdbc.sqltiming]  com.zaxxer.hikari.pool.ProxyPreparedStatement.execute(ProxyPreparedStatement.java:44)
1. SELECT A.user_id AS userId, A.pic, A.created_at AS createdAt
        , IF(A.nick_name IS NULL, A.uid, A.nick_name) AS nickName
        , COUNT(DISTINCT F1.from_user_id, F1.to_user_id) AS `follower`
        , COUNT(DISTINCT F2.from_user_id, F2.to_user_id) AS `following`
        , COUNT(DISTINCT F3.feed_id) AS feedCount
        , COUNT(DISTINCT F4.feed_id, F4.user_id) AS myFeedLikeCount
        , MAX(IF(F1.from_user_id = 2, 1, 0))
        + MAX(IF(F2.to_user_id = 2, 2, 0)) AS followState
        FROM user A
        LEFT JOIN user_follow F1
        ON A.user_id = F1.to_user_id  -- 프로필 사용자를 팔로잉한 다른 사용자
        LEFT JOIN user_follow F2
        ON A.user_id = F2.from_user_id -- 프로필 사용자가 팔로잉한 다른 사용자
        LEFT JOIN feed F3
        ON A.user_id = F3.writer_user_id -- 프로필 사용자가 작성한 피드
        LEFT JOIN feed_like F4
        ON F3.feed_id = F4.feed_id -- 프로필 사용자의 피드의 좋아요 정보
        WHERE A.user_id = 33;
 {executed in 0 msec}
[2024-12-13 11:35:36 INFO http-nio-8080-exec-6] [jdbc.resultsettable] 
|--------|-----------------------------------------|--------------------|---------|---------|----------|----------|----------------|------------|
|user_id |pic                                      |created_at          |nickname |follower |following |feedcount |myfeedlikecount |followstate |
|--------|-----------------------------------------|--------------------|---------|---------|----------|----------|----------------|------------|
|33      |a6ace6db-926a-4045-a622-a28541e39ce3.png |2024-12-06 09:22:52 |ㅜㅜ       |3        |1         |7         |2               |1           |
|--------|-----------------------------------------|--------------------|---------|---------|----------|----------|----------------|------------|

[2024-12-13 11:35:36 INFO http-nio-8080-exec-5] [jdbc.resultsettable] 
|--------|---------|-----------|--------------------|---------------|---------|-----------------------------------------|-------|
|feed_id |contents |location   |created_at          |writer_user_id |writernm |pic                                      |islike |
|--------|---------|-----------|--------------------|---------------|---------|-----------------------------------------|-------|
|217     |ㅋㅋㅋㅋ     |ㅋㅋㅋ        |2024-12-06 09:37:27 |33             |ㅜㅜ       |a6ace6db-926a-4045-a622-a28541e39ce3.png |0      |
|216     |ㅍㅍㅍㅍ     |ㅍㅍ         |2024-12-06 09:37:14 |33             |ㅜㅜ       |a6ace6db-926a-4045-a622-a28541e39ce3.png |0      |
|215     |ㅠㅠㅠㅠㅠㅠㅠㅠ |ㅠㅠ         |2024-12-06 09:35:19 |33             |ㅜㅜ       |a6ace6db-926a-4045-a622-a28541e39ce3.png |0      |
|214     |ㅁㄴㅇㅁㄴㅇ   |ㅁㄴㅇㅁㄴㅇ     |2024-12-06 09:30:38 |33             |ㅜㅜ       |a6ace6db-926a-4045-a622-a28541e39ce3.png |0      |
|213     |ㅇㅁㄴㅇㅁㄴㅇ  |ㅁㄴㅇㅁㄴㅇㅁㄴㅁㄴ |2024-12-06 09:29:56 |33             |ㅜㅜ       |a6ace6db-926a-4045-a622-a28541e39ce3.png |0      |
|212     |ㅁㄴㅇ      |헤헤헤헤헤      |2024-12-06 09:26:39 |33             |ㅜㅜ       |a6ace6db-926a-4045-a622-a28541e39ce3.png |1      |
|211     |제발요      |제발         |2024-12-06 09:23:17 |33             |ㅜㅜ       |a6ace6db-926a-4045-a622-a28541e39ce3.png |0      |
|--------|---------|-----------|--------------------|---------------|---------|-----------------------------------------|-------|

[2024-12-13 11:35:36 DEBUGhttp-nio-8080-exec-5] [jdbc.sqltiming]  com.zaxxer.hikari.pool.ProxyPreparedStatement.execute(ProxyPreparedStatement.java:44)
2. SELECT feed_id AS feedId
        , pic
        FROM feed_pic
        WHERE feed_id in
         (  
            217
         , 
            216
         , 
            215
         , 
            214
         , 
            213
         , 
            212
         , 
            211
         )
 {executed in 0 msec}
[2024-12-13 11:35:36 INFO http-nio-8080-exec-5] [jdbc.resultsettable] 
|--------|-----------------------------------------|
|feed_id |pic                                      |
|--------|-----------------------------------------|
|211     |009a01a9-7cef-4fc5-876c-5ede45dd4fc2.png |
|212     |b6d90a6f-617f-48f8-b1a5-dfd604eb309b.gif |
|213     |bfd5c206-a322-4f6c-a0b6-06e2a021ad8a.png |
|214     |2759dc87-444a-4b89-bc3a-35751aa27fae.png |
|215     |3496ae2b-1a05-4253-9339-50394d54d245.png |
|216     |114415da-5b30-4851-9d33-681c52befb08.gif |
|217     |9ed03755-88f1-4658-a20d-29bb4876b24b.png |
|217     |e3418cba-faa0-491a-994f-ca87e14a5def.gif |
|217     |edea2ab7-d8bf-4c25-ad81-a65ac86dbc69.png |
|--------|-----------------------------------------|

[2024-12-13 11:35:36 DEBUGhttp-nio-8080-exec-5] [jdbc.sqltiming]  com.zaxxer.hikari.pool.ProxyPreparedStatement.execute(ProxyPreparedStatement.java:44)
2. SELECT
        A.feed_id,
        A.feed_comment_id,
        A.comment,
        U.user_id AS writerUserId,
        IF(U.nick_name IS NULL, U.uid, U.nick_name) AS writerName,
        U.pic AS writerPic
        FROM feed_comment A
        LEFT JOIN user U ON A.user_id = U.user_id
         WHERE A.feed_id IN
                (
                    217
                ,
                    216
                ,
                    215
                ,
                    214
                ,
                    213
                ,
                    212
                ,
                    211
                ) 
        AND (
        SELECT COUNT(*)
        FROM feed_comment C
        WHERE C.feed_id = A.feed_id
        AND C.feed_comment_id  <  A.feed_comment_id
        )  <  4
        ORDER BY A.feed_id DESC, A.feed_comment_id DESC
 {executed in 1 msec}
[2024-12-13 11:35:36 INFO http-nio-8080-exec-5] [jdbc.resultsettable] 
|--------|----------------|------------|--------|-----------|-----------------------------------------|
|feed_id |feed_comment_id |comment     |user_id |writername |pic                                      |
|--------|----------------|------------|--------|-----------|-----------------------------------------|
|217     |51              |ㅇㅇㅇㅇㅇ       |33      |ㅜㅜ         |a6ace6db-926a-4045-a622-a28541e39ce3.png |
|215     |63              |진짜 변태같이 그렸다 |2       |쩡미깜띠기ㅎㅎㅎ   |00afc96e-0786-4ee5-8be4-8c9b2ef2bd86.gif |
|212     |72              |ㅌㅌㅌ         |2       |쩡미깜띠기ㅎㅎㅎ   |00afc96e-0786-4ee5-8be4-8c9b2ef2bd86.gif |
|211     |41              |ㅋㅋㅋㅋ        |33      |ㅜㅜ         |a6ace6db-926a-4045-a622-a28541e39ce3.png |
|211     |40              |ㅋㅋㅋㅋ        |33      |ㅜㅜ         |a6ace6db-926a-4045-a622-a28541e39ce3.png |
|--------|----------------|------------|--------|-----------|-----------------------------------------|

[2024-12-13 11:35:36 INFO http-nio-8080-exec-7] [com.green.greengram.feed.FeedController] FeedController > getFeedList > p : FeedGetReq(super=Paging(page=1, size=20, startIdx=0), signedUserId=2, profileUserId=33, feedIds=null)
[2024-12-13 11:35:36 DEBUGhttp-nio-8080-exec-7] [jdbc.sqltiming]  com.zaxxer.hikari.pool.ProxyPreparedStatement.execute(ProxyPreparedStatement.java:44)
2. SELECT A.feed_id AS feedId, A.contents, A.location
        , A.created_at AS createdAt
        , A.writer_user_id AS writerUserId
        , IF(B.nick_name IS NULL, B.uid, B.nick_name) AS writerNm
        , B.pic AS writerPic
        , IF(C.feed_id IS NULL, 0, 1) AS isLike
        FROM feed A
        INNER JOIN user B
        ON A.writer_user_id = B.user_id
        LEFT JOIN feed_like C
        ON A.feed_id = C.feed_id
        AND C.user_id = 2

            WHERE A.writer_user_id = 33

        ORDER BY A.feed_id DESC
        LIMIT 0, 20
 {executed in 1 msec}
[2024-12-13 11:35:36 INFO http-nio-8080-exec-7] [jdbc.resultsettable] 
|--------|---------|-----------|--------------------|---------------|---------|-----------------------------------------|-------|
|feed_id |contents |location   |created_at          |writer_user_id |writernm |pic                                      |islike |
|--------|---------|-----------|--------------------|---------------|---------|-----------------------------------------|-------|
|217     |ㅋㅋㅋㅋ     |ㅋㅋㅋ        |2024-12-06 09:37:27 |33             |ㅜㅜ       |a6ace6db-926a-4045-a622-a28541e39ce3.png |0      |
|216     |ㅍㅍㅍㅍ     |ㅍㅍ         |2024-12-06 09:37:14 |33             |ㅜㅜ       |a6ace6db-926a-4045-a622-a28541e39ce3.png |0      |
|215     |ㅠㅠㅠㅠㅠㅠㅠㅠ |ㅠㅠ         |2024-12-06 09:35:19 |33             |ㅜㅜ       |a6ace6db-926a-4045-a622-a28541e39ce3.png |0      |
|214     |ㅁㄴㅇㅁㄴㅇ   |ㅁㄴㅇㅁㄴㅇ     |2024-12-06 09:30:38 |33             |ㅜㅜ       |a6ace6db-926a-4045-a622-a28541e39ce3.png |0      |
|213     |ㅇㅁㄴㅇㅁㄴㅇ  |ㅁㄴㅇㅁㄴㅇㅁㄴㅁㄴ |2024-12-06 09:29:56 |33             |ㅜㅜ       |a6ace6db-926a-4045-a622-a28541e39ce3.png |0      |
|212     |ㅁㄴㅇ      |헤헤헤헤헤      |2024-12-06 09:26:39 |33             |ㅜㅜ       |a6ace6db-926a-4045-a622-a28541e39ce3.png |1      |
|211     |제발요      |제발         |2024-12-06 09:23:17 |33             |ㅜㅜ       |a6ace6db-926a-4045-a622-a28541e39ce3.png |0      |
|--------|---------|-----------|--------------------|---------------|---------|-----------------------------------------|-------|

[2024-12-13 11:35:36 DEBUGhttp-nio-8080-exec-7] [jdbc.sqltiming]  com.zaxxer.hikari.pool.ProxyPreparedStatement.execute(ProxyPreparedStatement.java:44)
2. SELECT feed_id AS feedId
        , pic
        FROM feed_pic
        WHERE feed_id in
         (  
            217
         , 
            216
         , 
            215
         , 
            214
         , 
            213
         , 
            212
         , 
            211
         )
 {executed in 0 msec}
[2024-12-13 11:35:36 INFO http-nio-8080-exec-7] [jdbc.resultsettable] 
|--------|-----------------------------------------|
|feed_id |pic                                      |
|--------|-----------------------------------------|
|211     |009a01a9-7cef-4fc5-876c-5ede45dd4fc2.png |
|212     |b6d90a6f-617f-48f8-b1a5-dfd604eb309b.gif |
|213     |bfd5c206-a322-4f6c-a0b6-06e2a021ad8a.png |
|214     |2759dc87-444a-4b89-bc3a-35751aa27fae.png |
|215     |3496ae2b-1a05-4253-9339-50394d54d245.png |
|216     |114415da-5b30-4851-9d33-681c52befb08.gif |
|217     |9ed03755-88f1-4658-a20d-29bb4876b24b.png |
|217     |e3418cba-faa0-491a-994f-ca87e14a5def.gif |
|217     |edea2ab7-d8bf-4c25-ad81-a65ac86dbc69.png |
|--------|-----------------------------------------|

[2024-12-13 11:35:36 DEBUGhttp-nio-8080-exec-7] [jdbc.sqltiming]  com.zaxxer.hikari.pool.ProxyPreparedStatement.execute(ProxyPreparedStatement.java:44)
2. SELECT
        A.feed_id,
        A.feed_comment_id,
        A.comment,
        U.user_id AS writerUserId,
        IF(U.nick_name IS NULL, U.uid, U.nick_name) AS writerName,
        U.pic AS writerPic
        FROM feed_comment A
        LEFT JOIN user U ON A.user_id = U.user_id
         WHERE A.feed_id IN
                (
                    217
                ,
                    216
                ,
                    215
                ,
                    214
                ,
                    213
                ,
                    212
                ,
                    211
                ) 
        AND (
        SELECT COUNT(*)
        FROM feed_comment C
        WHERE C.feed_id = A.feed_id
        AND C.feed_comment_id  <  A.feed_comment_id
        )  <  4
        ORDER BY A.feed_id DESC, A.feed_comment_id DESC
 {executed in 1 msec}
[2024-12-13 11:35:36 INFO http-nio-8080-exec-7] [jdbc.resultsettable] 
|--------|----------------|------------|--------|-----------|-----------------------------------------|
|feed_id |feed_comment_id |comment     |user_id |writername |pic                                      |
|--------|----------------|------------|--------|-----------|-----------------------------------------|
|217     |51              |ㅇㅇㅇㅇㅇ       |33      |ㅜㅜ         |a6ace6db-926a-4045-a622-a28541e39ce3.png |
|215     |63              |진짜 변태같이 그렸다 |2       |쩡미깜띠기ㅎㅎㅎ   |00afc96e-0786-4ee5-8be4-8c9b2ef2bd86.gif |
|212     |72              |ㅌㅌㅌ         |2       |쩡미깜띠기ㅎㅎㅎ   |00afc96e-0786-4ee5-8be4-8c9b2ef2bd86.gif |
|211     |41              |ㅋㅋㅋㅋ        |33      |ㅜㅜ         |a6ace6db-926a-4045-a622-a28541e39ce3.png |
|211     |40              |ㅋㅋㅋㅋ        |33      |ㅜㅜ         |a6ace6db-926a-4045-a622-a28541e39ce3.png |
|--------|----------------|------------|--------|-----------|-----------------------------------------|

[2024-12-13 13:05:09 INFO SpringApplicationShutdownHook] [com.zaxxer.hikari.HikariDataSource] HikariPool-1 - Shutdown initiated...
[2024-12-13 13:05:09 INFO SpringApplicationShutdownHook] [com.zaxxer.hikari.HikariDataSource] HikariPool-1 - Shutdown completed.
[2024-12-13 15:33:11 INFO restartedMain] [com.green.greengram.GreenGramVer3Application] Starting GreenGramVer3Application using Java 17.0.12 with PID 15220 (D:\LJM\GreenGramVer3_2\build\classes\java\main started by Administrator in D:\LJM\GreenGramVer3_2)
[2024-12-13 15:33:11 INFO restartedMain] [com.green.greengram.GreenGramVer3Application] No active profile set, falling back to 1 default profile: "default"
[2024-12-13 15:33:11 INFO restartedMain] [org.springframework.boot.devtools.env.DevToolsPropertyDefaultsPostProcessor] Devtools property defaults active! Set 'spring.devtools.add-properties' to 'false' to disable
[2024-12-13 15:33:11 INFO restartedMain] [org.springframework.boot.devtools.env.DevToolsPropertyDefaultsPostProcessor] For additional web related logging consider setting the 'logging.level.web' property to 'DEBUG'
[2024-12-13 15:33:12 INFO restartedMain] [org.springframework.boot.web.embedded.tomcat.TomcatWebServer] Tomcat initialized with port 8080 (http)
[2024-12-13 15:33:12 INFO restartedMain] [org.springframework.boot.web.servlet.context.ServletWebServerApplicationContext] Root WebApplicationContext: initialization completed in 1198 ms
[2024-12-13 15:33:12 INFO restartedMain] [com.green.greengram.common.model.MyFileUtils] MyFileUtils - 생성자: D:/2024-02/download/greengram_ver3
[2024-12-13 15:33:13 INFO restartedMain] [org.springframework.boot.devtools.autoconfigure.OptionalLiveReloadServer] LiveReload server is running on port 35729
[2024-12-13 15:33:13 INFO restartedMain] [org.springframework.boot.web.embedded.tomcat.TomcatWebServer] Tomcat started on port 8080 (http) with context path '/'
[2024-12-13 15:33:13 INFO restartedMain] [com.green.greengram.GreenGramVer3Application] Started GreenGramVer3Application in 2.216 seconds (process running for 2.586)
[2024-12-13 15:33:16 INFO restartedMain] [com.green.greengram.GreenGramVer3Application] Starting GreenGramVer3Application using Java 17.0.12 with PID 992 (D:\LJM\GreenGramVer3_2\build\classes\java\main started by Administrator in D:\LJM\GreenGramVer3_2)
[2024-12-13 15:33:16 INFO restartedMain] [com.green.greengram.GreenGramVer3Application] No active profile set, falling back to 1 default profile: "default"
[2024-12-13 15:33:16 INFO restartedMain] [org.springframework.boot.devtools.env.DevToolsPropertyDefaultsPostProcessor] Devtools property defaults active! Set 'spring.devtools.add-properties' to 'false' to disable
[2024-12-13 15:33:16 INFO restartedMain] [org.springframework.boot.devtools.env.DevToolsPropertyDefaultsPostProcessor] For additional web related logging consider setting the 'logging.level.web' property to 'DEBUG'
[2024-12-13 15:33:17 INFO restartedMain] [org.springframework.boot.web.embedded.tomcat.TomcatWebServer] Tomcat initialized with port 8080 (http)
[2024-12-13 15:33:17 INFO restartedMain] [org.springframework.boot.web.servlet.context.ServletWebServerApplicationContext] Root WebApplicationContext: initialization completed in 1034 ms
[2024-12-13 15:33:18 INFO restartedMain] [com.green.greengram.common.model.MyFileUtils] MyFileUtils - 생성자: D:/2024-02/download/greengram_ver3
[2024-12-13 15:33:18 INFO restartedMain] [org.springframework.boot.devtools.autoconfigure.OptionalLiveReloadServer] LiveReload server is running on port 35729
[2024-12-13 15:33:18 INFO restartedMain] [org.springframework.boot.web.embedded.tomcat.TomcatWebServer] Tomcat started on port 8080 (http) with context path '/'
[2024-12-13 15:33:18 INFO restartedMain] [com.green.greengram.GreenGramVer3Application] Started GreenGramVer3Application in 2.137 seconds (process running for 2.525)
[2024-12-13 15:33:21 INFO http-nio-8080-exec-1] [org.springframework.web.servlet.DispatcherServlet] Initializing Servlet 'dispatcherServlet'
[2024-12-13 15:33:21 INFO http-nio-8080-exec-1] [org.springframework.web.servlet.DispatcherServlet] Completed initialization in 1 ms
