[2024-12-17 09:57:32 INFO restartedMain] [com.green.greengram.GreenGramSecurityApplication] Starting GreenGramSecurityApplication using Java 17.0.12 with PID 2904 (D:\LJM\GreenGramSecurity\build\classes\java\main started by Administrator in D:\LJM\GreenGramSecurity)
[2024-12-17 09:57:32 INFO restartedMain] [com.green.greengram.GreenGramSecurityApplication] No active profile set, falling back to 1 default profile: "default"
[2024-12-17 09:57:32 INFO restartedMain] [org.springframework.boot.devtools.env.DevToolsPropertyDefaultsPostProcessor] Devtools property defaults active! Set 'spring.devtools.add-properties' to 'false' to disable
[2024-12-17 09:57:32 INFO restartedMain] [org.springframework.boot.devtools.env.DevToolsPropertyDefaultsPostProcessor] For additional web related logging consider setting the 'logging.level.web' property to 'DEBUG'
[2024-12-17 09:57:33 INFO restartedMain] [org.springframework.boot.web.embedded.tomcat.TomcatWebServer] Tomcat initialized with port 8080 (http)
[2024-12-17 09:57:33 INFO restartedMain] [org.springframework.boot.web.servlet.context.ServletWebServerApplicationContext] Root WebApplicationContext: initialization completed in 1053 ms
[2024-12-17 09:57:33 WARN restartedMain] [org.springframework.boot.web.servlet.context.AnnotationConfigServletWebServerApplicationContext] Exception encountered during context initialization - cancelling refresh attempt: org.springframework.beans.factory.BeanCreationException: Error creating bean with name 'tokenProvider' defined in file [D:\LJM\GreenGramSecurity\build\classes\java\main\com\green\greengram\common\config\jwt\TokenProvider.class]: Failed to instantiate [com.green.greengram.jwt.config.TokenProvider]: Constructor threw exception
[2024-12-17 09:57:33 ERRORrestartedMain] [org.springframework.boot.SpringApplication] Application run failed
org.springframework.beans.factory.BeanCreationException: Error creating bean with name 'tokenProvider' defined in file [D:\LJM\GreenGramSecurity\build\classes\java\main\com\green\greengram\common\config\jwt\TokenProvider.class]: Failed to instantiate [com.green.greengram.jwt.config.TokenProvider]: Constructor threw exception
	at org.springframework.beans.factory.support.ConstructorResolver.instantiate(ConstructorResolver.java:318)
	at org.springframework.beans.factory.support.ConstructorResolver.autowireConstructor(ConstructorResolver.java:306)
	at org.springframework.beans.factory.support.AbstractAutowireCapableBeanFactory.autowireConstructor(AbstractAutowireCapableBeanFactory.java:1375)
	at org.springframework.beans.factory.support.AbstractAutowireCapableBeanFactory.createBeanInstance(AbstractAutowireCapableBeanFactory.java:1212)
	at org.springframework.beans.factory.support.AbstractAutowireCapableBeanFactory.doCreateBean(AbstractAutowireCapableBeanFactory.java:562)
	at org.springframework.beans.factory.support.AbstractAutowireCapableBeanFactory.createBean(AbstractAutowireCapableBeanFactory.java:522)
	at org.springframework.beans.factory.support.AbstractBeanFactory.lambda$doGetBean$0(AbstractBeanFactory.java:337)
	at org.springframework.beans.factory.support.DefaultSingletonBeanRegistry.getSingleton(DefaultSingletonBeanRegistry.java:234)
	at org.springframework.beans.factory.support.AbstractBeanFactory.doGetBean(AbstractBeanFactory.java:335)
	at org.springframework.beans.factory.support.AbstractBeanFactory.getBean(AbstractBeanFactory.java:200)
	at org.springframework.beans.factory.support.DefaultListableBeanFactory.preInstantiateSingletons(DefaultListableBeanFactory.java:975)
	at org.springframework.context.support.AbstractApplicationContext.finishBeanFactoryInitialization(AbstractApplicationContext.java:971)
	at org.springframework.context.support.AbstractApplicationContext.refresh(AbstractApplicationContext.java:625)
	at org.springframework.boot.web.servlet.context.ServletWebServerApplicationContext.refresh(ServletWebServerApplicationContext.java:146)
	at org.springframework.boot.SpringApplication.refresh(SpringApplication.java:754)
	at org.springframework.boot.SpringApplication.refreshContext(SpringApplication.java:456)
	at org.springframework.boot.SpringApplication.run(SpringApplication.java:335)
	at org.springframework.boot.SpringApplication.run(SpringApplication.java:1363)
	at org.springframework.boot.SpringApplication.run(SpringApplication.java:1352)
	at com.green.greengram.GreenGramSecurityApplication.main(GreenGramSecurityApplication.java:14)
	at java.base/jdk.internal.reflect.NativeMethodAccessorImpl.invoke0(Native Method)
	at java.base/jdk.internal.reflect.NativeMethodAccessorImpl.invoke(NativeMethodAccessorImpl.java:77)
	at java.base/jdk.internal.reflect.DelegatingMethodAccessorImpl.invoke(DelegatingMethodAccessorImpl.java:43)
	at java.base/java.lang.reflect.Method.invoke(Method.java:569)
	at org.springframework.boot.devtools.restart.RestartLauncher.run(RestartLauncher.java:50)
Caused by: org.springframework.beans.BeanInstantiationException: Failed to instantiate [com.green.greengram.jwt.config.TokenProvider]: Constructor threw exception
	at org.springframework.beans.BeanUtils.instantiateClass(BeanUtils.java:221)
	at org.springframework.beans.factory.support.SimpleInstantiationStrategy.instantiate(SimpleInstantiationStrategy.java:117)
	at org.springframework.beans.factory.support.ConstructorResolver.instantiate(ConstructorResolver.java:315)
	... 24 common frames omitted
Caused by: io.jsonwebtoken.io.DecodingException: Illegal base64 character: '-'
	at io.jsonwebtoken.io.Base64.ctoi(Base64.java:221)
	at io.jsonwebtoken.io.Base64.decodeFast(Base64.java:271)
	at io.jsonwebtoken.io.Base64Decoder.decode(Base64Decoder.java:39)
	at io.jsonwebtoken.io.Base64Decoder.decode(Base64Decoder.java:26)
	at io.jsonwebtoken.io.ExceptionPropagatingDecoder.decode(ExceptionPropagatingDecoder.java:52)
	at com.green.greengram.jwt.config.TokenProvider.<init>(TokenProvider.java:38)
	at java.base/jdk.internal.reflect.NativeConstructorAccessorImpl.newInstance0(Native Method)
	at java.base/jdk.internal.reflect.NativeConstructorAccessorImpl.newInstance(NativeConstructorAccessorImpl.java:77)
	at java.base/jdk.internal.reflect.DelegatingConstructorAccessorImpl.newInstance(DelegatingConstructorAccessorImpl.java:45)
	at java.base/java.lang.reflect.Constructor.newInstanceWithCaller(Constructor.java:500)
	at java.base/java.lang.reflect.Constructor.newInstance(Constructor.java:481)
	at org.springframework.beans.BeanUtils.instantiateClass(BeanUtils.java:208)
	... 26 common frames omitted
[2024-12-17 09:57:39 INFO restartedMain] [com.green.greengram.GreenGramSecurityApplication] Starting GreenGramSecurityApplication using Java 17.0.12 with PID 4208 (D:\LJM\GreenGramSecurity\build\classes\java\main started by Administrator in D:\LJM\GreenGramSecurity)
[2024-12-17 09:57:39 INFO restartedMain] [com.green.greengram.GreenGramSecurityApplication] No active profile set, falling back to 1 default profile: "default"
[2024-12-17 09:57:39 INFO restartedMain] [org.springframework.boot.devtools.env.DevToolsPropertyDefaultsPostProcessor] Devtools property defaults active! Set 'spring.devtools.add-properties' to 'false' to disable
[2024-12-17 09:57:39 INFO restartedMain] [org.springframework.boot.devtools.env.DevToolsPropertyDefaultsPostProcessor] For additional web related logging consider setting the 'logging.level.web' property to 'DEBUG'
[2024-12-17 09:57:40 INFO restartedMain] [org.springframework.boot.web.embedded.tomcat.TomcatWebServer] Tomcat initialized with port 8080 (http)
[2024-12-17 09:57:40 INFO restartedMain] [org.springframework.boot.web.servlet.context.ServletWebServerApplicationContext] Root WebApplicationContext: initialization completed in 930 ms
[2024-12-17 09:57:40 WARN restartedMain] [org.springframework.boot.web.servlet.context.AnnotationConfigServletWebServerApplicationContext] Exception encountered during context initialization - cancelling refresh attempt: org.springframework.beans.factory.BeanCreationException: Error creating bean with name 'tokenProvider' defined in file [D:\LJM\GreenGramSecurity\build\classes\java\main\com\green\greengram\common\config\jwt\TokenProvider.class]: Failed to instantiate [com.green.greengram.jwt.config.TokenProvider]: Constructor threw exception
[2024-12-17 09:57:40 ERRORrestartedMain] [org.springframework.boot.SpringApplication] Application run failed
org.springframework.beans.factory.BeanCreationException: Error creating bean with name 'tokenProvider' defined in file [D:\LJM\GreenGramSecurity\build\classes\java\main\com\green\greengram\common\config\jwt\TokenProvider.class]: Failed to instantiate [com.green.greengram.jwt.config.TokenProvider]: Constructor threw exception
	at org.springframework.beans.factory.support.ConstructorResolver.instantiate(ConstructorResolver.java:318)
	at org.springframework.beans.factory.support.ConstructorResolver.autowireConstructor(ConstructorResolver.java:306)
	at org.springframework.beans.factory.support.AbstractAutowireCapableBeanFactory.autowireConstructor(AbstractAutowireCapableBeanFactory.java:1375)
	at org.springframework.beans.factory.support.AbstractAutowireCapableBeanFactory.createBeanInstance(AbstractAutowireCapableBeanFactory.java:1212)
	at org.springframework.beans.factory.support.AbstractAutowireCapableBeanFactory.doCreateBean(AbstractAutowireCapableBeanFactory.java:562)
	at org.springframework.beans.factory.support.AbstractAutowireCapableBeanFactory.createBean(AbstractAutowireCapableBeanFactory.java:522)
	at org.springframework.beans.factory.support.AbstractBeanFactory.lambda$doGetBean$0(AbstractBeanFactory.java:337)
	at org.springframework.beans.factory.support.DefaultSingletonBeanRegistry.getSingleton(DefaultSingletonBeanRegistry.java:234)
	at org.springframework.beans.factory.support.AbstractBeanFactory.doGetBean(AbstractBeanFactory.java:335)
	at org.springframework.beans.factory.support.AbstractBeanFactory.getBean(AbstractBeanFactory.java:200)
	at org.springframework.beans.factory.support.DefaultListableBeanFactory.preInstantiateSingletons(DefaultListableBeanFactory.java:975)
	at org.springframework.context.support.AbstractApplicationContext.finishBeanFactoryInitialization(AbstractApplicationContext.java:971)
	at org.springframework.context.support.AbstractApplicationContext.refresh(AbstractApplicationContext.java:625)
	at org.springframework.boot.web.servlet.context.ServletWebServerApplicationContext.refresh(ServletWebServerApplicationContext.java:146)
	at org.springframework.boot.SpringApplication.refresh(SpringApplication.java:754)
	at org.springframework.boot.SpringApplication.refreshContext(SpringApplication.java:456)
	at org.springframework.boot.SpringApplication.run(SpringApplication.java:335)
	at org.springframework.boot.SpringApplication.run(SpringApplication.java:1363)
	at org.springframework.boot.SpringApplication.run(SpringApplication.java:1352)
	at com.green.greengram.GreenGramSecurityApplication.main(GreenGramSecurityApplication.java:14)
	at java.base/jdk.internal.reflect.NativeMethodAccessorImpl.invoke0(Native Method)
	at java.base/jdk.internal.reflect.NativeMethodAccessorImpl.invoke(NativeMethodAccessorImpl.java:77)
	at java.base/jdk.internal.reflect.DelegatingMethodAccessorImpl.invoke(DelegatingMethodAccessorImpl.java:43)
	at java.base/java.lang.reflect.Method.invoke(Method.java:569)
	at org.springframework.boot.devtools.restart.RestartLauncher.run(RestartLauncher.java:50)
Caused by: org.springframework.beans.BeanInstantiationException: Failed to instantiate [com.green.greengram.jwt.config.TokenProvider]: Constructor threw exception
	at org.springframework.beans.BeanUtils.instantiateClass(BeanUtils.java:221)
	at org.springframework.beans.factory.support.SimpleInstantiationStrategy.instantiate(SimpleInstantiationStrategy.java:117)
	at org.springframework.beans.factory.support.ConstructorResolver.instantiate(ConstructorResolver.java:315)
	... 24 common frames omitted
Caused by: io.jsonwebtoken.io.DecodingException: Illegal base64 character: '-'
	at io.jsonwebtoken.io.Base64.ctoi(Base64.java:221)
	at io.jsonwebtoken.io.Base64.decodeFast(Base64.java:271)
	at io.jsonwebtoken.io.Base64Decoder.decode(Base64Decoder.java:39)
	at io.jsonwebtoken.io.Base64Decoder.decode(Base64Decoder.java:26)
	at io.jsonwebtoken.io.ExceptionPropagatingDecoder.decode(ExceptionPropagatingDecoder.java:52)
	at com.green.greengram.jwt.config.TokenProvider.<init>(TokenProvider.java:38)
	at java.base/jdk.internal.reflect.NativeConstructorAccessorImpl.newInstance0(Native Method)
	at java.base/jdk.internal.reflect.NativeConstructorAccessorImpl.newInstance(NativeConstructorAccessorImpl.java:77)
	at java.base/jdk.internal.reflect.DelegatingConstructorAccessorImpl.newInstance(DelegatingConstructorAccessorImpl.java:45)
	at java.base/java.lang.reflect.Constructor.newInstanceWithCaller(Constructor.java:500)
	at java.base/java.lang.reflect.Constructor.newInstance(Constructor.java:481)
	at org.springframework.beans.BeanUtils.instantiateClass(BeanUtils.java:208)
	... 26 common frames omitted
[2024-12-17 10:09:43 INFO restartedMain] [com.green.greengram.GreenGramSecurityApplication] Starting GreenGramSecurityApplication using Java 17.0.12 with PID 5696 (D:\LJM\GreenGramSecurity\build\classes\java\main started by Administrator in D:\LJM\GreenGramSecurity)
[2024-12-17 10:09:43 INFO restartedMain] [com.green.greengram.GreenGramSecurityApplication] No active profile set, falling back to 1 default profile: "default"
[2024-12-17 10:09:43 INFO restartedMain] [org.springframework.boot.devtools.env.DevToolsPropertyDefaultsPostProcessor] Devtools property defaults active! Set 'spring.devtools.add-properties' to 'false' to disable
[2024-12-17 10:09:43 INFO restartedMain] [org.springframework.boot.devtools.env.DevToolsPropertyDefaultsPostProcessor] For additional web related logging consider setting the 'logging.level.web' property to 'DEBUG'
[2024-12-17 10:09:44 INFO restartedMain] [org.springframework.boot.web.embedded.tomcat.TomcatWebServer] Tomcat initialized with port 8080 (http)
[2024-12-17 10:09:44 INFO restartedMain] [org.springframework.boot.web.servlet.context.ServletWebServerApplicationContext] Root WebApplicationContext: initialization completed in 856 ms
[2024-12-17 10:09:44 WARN restartedMain] [org.springframework.boot.web.servlet.context.AnnotationConfigServletWebServerApplicationContext] Exception encountered during context initialization - cancelling refresh attempt: org.springframework.beans.factory.BeanCreationException: Error creating bean with name 'tokenProvider' defined in file [D:\LJM\GreenGramSecurity\build\classes\java\main\com\green\greengram\common\config\jwt\TokenProvider.class]: Failed to instantiate [com.green.greengram.jwt.config.TokenProvider]: Constructor threw exception
[2024-12-17 10:09:44 ERRORrestartedMain] [org.springframework.boot.SpringApplication] Application run failed
org.springframework.beans.factory.BeanCreationException: Error creating bean with name 'tokenProvider' defined in file [D:\LJM\GreenGramSecurity\build\classes\java\main\com\green\greengram\common\config\jwt\TokenProvider.class]: Failed to instantiate [com.green.greengram.jwt.config.TokenProvider]: Constructor threw exception
	at org.springframework.beans.factory.support.ConstructorResolver.instantiate(ConstructorResolver.java:318)
	at org.springframework.beans.factory.support.ConstructorResolver.autowireConstructor(ConstructorResolver.java:306)
	at org.springframework.beans.factory.support.AbstractAutowireCapableBeanFactory.autowireConstructor(AbstractAutowireCapableBeanFactory.java:1375)
	at org.springframework.beans.factory.support.AbstractAutowireCapableBeanFactory.createBeanInstance(AbstractAutowireCapableBeanFactory.java:1212)
	at org.springframework.beans.factory.support.AbstractAutowireCapableBeanFactory.doCreateBean(AbstractAutowireCapableBeanFactory.java:562)
	at org.springframework.beans.factory.support.AbstractAutowireCapableBeanFactory.createBean(AbstractAutowireCapableBeanFactory.java:522)
	at org.springframework.beans.factory.support.AbstractBeanFactory.lambda$doGetBean$0(AbstractBeanFactory.java:337)
	at org.springframework.beans.factory.support.DefaultSingletonBeanRegistry.getSingleton(DefaultSingletonBeanRegistry.java:234)
	at org.springframework.beans.factory.support.AbstractBeanFactory.doGetBean(AbstractBeanFactory.java:335)
	at org.springframework.beans.factory.support.AbstractBeanFactory.getBean(AbstractBeanFactory.java:200)
	at org.springframework.beans.factory.support.DefaultListableBeanFactory.preInstantiateSingletons(DefaultListableBeanFactory.java:975)
	at org.springframework.context.support.AbstractApplicationContext.finishBeanFactoryInitialization(AbstractApplicationContext.java:971)
	at org.springframework.context.support.AbstractApplicationContext.refresh(AbstractApplicationContext.java:625)
	at org.springframework.boot.web.servlet.context.ServletWebServerApplicationContext.refresh(ServletWebServerApplicationContext.java:146)
	at org.springframework.boot.SpringApplication.refresh(SpringApplication.java:754)
	at org.springframework.boot.SpringApplication.refreshContext(SpringApplication.java:456)
	at org.springframework.boot.SpringApplication.run(SpringApplication.java:335)
	at org.springframework.boot.SpringApplication.run(SpringApplication.java:1363)
	at org.springframework.boot.SpringApplication.run(SpringApplication.java:1352)
	at com.green.greengram.GreenGramSecurityApplication.main(GreenGramSecurityApplication.java:14)
	at java.base/jdk.internal.reflect.NativeMethodAccessorImpl.invoke0(Native Method)
	at java.base/jdk.internal.reflect.NativeMethodAccessorImpl.invoke(NativeMethodAccessorImpl.java:77)
	at java.base/jdk.internal.reflect.DelegatingMethodAccessorImpl.invoke(DelegatingMethodAccessorImpl.java:43)
	at java.base/java.lang.reflect.Method.invoke(Method.java:569)
	at org.springframework.boot.devtools.restart.RestartLauncher.run(RestartLauncher.java:50)
Caused by: org.springframework.beans.BeanInstantiationException: Failed to instantiate [com.green.greengram.jwt.config.TokenProvider]: Constructor threw exception
	at org.springframework.beans.BeanUtils.instantiateClass(BeanUtils.java:221)
	at org.springframework.beans.factory.support.SimpleInstantiationStrategy.instantiate(SimpleInstantiationStrategy.java:117)
	at org.springframework.beans.factory.support.ConstructorResolver.instantiate(ConstructorResolver.java:315)
	... 24 common frames omitted
Caused by: io.jsonwebtoken.io.DecodingException: Illegal base64 character: '-'
	at io.jsonwebtoken.io.Base64.ctoi(Base64.java:221)
	at io.jsonwebtoken.io.Base64.decodeFast(Base64.java:271)
	at io.jsonwebtoken.io.Base64Decoder.decode(Base64Decoder.java:39)
	at io.jsonwebtoken.io.Base64Decoder.decode(Base64Decoder.java:26)
	at io.jsonwebtoken.io.ExceptionPropagatingDecoder.decode(ExceptionPropagatingDecoder.java:52)
	at com.green.greengram.jwt.config.TokenProvider.<init>(TokenProvider.java:38)
	at java.base/jdk.internal.reflect.NativeConstructorAccessorImpl.newInstance0(Native Method)
	at java.base/jdk.internal.reflect.NativeConstructorAccessorImpl.newInstance(NativeConstructorAccessorImpl.java:77)
	at java.base/jdk.internal.reflect.DelegatingConstructorAccessorImpl.newInstance(DelegatingConstructorAccessorImpl.java:45)
	at java.base/java.lang.reflect.Constructor.newInstanceWithCaller(Constructor.java:500)
	at java.base/java.lang.reflect.Constructor.newInstance(Constructor.java:481)
	at org.springframework.beans.BeanUtils.instantiateClass(BeanUtils.java:208)
	... 26 common frames omitted
[2024-12-17 10:46:30 INFO restartedMain] [com.green.greengram.GreenGramSecurityApplication] Starting GreenGramSecurityApplication using Java 17.0.12 with PID 2160 (D:\LJM\GreenGramSecurity\build\classes\java\main started by Administrator in D:\LJM\GreenGramSecurity)
[2024-12-17 10:46:30 INFO restartedMain] [com.green.greengram.GreenGramSecurityApplication] No active profile set, falling back to 1 default profile: "default"
[2024-12-17 10:46:30 INFO restartedMain] [org.springframework.boot.devtools.env.DevToolsPropertyDefaultsPostProcessor] Devtools property defaults active! Set 'spring.devtools.add-properties' to 'false' to disable
[2024-12-17 10:46:30 INFO restartedMain] [org.springframework.boot.devtools.env.DevToolsPropertyDefaultsPostProcessor] For additional web related logging consider setting the 'logging.level.web' property to 'DEBUG'
[2024-12-17 10:46:31 INFO restartedMain] [org.springframework.boot.web.embedded.tomcat.TomcatWebServer] Tomcat initialized with port 8080 (http)
[2024-12-17 10:46:31 INFO restartedMain] [org.springframework.boot.web.servlet.context.ServletWebServerApplicationContext] Root WebApplicationContext: initialization completed in 846 ms
[2024-12-17 10:46:31 WARN restartedMain] [org.springframework.boot.web.servlet.context.AnnotationConfigServletWebServerApplicationContext] Exception encountered during context initialization - cancelling refresh attempt: org.springframework.beans.factory.BeanCreationException: Error creating bean with name 'tokenProvider' defined in file [D:\LJM\GreenGramSecurity\build\classes\java\main\com\green\greengram\common\config\jwt\TokenProvider.class]: Failed to instantiate [com.green.greengram.jwt.config.TokenProvider]: Constructor threw exception
[2024-12-17 10:46:31 ERRORrestartedMain] [org.springframework.boot.SpringApplication] Application run failed
org.springframework.beans.factory.BeanCreationException: Error creating bean with name 'tokenProvider' defined in file [D:\LJM\GreenGramSecurity\build\classes\java\main\com\green\greengram\common\config\jwt\TokenProvider.class]: Failed to instantiate [com.green.greengram.jwt.config.TokenProvider]: Constructor threw exception
	at org.springframework.beans.factory.support.ConstructorResolver.instantiate(ConstructorResolver.java:318)
	at org.springframework.beans.factory.support.ConstructorResolver.autowireConstructor(ConstructorResolver.java:306)
	at org.springframework.beans.factory.support.AbstractAutowireCapableBeanFactory.autowireConstructor(AbstractAutowireCapableBeanFactory.java:1375)
	at org.springframework.beans.factory.support.AbstractAutowireCapableBeanFactory.createBeanInstance(AbstractAutowireCapableBeanFactory.java:1212)
	at org.springframework.beans.factory.support.AbstractAutowireCapableBeanFactory.doCreateBean(AbstractAutowireCapableBeanFactory.java:562)
	at org.springframework.beans.factory.support.AbstractAutowireCapableBeanFactory.createBean(AbstractAutowireCapableBeanFactory.java:522)
	at org.springframework.beans.factory.support.AbstractBeanFactory.lambda$doGetBean$0(AbstractBeanFactory.java:337)
	at org.springframework.beans.factory.support.DefaultSingletonBeanRegistry.getSingleton(DefaultSingletonBeanRegistry.java:234)
	at org.springframework.beans.factory.support.AbstractBeanFactory.doGetBean(AbstractBeanFactory.java:335)
	at org.springframework.beans.factory.support.AbstractBeanFactory.getBean(AbstractBeanFactory.java:200)
	at org.springframework.beans.factory.support.DefaultListableBeanFactory.preInstantiateSingletons(DefaultListableBeanFactory.java:975)
	at org.springframework.context.support.AbstractApplicationContext.finishBeanFactoryInitialization(AbstractApplicationContext.java:971)
	at org.springframework.context.support.AbstractApplicationContext.refresh(AbstractApplicationContext.java:625)
	at org.springframework.boot.web.servlet.context.ServletWebServerApplicationContext.refresh(ServletWebServerApplicationContext.java:146)
	at org.springframework.boot.SpringApplication.refresh(SpringApplication.java:754)
	at org.springframework.boot.SpringApplication.refreshContext(SpringApplication.java:456)
	at org.springframework.boot.SpringApplication.run(SpringApplication.java:335)
	at org.springframework.boot.SpringApplication.run(SpringApplication.java:1363)
	at org.springframework.boot.SpringApplication.run(SpringApplication.java:1352)
	at com.green.greengram.GreenGramSecurityApplication.main(GreenGramSecurityApplication.java:14)
	at java.base/jdk.internal.reflect.NativeMethodAccessorImpl.invoke0(Native Method)
	at java.base/jdk.internal.reflect.NativeMethodAccessorImpl.invoke(NativeMethodAccessorImpl.java:77)
	at java.base/jdk.internal.reflect.DelegatingMethodAccessorImpl.invoke(DelegatingMethodAccessorImpl.java:43)
	at java.base/java.lang.reflect.Method.invoke(Method.java:569)
	at org.springframework.boot.devtools.restart.RestartLauncher.run(RestartLauncher.java:50)
Caused by: org.springframework.beans.BeanInstantiationException: Failed to instantiate [com.green.greengram.jwt.config.TokenProvider]: Constructor threw exception
	at org.springframework.beans.BeanUtils.instantiateClass(BeanUtils.java:221)
	at org.springframework.beans.factory.support.SimpleInstantiationStrategy.instantiate(SimpleInstantiationStrategy.java:117)
	at org.springframework.beans.factory.support.ConstructorResolver.instantiate(ConstructorResolver.java:315)
	... 24 common frames omitted
Caused by: io.jsonwebtoken.io.DecodingException: Illegal base64 character: '-'
	at io.jsonwebtoken.io.Base64.ctoi(Base64.java:221)
	at io.jsonwebtoken.io.Base64.decodeFast(Base64.java:271)
	at io.jsonwebtoken.io.Base64Decoder.decode(Base64Decoder.java:39)
	at io.jsonwebtoken.io.Base64Decoder.decode(Base64Decoder.java:26)
	at io.jsonwebtoken.io.ExceptionPropagatingDecoder.decode(ExceptionPropagatingDecoder.java:52)
	at com.green.greengram.jwt.config.TokenProvider.<init>(TokenProvider.java:38)
	at java.base/jdk.internal.reflect.NativeConstructorAccessorImpl.newInstance0(Native Method)
	at java.base/jdk.internal.reflect.NativeConstructorAccessorImpl.newInstance(NativeConstructorAccessorImpl.java:77)
	at java.base/jdk.internal.reflect.DelegatingConstructorAccessorImpl.newInstance(DelegatingConstructorAccessorImpl.java:45)
	at java.base/java.lang.reflect.Constructor.newInstanceWithCaller(Constructor.java:500)
	at java.base/java.lang.reflect.Constructor.newInstance(Constructor.java:481)
	at org.springframework.beans.BeanUtils.instantiateClass(BeanUtils.java:208)
	... 26 common frames omitted
[2024-12-17 10:47:32 INFO restartedMain] [com.green.greengram.GreenGramSecurityApplication] Starting GreenGramSecurityApplication using Java 17.0.12 with PID 9024 (D:\LJM\GreenGramSecurity\build\classes\java\main started by Administrator in D:\LJM\GreenGramSecurity)
[2024-12-17 10:47:32 INFO restartedMain] [com.green.greengram.GreenGramSecurityApplication] No active profile set, falling back to 1 default profile: "default"
[2024-12-17 10:47:32 INFO restartedMain] [org.springframework.boot.devtools.env.DevToolsPropertyDefaultsPostProcessor] Devtools property defaults active! Set 'spring.devtools.add-properties' to 'false' to disable
[2024-12-17 10:47:32 INFO restartedMain] [org.springframework.boot.devtools.env.DevToolsPropertyDefaultsPostProcessor] For additional web related logging consider setting the 'logging.level.web' property to 'DEBUG'
[2024-12-17 10:47:33 INFO restartedMain] [org.springframework.boot.web.embedded.tomcat.TomcatWebServer] Tomcat initialized with port 8080 (http)
[2024-12-17 10:47:33 INFO restartedMain] [org.springframework.boot.web.servlet.context.ServletWebServerApplicationContext] Root WebApplicationContext: initialization completed in 831 ms
[2024-12-17 10:47:33 WARN restartedMain] [org.springframework.boot.web.servlet.context.AnnotationConfigServletWebServerApplicationContext] Exception encountered during context initialization - cancelling refresh attempt: org.springframework.beans.factory.BeanCreationException: Error creating bean with name 'tokenProvider' defined in file [D:\LJM\GreenGramSecurity\build\classes\java\main\com\green\greengram\common\config\jwt\TokenProvider.class]: Failed to instantiate [com.green.greengram.jwt.config.TokenProvider]: Constructor threw exception
[2024-12-17 10:47:33 ERRORrestartedMain] [org.springframework.boot.SpringApplication] Application run failed
org.springframework.beans.factory.BeanCreationException: Error creating bean with name 'tokenProvider' defined in file [D:\LJM\GreenGramSecurity\build\classes\java\main\com\green\greengram\common\config\jwt\TokenProvider.class]: Failed to instantiate [com.green.greengram.jwt.config.TokenProvider]: Constructor threw exception
	at org.springframework.beans.factory.support.ConstructorResolver.instantiate(ConstructorResolver.java:318)
	at org.springframework.beans.factory.support.ConstructorResolver.autowireConstructor(ConstructorResolver.java:306)
	at org.springframework.beans.factory.support.AbstractAutowireCapableBeanFactory.autowireConstructor(AbstractAutowireCapableBeanFactory.java:1375)
	at org.springframework.beans.factory.support.AbstractAutowireCapableBeanFactory.createBeanInstance(AbstractAutowireCapableBeanFactory.java:1212)
	at org.springframework.beans.factory.support.AbstractAutowireCapableBeanFactory.doCreateBean(AbstractAutowireCapableBeanFactory.java:562)
	at org.springframework.beans.factory.support.AbstractAutowireCapableBeanFactory.createBean(AbstractAutowireCapableBeanFactory.java:522)
	at org.springframework.beans.factory.support.AbstractBeanFactory.lambda$doGetBean$0(AbstractBeanFactory.java:337)
	at org.springframework.beans.factory.support.DefaultSingletonBeanRegistry.getSingleton(DefaultSingletonBeanRegistry.java:234)
	at org.springframework.beans.factory.support.AbstractBeanFactory.doGetBean(AbstractBeanFactory.java:335)
	at org.springframework.beans.factory.support.AbstractBeanFactory.getBean(AbstractBeanFactory.java:200)
	at org.springframework.beans.factory.support.DefaultListableBeanFactory.preInstantiateSingletons(DefaultListableBeanFactory.java:975)
	at org.springframework.context.support.AbstractApplicationContext.finishBeanFactoryInitialization(AbstractApplicationContext.java:971)
	at org.springframework.context.support.AbstractApplicationContext.refresh(AbstractApplicationContext.java:625)
	at org.springframework.boot.web.servlet.context.ServletWebServerApplicationContext.refresh(ServletWebServerApplicationContext.java:146)
	at org.springframework.boot.SpringApplication.refresh(SpringApplication.java:754)
	at org.springframework.boot.SpringApplication.refreshContext(SpringApplication.java:456)
	at org.springframework.boot.SpringApplication.run(SpringApplication.java:335)
	at org.springframework.boot.SpringApplication.run(SpringApplication.java:1363)
	at org.springframework.boot.SpringApplication.run(SpringApplication.java:1352)
	at com.green.greengram.GreenGramSecurityApplication.main(GreenGramSecurityApplication.java:14)
	at java.base/jdk.internal.reflect.NativeMethodAccessorImpl.invoke0(Native Method)
	at java.base/jdk.internal.reflect.NativeMethodAccessorImpl.invoke(NativeMethodAccessorImpl.java:77)
	at java.base/jdk.internal.reflect.DelegatingMethodAccessorImpl.invoke(DelegatingMethodAccessorImpl.java:43)
	at java.base/java.lang.reflect.Method.invoke(Method.java:569)
	at org.springframework.boot.devtools.restart.RestartLauncher.run(RestartLauncher.java:50)
Caused by: org.springframework.beans.BeanInstantiationException: Failed to instantiate [com.green.greengram.jwt.config.TokenProvider]: Constructor threw exception
	at org.springframework.beans.BeanUtils.instantiateClass(BeanUtils.java:221)
	at org.springframework.beans.factory.support.SimpleInstantiationStrategy.instantiate(SimpleInstantiationStrategy.java:117)
	at org.springframework.beans.factory.support.ConstructorResolver.instantiate(ConstructorResolver.java:315)
	... 24 common frames omitted
Caused by: io.jsonwebtoken.io.DecodingException: Unable to decode input: Index 45440 out of bounds for length 256
	at io.jsonwebtoken.io.ExceptionPropagatingDecoder.decode(ExceptionPropagatingDecoder.java:57)
	at com.green.greengram.jwt.config.TokenProvider.<init>(TokenProvider.java:38)
	at java.base/jdk.internal.reflect.NativeConstructorAccessorImpl.newInstance0(Native Method)
	at java.base/jdk.internal.reflect.NativeConstructorAccessorImpl.newInstance(NativeConstructorAccessorImpl.java:77)
	at java.base/jdk.internal.reflect.DelegatingConstructorAccessorImpl.newInstance(DelegatingConstructorAccessorImpl.java:45)
	at java.base/java.lang.reflect.Constructor.newInstanceWithCaller(Constructor.java:500)
	at java.base/java.lang.reflect.Constructor.newInstance(Constructor.java:481)
	at org.springframework.beans.BeanUtils.instantiateClass(BeanUtils.java:208)
	... 26 common frames omitted
Caused by: java.lang.ArrayIndexOutOfBoundsException: Index 45440 out of bounds for length 256
	at io.jsonwebtoken.io.Base64.decodeFast(Base64.java:254)
	at io.jsonwebtoken.io.Base64Decoder.decode(Base64Decoder.java:39)
	at io.jsonwebtoken.io.Base64Decoder.decode(Base64Decoder.java:26)
	at io.jsonwebtoken.io.ExceptionPropagatingDecoder.decode(ExceptionPropagatingDecoder.java:52)
	... 33 common frames omitted
[2024-12-17 10:48:01 INFO restartedMain] [com.green.greengram.GreenGramSecurityApplication] Starting GreenGramSecurityApplication using Java 17.0.12 with PID 3056 (D:\LJM\GreenGramSecurity\build\classes\java\main started by Administrator in D:\LJM\GreenGramSecurity)
[2024-12-17 10:48:01 INFO restartedMain] [com.green.greengram.GreenGramSecurityApplication] No active profile set, falling back to 1 default profile: "default"
[2024-12-17 10:48:01 INFO restartedMain] [org.springframework.boot.devtools.env.DevToolsPropertyDefaultsPostProcessor] Devtools property defaults active! Set 'spring.devtools.add-properties' to 'false' to disable
[2024-12-17 10:48:01 INFO restartedMain] [org.springframework.boot.devtools.env.DevToolsPropertyDefaultsPostProcessor] For additional web related logging consider setting the 'logging.level.web' property to 'DEBUG'
[2024-12-17 10:48:02 INFO restartedMain] [org.springframework.boot.web.embedded.tomcat.TomcatWebServer] Tomcat initialized with port 8080 (http)
[2024-12-17 10:48:02 INFO restartedMain] [org.springframework.boot.web.servlet.context.ServletWebServerApplicationContext] Root WebApplicationContext: initialization completed in 944 ms
[2024-12-17 10:51:26 WARN restartedMain] [org.springframework.boot.web.servlet.context.AnnotationConfigServletWebServerApplicationContext] Exception encountered during context initialization - cancelling refresh attempt: org.springframework.beans.factory.BeanCreationException: Error creating bean with name 'tokenProvider' defined in file [D:\LJM\GreenGramSecurity\build\classes\java\main\com\green\greengram\common\config\jwt\TokenProvider.class]: Failed to instantiate [com.green.greengram.jwt.config.TokenProvider]: Constructor threw exception
[2024-12-17 10:51:29 INFO restartedMain] [com.green.greengram.GreenGramSecurityApplication] Starting GreenGramSecurityApplication using Java 17.0.12 with PID 8656 (D:\LJM\GreenGramSecurity\build\classes\java\main started by Administrator in D:\LJM\GreenGramSecurity)
[2024-12-17 10:51:29 INFO restartedMain] [com.green.greengram.GreenGramSecurityApplication] No active profile set, falling back to 1 default profile: "default"
[2024-12-17 10:51:29 INFO restartedMain] [org.springframework.boot.devtools.env.DevToolsPropertyDefaultsPostProcessor] Devtools property defaults active! Set 'spring.devtools.add-properties' to 'false' to disable
[2024-12-17 10:51:29 INFO restartedMain] [org.springframework.boot.devtools.env.DevToolsPropertyDefaultsPostProcessor] For additional web related logging consider setting the 'logging.level.web' property to 'DEBUG'
[2024-12-17 10:51:30 INFO restartedMain] [org.springframework.boot.web.embedded.tomcat.TomcatWebServer] Tomcat initialized with port 8080 (http)
[2024-12-17 10:51:30 INFO restartedMain] [org.springframework.boot.web.servlet.context.ServletWebServerApplicationContext] Root WebApplicationContext: initialization completed in 931 ms
[2024-12-17 10:53:38 WARN restartedMain] [org.springframework.boot.web.servlet.context.AnnotationConfigServletWebServerApplicationContext] Exception encountered during context initialization - cancelling refresh attempt: org.springframework.beans.factory.BeanCreationException: Error creating bean with name 'tokenProvider' defined in file [D:\LJM\GreenGramSecurity\build\classes\java\main\com\green\greengram\common\config\jwt\TokenProvider.class]: Failed to instantiate [com.green.greengram.jwt.config.TokenProvider]: Constructor threw exception
[2024-12-17 10:53:40 INFO restartedMain] [com.green.greengram.GreenGramSecurityApplication] Starting GreenGramSecurityApplication using Java 17.0.12 with PID 2312 (D:\LJM\GreenGramSecurity\build\classes\java\main started by Administrator in D:\LJM\GreenGramSecurity)
[2024-12-17 10:53:40 INFO restartedMain] [com.green.greengram.GreenGramSecurityApplication] No active profile set, falling back to 1 default profile: "default"
[2024-12-17 10:53:40 INFO restartedMain] [org.springframework.boot.devtools.env.DevToolsPropertyDefaultsPostProcessor] Devtools property defaults active! Set 'spring.devtools.add-properties' to 'false' to disable
[2024-12-17 10:53:40 INFO restartedMain] [org.springframework.boot.devtools.env.DevToolsPropertyDefaultsPostProcessor] For additional web related logging consider setting the 'logging.level.web' property to 'DEBUG'
[2024-12-17 10:53:41 INFO restartedMain] [org.springframework.boot.web.embedded.tomcat.TomcatWebServer] Tomcat initialized with port 8080 (http)
[2024-12-17 10:53:41 INFO restartedMain] [org.springframework.boot.web.servlet.context.ServletWebServerApplicationContext] Root WebApplicationContext: initialization completed in 845 ms
[2024-12-17 10:53:41 WARN restartedMain] [org.springframework.boot.web.servlet.context.AnnotationConfigServletWebServerApplicationContext] Exception encountered during context initialization - cancelling refresh attempt: org.springframework.beans.factory.BeanCreationException: Error creating bean with name 'tokenProvider' defined in file [D:\LJM\GreenGramSecurity\build\classes\java\main\com\green\greengram\common\config\jwt\TokenProvider.class]: Failed to instantiate [com.green.greengram.jwt.config.TokenProvider]: Constructor threw exception
[2024-12-17 10:53:41 ERRORrestartedMain] [org.springframework.boot.SpringApplication] Application run failed
org.springframework.beans.factory.BeanCreationException: Error creating bean with name 'tokenProvider' defined in file [D:\LJM\GreenGramSecurity\build\classes\java\main\com\green\greengram\common\config\jwt\TokenProvider.class]: Failed to instantiate [com.green.greengram.jwt.config.TokenProvider]: Constructor threw exception
	at org.springframework.beans.factory.support.ConstructorResolver.instantiate(ConstructorResolver.java:318)
	at org.springframework.beans.factory.support.ConstructorResolver.autowireConstructor(ConstructorResolver.java:306)
	at org.springframework.beans.factory.support.AbstractAutowireCapableBeanFactory.autowireConstructor(AbstractAutowireCapableBeanFactory.java:1375)
	at org.springframework.beans.factory.support.AbstractAutowireCapableBeanFactory.createBeanInstance(AbstractAutowireCapableBeanFactory.java:1212)
	at org.springframework.beans.factory.support.AbstractAutowireCapableBeanFactory.doCreateBean(AbstractAutowireCapableBeanFactory.java:562)
	at org.springframework.beans.factory.support.AbstractAutowireCapableBeanFactory.createBean(AbstractAutowireCapableBeanFactory.java:522)
	at org.springframework.beans.factory.support.AbstractBeanFactory.lambda$doGetBean$0(AbstractBeanFactory.java:337)
	at org.springframework.beans.factory.support.DefaultSingletonBeanRegistry.getSingleton(DefaultSingletonBeanRegistry.java:234)
	at org.springframework.beans.factory.support.AbstractBeanFactory.doGetBean(AbstractBeanFactory.java:335)
	at org.springframework.beans.factory.support.AbstractBeanFactory.getBean(AbstractBeanFactory.java:200)
	at org.springframework.beans.factory.support.DefaultListableBeanFactory.preInstantiateSingletons(DefaultListableBeanFactory.java:975)
	at org.springframework.context.support.AbstractApplicationContext.finishBeanFactoryInitialization(AbstractApplicationContext.java:971)
	at org.springframework.context.support.AbstractApplicationContext.refresh(AbstractApplicationContext.java:625)
	at org.springframework.boot.web.servlet.context.ServletWebServerApplicationContext.refresh(ServletWebServerApplicationContext.java:146)
	at org.springframework.boot.SpringApplication.refresh(SpringApplication.java:754)
	at org.springframework.boot.SpringApplication.refreshContext(SpringApplication.java:456)
	at org.springframework.boot.SpringApplication.run(SpringApplication.java:335)
	at org.springframework.boot.SpringApplication.run(SpringApplication.java:1363)
	at org.springframework.boot.SpringApplication.run(SpringApplication.java:1352)
	at com.green.greengram.GreenGramSecurityApplication.main(GreenGramSecurityApplication.java:14)
	at java.base/jdk.internal.reflect.NativeMethodAccessorImpl.invoke0(Native Method)
	at java.base/jdk.internal.reflect.NativeMethodAccessorImpl.invoke(NativeMethodAccessorImpl.java:77)
	at java.base/jdk.internal.reflect.DelegatingMethodAccessorImpl.invoke(DelegatingMethodAccessorImpl.java:43)
	at java.base/java.lang.reflect.Method.invoke(Method.java:569)
	at org.springframework.boot.devtools.restart.RestartLauncher.run(RestartLauncher.java:50)
Caused by: org.springframework.beans.BeanInstantiationException: Failed to instantiate [com.green.greengram.jwt.config.TokenProvider]: Constructor threw exception
	at org.springframework.beans.BeanUtils.instantiateClass(BeanUtils.java:221)
	at org.springframework.beans.factory.support.SimpleInstantiationStrategy.instantiate(SimpleInstantiationStrategy.java:117)
	at org.springframework.beans.factory.support.ConstructorResolver.instantiate(ConstructorResolver.java:315)
	... 24 common frames omitted
Caused by: io.jsonwebtoken.io.DecodingException: Illegal base64 character: '-'
	at io.jsonwebtoken.io.Base64.ctoi(Base64.java:221)
	at io.jsonwebtoken.io.Base64.decodeFast(Base64.java:271)
	at io.jsonwebtoken.io.Base64Decoder.decode(Base64Decoder.java:39)
	at io.jsonwebtoken.io.Base64Decoder.decode(Base64Decoder.java:26)
	at io.jsonwebtoken.io.ExceptionPropagatingDecoder.decode(ExceptionPropagatingDecoder.java:52)
	at com.green.greengram.jwt.config.TokenProvider.<init>(TokenProvider.java:38)
	at java.base/jdk.internal.reflect.NativeConstructorAccessorImpl.newInstance0(Native Method)
	at java.base/jdk.internal.reflect.NativeConstructorAccessorImpl.newInstance(NativeConstructorAccessorImpl.java:77)
	at java.base/jdk.internal.reflect.DelegatingConstructorAccessorImpl.newInstance(DelegatingConstructorAccessorImpl.java:45)
	at java.base/java.lang.reflect.Constructor.newInstanceWithCaller(Constructor.java:500)
	at java.base/java.lang.reflect.Constructor.newInstance(Constructor.java:481)
	at org.springframework.beans.BeanUtils.instantiateClass(BeanUtils.java:208)
	... 26 common frames omitted
[2024-12-17 10:54:02 INFO restartedMain] [com.green.greengram.GreenGramSecurityApplication] Starting GreenGramSecurityApplication using Java 17.0.12 with PID 1684 (D:\LJM\GreenGramSecurity\build\classes\java\main started by Administrator in D:\LJM\GreenGramSecurity)
[2024-12-17 10:54:02 INFO restartedMain] [com.green.greengram.GreenGramSecurityApplication] No active profile set, falling back to 1 default profile: "default"
[2024-12-17 10:54:02 INFO restartedMain] [org.springframework.boot.devtools.env.DevToolsPropertyDefaultsPostProcessor] Devtools property defaults active! Set 'spring.devtools.add-properties' to 'false' to disable
[2024-12-17 10:54:02 INFO restartedMain] [org.springframework.boot.devtools.env.DevToolsPropertyDefaultsPostProcessor] For additional web related logging consider setting the 'logging.level.web' property to 'DEBUG'
[2024-12-17 10:54:02 INFO restartedMain] [org.springframework.boot.web.embedded.tomcat.TomcatWebServer] Tomcat initialized with port 8080 (http)
[2024-12-17 10:54:02 INFO restartedMain] [org.springframework.boot.web.servlet.context.ServletWebServerApplicationContext] Root WebApplicationContext: initialization completed in 855 ms
[2024-12-17 10:54:03 INFO restartedMain] [com.green.greengram.common.model.MyFileUtils] MyFileUtils - 생성자: D:/2024-02/download/greengram_ver3
[2024-12-17 10:54:03 WARN restartedMain] [org.springframework.boot.autoconfigure.security.servlet.UserDetailsServiceAutoConfiguration] 

Using generated security password: 544fbe82-3d81-48e2-96b4-0452c71232e5

This generated password is for development use only. Your security configuration must be updated before running your application in production.

[2024-12-17 10:54:03 INFO restartedMain] [org.springframework.security.config.annotation.authentication.configuration.InitializeUserDetailsBeanManagerConfigurer$InitializeUserDetailsManagerConfigurer] Global AuthenticationManager configured with UserDetailsService bean with name inMemoryUserDetailsManager
[2024-12-17 10:54:03 INFO restartedMain] [org.springframework.boot.devtools.autoconfigure.OptionalLiveReloadServer] LiveReload server is running on port 35729
[2024-12-17 10:54:03 INFO restartedMain] [org.springframework.boot.web.embedded.tomcat.TomcatWebServer] Tomcat started on port 8080 (http) with context path '/'
[2024-12-17 10:54:03 INFO restartedMain] [com.green.greengram.GreenGramSecurityApplication] Started GreenGramSecurityApplication in 1.898 seconds (process running for 2.273)
[2024-12-17 10:54:30 INFO restartedMain] [com.green.greengram.GreenGramSecurityApplication] Starting GreenGramSecurityApplication using Java 17.0.12 with PID 7124 (D:\LJM\GreenGramSecurity\build\classes\java\main started by Administrator in D:\LJM\GreenGramSecurity)
[2024-12-17 10:54:30 INFO restartedMain] [com.green.greengram.GreenGramSecurityApplication] No active profile set, falling back to 1 default profile: "default"
[2024-12-17 10:54:30 INFO restartedMain] [org.springframework.boot.devtools.env.DevToolsPropertyDefaultsPostProcessor] Devtools property defaults active! Set 'spring.devtools.add-properties' to 'false' to disable
[2024-12-17 10:54:30 INFO restartedMain] [org.springframework.boot.devtools.env.DevToolsPropertyDefaultsPostProcessor] For additional web related logging consider setting the 'logging.level.web' property to 'DEBUG'
[2024-12-17 10:54:31 INFO restartedMain] [org.springframework.boot.web.embedded.tomcat.TomcatWebServer] Tomcat initialized with port 8080 (http)
[2024-12-17 10:54:31 INFO restartedMain] [org.springframework.boot.web.servlet.context.ServletWebServerApplicationContext] Root WebApplicationContext: initialization completed in 935 ms
[2024-12-17 10:57:36 INFO restartedMain] [com.green.greengram.common.model.MyFileUtils] MyFileUtils - 생성자: D:/2024-02/download/greengram_ver3
[2024-12-17 10:57:37 WARN restartedMain] [org.springframework.boot.autoconfigure.security.servlet.UserDetailsServiceAutoConfiguration] 

Using generated security password: fa4ced65-90f3-459a-b891-097c8003b580

This generated password is for development use only. Your security configuration must be updated before running your application in production.

[2024-12-17 10:57:37 INFO restartedMain] [org.springframework.security.config.annotation.authentication.configuration.InitializeUserDetailsBeanManagerConfigurer$InitializeUserDetailsManagerConfigurer] Global AuthenticationManager configured with UserDetailsService bean with name inMemoryUserDetailsManager
[2024-12-17 10:57:37 INFO restartedMain] [org.springframework.boot.devtools.autoconfigure.OptionalLiveReloadServer] LiveReload server is running on port 35729
[2024-12-17 10:57:37 INFO restartedMain] [org.springframework.boot.web.embedded.tomcat.TomcatWebServer] Tomcat started on port 8080 (http) with context path '/'
[2024-12-17 10:57:37 INFO restartedMain] [com.green.greengram.GreenGramSecurityApplication] Started GreenGramSecurityApplication in 187.282 seconds (process running for 187.745)
[2024-12-17 10:57:40 INFO restartedMain] [com.green.greengram.GreenGramSecurityApplication] Starting GreenGramSecurityApplication using Java 17.0.12 with PID 5056 (D:\LJM\GreenGramSecurity\build\classes\java\main started by Administrator in D:\LJM\GreenGramSecurity)
[2024-12-17 10:57:40 INFO restartedMain] [com.green.greengram.GreenGramSecurityApplication] No active profile set, falling back to 1 default profile: "default"
[2024-12-17 10:57:40 INFO restartedMain] [org.springframework.boot.devtools.env.DevToolsPropertyDefaultsPostProcessor] Devtools property defaults active! Set 'spring.devtools.add-properties' to 'false' to disable
[2024-12-17 10:57:40 INFO restartedMain] [org.springframework.boot.devtools.env.DevToolsPropertyDefaultsPostProcessor] For additional web related logging consider setting the 'logging.level.web' property to 'DEBUG'
[2024-12-17 10:57:40 INFO restartedMain] [org.springframework.boot.web.embedded.tomcat.TomcatWebServer] Tomcat initialized with port 8080 (http)
[2024-12-17 10:57:40 INFO restartedMain] [org.springframework.boot.web.servlet.context.ServletWebServerApplicationContext] Root WebApplicationContext: initialization completed in 839 ms
[2024-12-17 10:57:40 INFO restartedMain] [com.green.greengram.common.model.MyFileUtils] MyFileUtils - 생성자: D:/2024-02/download/greengram_ver3
[2024-12-17 10:57:41 WARN restartedMain] [org.springframework.boot.autoconfigure.security.servlet.UserDetailsServiceAutoConfiguration] 

Using generated security password: 62c7c817-ab3e-4d69-ae07-205991e59615

This generated password is for development use only. Your security configuration must be updated before running your application in production.

[2024-12-17 10:57:41 INFO restartedMain] [org.springframework.security.config.annotation.authentication.configuration.InitializeUserDetailsBeanManagerConfigurer$InitializeUserDetailsManagerConfigurer] Global AuthenticationManager configured with UserDetailsService bean with name inMemoryUserDetailsManager
[2024-12-17 10:57:41 INFO restartedMain] [org.springframework.boot.devtools.autoconfigure.OptionalLiveReloadServer] LiveReload server is running on port 35729
[2024-12-17 10:57:41 INFO restartedMain] [org.springframework.boot.web.embedded.tomcat.TomcatWebServer] Tomcat started on port 8080 (http) with context path '/'
[2024-12-17 10:57:41 INFO restartedMain] [com.green.greengram.GreenGramSecurityApplication] Started GreenGramSecurityApplication in 1.838 seconds (process running for 2.209)
[2024-12-17 11:10:56 INFO Test worker] [com.green.greengram.config.jwt.TokenProviderTest] Starting TokenProviderTest using Java 17.0.12 with PID 8108 (started by Administrator in D:\LJM\GreenGramSecurity)
[2024-12-17 11:10:56 INFO Test worker] [com.green.greengram.config.jwt.TokenProviderTest] No active profile set, falling back to 1 default profile: "default"
[2024-12-17 11:10:57 INFO Test worker] [com.green.greengram.common.model.MyFileUtils] MyFileUtils - 생성자: D:/2024-02/download/greengram_ver3
[2024-12-17 11:10:57 WARN Test worker] [org.springframework.boot.autoconfigure.security.servlet.UserDetailsServiceAutoConfiguration] 

Using generated security password: 06854b53-082b-40e8-bf68-db2e2a19cc57

This generated password is for development use only. Your security configuration must be updated before running your application in production.

[2024-12-17 11:10:57 INFO Test worker] [org.springframework.security.config.annotation.authentication.configuration.InitializeUserDetailsBeanManagerConfigurer$InitializeUserDetailsManagerConfigurer] Global AuthenticationManager configured with UserDetailsService bean with name inMemoryUserDetailsManager
[2024-12-17 11:10:57 INFO Test worker] [com.green.greengram.config.jwt.TokenProviderTest] Started TokenProviderTest in 1.88 seconds (process running for 2.735)
[2024-12-17 11:19:59 INFO Test worker] [com.green.greengram.config.jwt.TokenProviderTest] Starting TokenProviderTest using Java 17.0.12 with PID 1232 (started by Administrator in D:\LJM\GreenGramSecurity)
[2024-12-17 11:19:59 INFO Test worker] [com.green.greengram.config.jwt.TokenProviderTest] No active profile set, falling back to 1 default profile: "default"
[2024-12-17 11:20:00 INFO Test worker] [com.green.greengram.common.model.MyFileUtils] MyFileUtils - 생성자: D:/2024-02/download/greengram_ver3
[2024-12-17 11:20:01 WARN Test worker] [org.springframework.boot.autoconfigure.security.servlet.UserDetailsServiceAutoConfiguration] 

Using generated security password: 48943e0f-b274-46e2-8b1b-3db08faede29

This generated password is for development use only. Your security configuration must be updated before running your application in production.

[2024-12-17 11:20:01 INFO Test worker] [org.springframework.security.config.annotation.authentication.configuration.InitializeUserDetailsBeanManagerConfigurer$InitializeUserDetailsManagerConfigurer] Global AuthenticationManager configured with UserDetailsService bean with name inMemoryUserDetailsManager
[2024-12-17 11:20:01 INFO Test worker] [com.green.greengram.config.jwt.TokenProviderTest] Started TokenProviderTest in 1.867 seconds (process running for 2.698)
[2024-12-17 11:32:05 INFO Test worker] [com.green.greengram.config.jwt.TokenProviderTest] Starting TokenProviderTest using Java 17.0.12 with PID 10724 (started by Administrator in D:\LJM\GreenGramSecurity)
[2024-12-17 11:32:05 INFO Test worker] [com.green.greengram.config.jwt.TokenProviderTest] No active profile set, falling back to 1 default profile: "default"
[2024-12-17 11:32:06 INFO Test worker] [com.green.greengram.common.model.MyFileUtils] MyFileUtils - 생성자: D:/2024-02/download/greengram_ver3
[2024-12-17 11:32:07 WARN Test worker] [org.springframework.boot.autoconfigure.security.servlet.UserDetailsServiceAutoConfiguration] 

Using generated security password: 6954696a-a73f-4da9-b5ca-5df3c0e5eb7c

This generated password is for development use only. Your security configuration must be updated before running your application in production.

[2024-12-17 11:32:07 INFO Test worker] [org.springframework.security.config.annotation.authentication.configuration.InitializeUserDetailsBeanManagerConfigurer$InitializeUserDetailsManagerConfigurer] Global AuthenticationManager configured with UserDetailsService bean with name inMemoryUserDetailsManager
[2024-12-17 11:32:07 INFO Test worker] [com.green.greengram.config.jwt.TokenProviderTest] Started TokenProviderTest in 1.89 seconds (process running for 2.712)
[2024-12-17 11:38:15 INFO Test worker] [com.green.greengram.config.jwt.TokenProviderTest] Starting TokenProviderTest using Java 17.0.12 with PID 10392 (started by Administrator in D:\LJM\GreenGramSecurity)
[2024-12-17 11:38:15 INFO Test worker] [com.green.greengram.config.jwt.TokenProviderTest] No active profile set, falling back to 1 default profile: "default"
[2024-12-17 11:39:23 INFO Test worker] [com.green.greengram.config.jwt.TokenProviderTest] Starting TokenProviderTest using Java 17.0.12 with PID 2884 (started by Administrator in D:\LJM\GreenGramSecurity)
[2024-12-17 11:39:23 INFO Test worker] [com.green.greengram.config.jwt.TokenProviderTest] No active profile set, falling back to 1 default profile: "default"
[2024-12-17 11:39:24 INFO Test worker] [com.green.greengram.common.model.MyFileUtils] MyFileUtils - 생성자: D:/2024-02/download/greengram_ver3
[2024-12-17 11:40:00 INFO Test worker] [com.green.greengram.config.jwt.TokenProviderTest] Starting TokenProviderTest using Java 17.0.12 with PID 1900 (started by Administrator in D:\LJM\GreenGramSecurity)
[2024-12-17 11:40:00 INFO Test worker] [com.green.greengram.config.jwt.TokenProviderTest] No active profile set, falling back to 1 default profile: "default"
[2024-12-17 11:40:00 INFO Test worker] [com.green.greengram.common.model.MyFileUtils] MyFileUtils - 생성자: D:/2024-02/download/greengram_ver3
[2024-12-17 11:40:43 INFO Test worker] [com.green.greengram.config.jwt.TokenProviderTest] Starting TokenProviderTest using Java 17.0.12 with PID 4640 (started by Administrator in D:\LJM\GreenGramSecurity)
[2024-12-17 11:40:43 INFO Test worker] [com.green.greengram.config.jwt.TokenProviderTest] No active profile set, falling back to 1 default profile: "default"
[2024-12-17 11:40:43 INFO Test worker] [com.green.greengram.common.model.MyFileUtils] MyFileUtils - 생성자: D:/2024-02/download/greengram_ver3
[2024-12-17 11:41:01 INFO Test worker] [com.green.greengram.config.jwt.TokenProviderTest] Starting TokenProviderTest using Java 17.0.12 with PID 10472 (started by Administrator in D:\LJM\GreenGramSecurity)
[2024-12-17 11:41:01 INFO Test worker] [com.green.greengram.config.jwt.TokenProviderTest] No active profile set, falling back to 1 default profile: "default"
[2024-12-17 11:41:02 INFO Test worker] [com.green.greengram.common.model.MyFileUtils] MyFileUtils - 생성자: D:/2024-02/download/greengram_ver3
[2024-12-17 11:41:03 WARN Test worker] [org.springframework.boot.autoconfigure.security.servlet.UserDetailsServiceAutoConfiguration] 

Using generated security password: ad5bbeee-51ef-4f85-839c-e00c1e70a7ee

This generated password is for development use only. Your security configuration must be updated before running your application in production.

[2024-12-17 11:41:03 INFO Test worker] [org.springframework.security.config.annotation.authentication.configuration.InitializeUserDetailsBeanManagerConfigurer$InitializeUserDetailsManagerConfigurer] Global AuthenticationManager configured with UserDetailsService bean with name inMemoryUserDetailsManager
[2024-12-17 11:41:03 INFO Test worker] [com.green.greengram.config.jwt.TokenProviderTest] Started TokenProviderTest in 2.03 seconds (process running for 2.961)
[2024-12-17 11:42:25 INFO Test worker] [com.green.greengram.config.jwt.TokenProviderTest] Starting TokenProviderTest using Java 17.0.12 with PID 9152 (started by Administrator in D:\LJM\GreenGramSecurity)
[2024-12-17 11:42:25 INFO Test worker] [com.green.greengram.config.jwt.TokenProviderTest] No active profile set, falling back to 1 default profile: "default"
[2024-12-17 11:42:26 INFO Test worker] [com.green.greengram.common.model.MyFileUtils] MyFileUtils - 생성자: D:/2024-02/download/greengram_ver3
[2024-12-17 11:42:26 WARN Test worker] [org.springframework.boot.autoconfigure.security.servlet.UserDetailsServiceAutoConfiguration] 

Using generated security password: a2f88d8e-4e15-4617-b532-f874f19fa4fd

This generated password is for development use only. Your security configuration must be updated before running your application in production.

[2024-12-17 11:42:26 INFO Test worker] [org.springframework.security.config.annotation.authentication.configuration.InitializeUserDetailsBeanManagerConfigurer$InitializeUserDetailsManagerConfigurer] Global AuthenticationManager configured with UserDetailsService bean with name inMemoryUserDetailsManager
[2024-12-17 11:42:26 INFO Test worker] [com.green.greengram.config.jwt.TokenProviderTest] Started TokenProviderTest in 2.028 seconds (process running for 2.956)
[2024-12-17 11:44:46 INFO Test worker] [com.green.greengram.config.jwt.TokenProviderTest] Starting TokenProviderTest using Java 17.0.12 with PID 10404 (started by Administrator in D:\LJM\GreenGramSecurity)
[2024-12-17 11:44:46 INFO Test worker] [com.green.greengram.config.jwt.TokenProviderTest] No active profile set, falling back to 1 default profile: "default"
[2024-12-17 11:44:46 INFO Test worker] [com.green.greengram.common.model.MyFileUtils] MyFileUtils - 생성자: D:/2024-02/download/greengram_ver3
[2024-12-17 11:44:47 WARN Test worker] [org.springframework.boot.autoconfigure.security.servlet.UserDetailsServiceAutoConfiguration] 

Using generated security password: 99da6ddb-8c29-48e5-a95d-9818d07a3fb5

This generated password is for development use only. Your security configuration must be updated before running your application in production.

[2024-12-17 11:44:47 INFO Test worker] [org.springframework.security.config.annotation.authentication.configuration.InitializeUserDetailsBeanManagerConfigurer$InitializeUserDetailsManagerConfigurer] Global AuthenticationManager configured with UserDetailsService bean with name inMemoryUserDetailsManager
[2024-12-17 11:44:47 INFO Test worker] [com.green.greengram.config.jwt.TokenProviderTest] Started TokenProviderTest in 2.042 seconds (process running for 2.958)
[2024-12-17 11:47:03 INFO Test worker] [com.green.greengram.config.jwt.TokenProviderTest] Starting TokenProviderTest using Java 17.0.12 with PID 8008 (started by Administrator in D:\LJM\GreenGramSecurity)
[2024-12-17 11:47:03 INFO Test worker] [com.green.greengram.config.jwt.TokenProviderTest] No active profile set, falling back to 1 default profile: "default"
[2024-12-17 11:47:03 INFO Test worker] [com.green.greengram.common.model.MyFileUtils] MyFileUtils - 생성자: D:/2024-02/download/greengram_ver3
[2024-12-17 11:47:04 WARN Test worker] [org.springframework.boot.autoconfigure.security.servlet.UserDetailsServiceAutoConfiguration] 

Using generated security password: 2519a7fb-44ac-4d0f-b614-0b0ab3cc7730

This generated password is for development use only. Your security configuration must be updated before running your application in production.

[2024-12-17 11:47:04 INFO Test worker] [org.springframework.security.config.annotation.authentication.configuration.InitializeUserDetailsBeanManagerConfigurer$InitializeUserDetailsManagerConfigurer] Global AuthenticationManager configured with UserDetailsService bean with name inMemoryUserDetailsManager
[2024-12-17 11:47:04 INFO Test worker] [com.green.greengram.config.jwt.TokenProviderTest] Started TokenProviderTest in 1.888 seconds (process running for 2.717)
[2024-12-17 11:47:23 INFO Test worker] [com.green.greengram.config.jwt.TokenProviderTest] Starting TokenProviderTest using Java 17.0.12 with PID 10852 (started by Administrator in D:\LJM\GreenGramSecurity)
[2024-12-17 11:47:23 INFO Test worker] [com.green.greengram.config.jwt.TokenProviderTest] No active profile set, falling back to 1 default profile: "default"
[2024-12-17 11:47:24 INFO Test worker] [com.green.greengram.common.model.MyFileUtils] MyFileUtils - 생성자: D:/2024-02/download/greengram_ver3
[2024-12-17 11:47:25 WARN Test worker] [org.springframework.boot.autoconfigure.security.servlet.UserDetailsServiceAutoConfiguration] 

Using generated security password: 575db51d-a7ec-4b4e-9e0a-d517a025ce06

This generated password is for development use only. Your security configuration must be updated before running your application in production.

[2024-12-17 11:47:25 INFO Test worker] [org.springframework.security.config.annotation.authentication.configuration.InitializeUserDetailsBeanManagerConfigurer$InitializeUserDetailsManagerConfigurer] Global AuthenticationManager configured with UserDetailsService bean with name inMemoryUserDetailsManager
[2024-12-17 11:47:25 INFO Test worker] [com.green.greengram.config.jwt.TokenProviderTest] Started TokenProviderTest in 2.063 seconds (process running for 2.988)
[2024-12-17 11:53:02 INFO Test worker] [com.green.greengram.config.jwt.TokenProviderTest] Starting TokenProviderTest using Java 17.0.12 with PID 7876 (started by Administrator in D:\LJM\GreenGramSecurity)
[2024-12-17 11:53:02 INFO Test worker] [com.green.greengram.config.jwt.TokenProviderTest] No active profile set, falling back to 1 default profile: "default"
[2024-12-17 11:53:03 INFO Test worker] [com.green.greengram.common.model.MyFileUtils] MyFileUtils - 생성자: D:/2024-02/download/greengram_ver3
[2024-12-17 11:53:04 WARN Test worker] [org.springframework.boot.autoconfigure.security.servlet.UserDetailsServiceAutoConfiguration] 

Using generated security password: 22b3e36d-afa2-45a4-8616-b5fb4cd470d8

This generated password is for development use only. Your security configuration must be updated before running your application in production.

[2024-12-17 11:53:04 INFO Test worker] [org.springframework.security.config.annotation.authentication.configuration.InitializeUserDetailsBeanManagerConfigurer$InitializeUserDetailsManagerConfigurer] Global AuthenticationManager configured with UserDetailsService bean with name inMemoryUserDetailsManager
[2024-12-17 11:53:04 INFO Test worker] [com.green.greengram.config.jwt.TokenProviderTest] Started TokenProviderTest in 2.078 seconds (process running for 2.991)
[2024-12-17 11:54:04 INFO Test worker] [com.green.greengram.config.jwt.TokenProviderTest] Starting TokenProviderTest using Java 17.0.12 with PID 4940 (started by Administrator in D:\LJM\GreenGramSecurity)
[2024-12-17 11:54:04 INFO Test worker] [com.green.greengram.config.jwt.TokenProviderTest] No active profile set, falling back to 1 default profile: "default"
[2024-12-17 11:54:05 INFO Test worker] [com.green.greengram.common.model.MyFileUtils] MyFileUtils - 생성자: D:/2024-02/download/greengram_ver3
[2024-12-17 11:54:06 WARN Test worker] [org.springframework.boot.autoconfigure.security.servlet.UserDetailsServiceAutoConfiguration] 

Using generated security password: 269ea7cd-551b-466e-a583-419651721622

This generated password is for development use only. Your security configuration must be updated before running your application in production.

[2024-12-17 11:54:06 INFO Test worker] [org.springframework.security.config.annotation.authentication.configuration.InitializeUserDetailsBeanManagerConfigurer$InitializeUserDetailsManagerConfigurer] Global AuthenticationManager configured with UserDetailsService bean with name inMemoryUserDetailsManager
[2024-12-17 11:54:06 INFO Test worker] [com.green.greengram.config.jwt.TokenProviderTest] Started TokenProviderTest in 2.069 seconds (process running for 3.03)
[2024-12-17 11:54:23 INFO Test worker] [com.green.greengram.config.jwt.TokenProviderTest] Starting TokenProviderTest using Java 17.0.12 with PID 11368 (started by Administrator in D:\LJM\GreenGramSecurity)
[2024-12-17 11:54:23 INFO Test worker] [com.green.greengram.config.jwt.TokenProviderTest] No active profile set, falling back to 1 default profile: "default"
[2024-12-17 11:54:24 INFO Test worker] [com.green.greengram.common.model.MyFileUtils] MyFileUtils - 생성자: D:/2024-02/download/greengram_ver3
[2024-12-17 11:54:25 WARN Test worker] [org.springframework.boot.autoconfigure.security.servlet.UserDetailsServiceAutoConfiguration] 

Using generated security password: 353bcd85-ebf0-403a-a250-f2a1014c437c

This generated password is for development use only. Your security configuration must be updated before running your application in production.

[2024-12-17 11:54:25 INFO Test worker] [org.springframework.security.config.annotation.authentication.configuration.InitializeUserDetailsBeanManagerConfigurer$InitializeUserDetailsManagerConfigurer] Global AuthenticationManager configured with UserDetailsService bean with name inMemoryUserDetailsManager
[2024-12-17 11:54:25 INFO Test worker] [com.green.greengram.config.jwt.TokenProviderTest] Started TokenProviderTest in 1.881 seconds (process running for 2.745)
[2024-12-17 11:54:29 INFO Test worker] [com.green.greengram.config.jwt.TokenProviderTest] Starting TokenProviderTest using Java 17.0.12 with PID 10244 (started by Administrator in D:\LJM\GreenGramSecurity)
[2024-12-17 11:54:29 INFO Test worker] [com.green.greengram.config.jwt.TokenProviderTest] No active profile set, falling back to 1 default profile: "default"
[2024-12-17 11:54:30 INFO Test worker] [com.green.greengram.common.model.MyFileUtils] MyFileUtils - 생성자: D:/2024-02/download/greengram_ver3
[2024-12-17 11:54:31 WARN Test worker] [org.springframework.boot.autoconfigure.security.servlet.UserDetailsServiceAutoConfiguration] 

Using generated security password: 3b81eab6-322e-43d3-a4f5-c9b1068f047f

This generated password is for development use only. Your security configuration must be updated before running your application in production.

[2024-12-17 11:54:31 INFO Test worker] [org.springframework.security.config.annotation.authentication.configuration.InitializeUserDetailsBeanManagerConfigurer$InitializeUserDetailsManagerConfigurer] Global AuthenticationManager configured with UserDetailsService bean with name inMemoryUserDetailsManager
[2024-12-17 11:54:31 INFO Test worker] [com.green.greengram.config.jwt.TokenProviderTest] Started TokenProviderTest in 2.072 seconds (process running for 3.007)
[2024-12-17 11:57:07 INFO Test worker] [com.green.greengram.config.jwt.TokenProviderTest] Starting TokenProviderTest using Java 17.0.12 with PID 12128 (started by Administrator in D:\LJM\GreenGramSecurity)
[2024-12-17 11:57:07 INFO Test worker] [com.green.greengram.config.jwt.TokenProviderTest] No active profile set, falling back to 1 default profile: "default"
[2024-12-17 11:57:08 INFO Test worker] [com.green.greengram.common.model.MyFileUtils] MyFileUtils - 생성자: D:/2024-02/download/greengram_ver3
[2024-12-17 11:57:09 WARN Test worker] [org.springframework.boot.autoconfigure.security.servlet.UserDetailsServiceAutoConfiguration] 

Using generated security password: fb179a58-a37d-48fc-9572-d1ed357fe75d

This generated password is for development use only. Your security configuration must be updated before running your application in production.

[2024-12-17 11:57:09 INFO Test worker] [org.springframework.security.config.annotation.authentication.configuration.InitializeUserDetailsBeanManagerConfigurer$InitializeUserDetailsManagerConfigurer] Global AuthenticationManager configured with UserDetailsService bean with name inMemoryUserDetailsManager
[2024-12-17 11:57:09 INFO Test worker] [com.green.greengram.config.jwt.TokenProviderTest] Started TokenProviderTest in 2.047 seconds (process running for 2.986)
[2024-12-17 12:11:14 INFO Test worker] [com.green.greengram.config.jwt.TokenProviderTest] Starting TokenProviderTest using Java 17.0.12 with PID 5512 (started by Administrator in D:\LJM\GreenGramSecurity)
[2024-12-17 12:11:14 INFO Test worker] [com.green.greengram.config.jwt.TokenProviderTest] No active profile set, falling back to 1 default profile: "default"
[2024-12-17 12:11:14 INFO Test worker] [com.green.greengram.common.model.MyFileUtils] MyFileUtils - 생성자: D:/2024-02/download/greengram_ver3
[2024-12-17 12:11:15 WARN Test worker] [org.springframework.boot.autoconfigure.security.servlet.UserDetailsServiceAutoConfiguration] 

Using generated security password: fe70cb53-ac3f-4c14-ac37-f8ecc8a6e395

This generated password is for development use only. Your security configuration must be updated before running your application in production.

[2024-12-17 12:11:15 INFO Test worker] [org.springframework.security.config.annotation.authentication.configuration.InitializeUserDetailsBeanManagerConfigurer$InitializeUserDetailsManagerConfigurer] Global AuthenticationManager configured with UserDetailsService bean with name inMemoryUserDetailsManager
[2024-12-17 12:11:15 INFO Test worker] [com.green.greengram.config.jwt.TokenProviderTest] Started TokenProviderTest in 2.042 seconds (process running for 2.971)
[2024-12-17 13:04:36 INFO Test worker] [com.green.greengram.config.jwt.TokenProviderTest] Starting TokenProviderTest using Java 17.0.12 with PID 6672 (started by Administrator in D:\LJM\GreenGramSecurity)
[2024-12-17 13:04:36 INFO Test worker] [com.green.greengram.config.jwt.TokenProviderTest] No active profile set, falling back to 1 default profile: "default"
[2024-12-17 13:04:37 INFO Test worker] [com.green.greengram.common.model.MyFileUtils] MyFileUtils - 생성자: D:/2024-02/download/greengram_ver3
[2024-12-17 13:04:37 WARN Test worker] [org.springframework.boot.autoconfigure.security.servlet.UserDetailsServiceAutoConfiguration] 

Using generated security password: ca813d2c-a2eb-48e2-b7c1-f01ee32abf72

This generated password is for development use only. Your security configuration must be updated before running your application in production.

[2024-12-17 13:04:37 INFO Test worker] [org.springframework.security.config.annotation.authentication.configuration.InitializeUserDetailsBeanManagerConfigurer$InitializeUserDetailsManagerConfigurer] Global AuthenticationManager configured with UserDetailsService bean with name inMemoryUserDetailsManager
[2024-12-17 13:04:37 INFO Test worker] [com.green.greengram.config.jwt.TokenProviderTest] Started TokenProviderTest in 1.942 seconds (process running for 2.788)
[2024-12-17 13:04:51 INFO restartedMain] [com.green.greengram.GreenGramSecurityApplication] Starting GreenGramSecurityApplication using Java 17.0.12 with PID 3268 (D:\LJM\GreenGramSecurity\build\classes\java\main started by Administrator in D:\LJM\GreenGramSecurity)
[2024-12-17 13:04:51 INFO restartedMain] [com.green.greengram.GreenGramSecurityApplication] No active profile set, falling back to 1 default profile: "default"
[2024-12-17 13:04:51 INFO restartedMain] [org.springframework.boot.devtools.env.DevToolsPropertyDefaultsPostProcessor] Devtools property defaults active! Set 'spring.devtools.add-properties' to 'false' to disable
[2024-12-17 13:04:51 INFO restartedMain] [org.springframework.boot.devtools.env.DevToolsPropertyDefaultsPostProcessor] For additional web related logging consider setting the 'logging.level.web' property to 'DEBUG'
[2024-12-17 13:04:52 INFO restartedMain] [org.springframework.boot.web.embedded.tomcat.TomcatWebServer] Tomcat initialized with port 8080 (http)
[2024-12-17 13:04:52 INFO restartedMain] [org.springframework.boot.web.servlet.context.ServletWebServerApplicationContext] Root WebApplicationContext: initialization completed in 865 ms
[2024-12-17 13:04:52 INFO restartedMain] [com.green.greengram.common.model.MyFileUtils] MyFileUtils - 생성자: D:/2024-02/download/greengram_ver3
[2024-12-17 13:04:52 WARN restartedMain] [org.springframework.boot.autoconfigure.security.servlet.UserDetailsServiceAutoConfiguration] 

Using generated security password: 3389fa33-f120-4453-8f18-0bad7aa1f25b

This generated password is for development use only. Your security configuration must be updated before running your application in production.

[2024-12-17 13:04:52 INFO restartedMain] [org.springframework.security.config.annotation.authentication.configuration.InitializeUserDetailsBeanManagerConfigurer$InitializeUserDetailsManagerConfigurer] Global AuthenticationManager configured with UserDetailsService bean with name inMemoryUserDetailsManager
[2024-12-17 13:04:52 INFO restartedMain] [org.springframework.boot.devtools.autoconfigure.OptionalLiveReloadServer] LiveReload server is running on port 35729
[2024-12-17 13:04:52 INFO restartedMain] [org.springframework.boot.web.embedded.tomcat.TomcatWebServer] Tomcat started on port 8080 (http) with context path '/'
[2024-12-17 13:04:52 INFO restartedMain] [com.green.greengram.GreenGramSecurityApplication] Started GreenGramSecurityApplication in 1.873 seconds (process running for 2.237)
[2024-12-17 13:04:57 INFO http-nio-8080-exec-1] [org.springframework.web.servlet.DispatcherServlet] Initializing Servlet 'dispatcherServlet'
[2024-12-17 13:04:57 INFO http-nio-8080-exec-1] [org.springframework.web.servlet.DispatcherServlet] Completed initialization in 1 ms
[2024-12-17 13:05:06 INFO http-nio-8080-exec-3] [com.zaxxer.hikari.HikariDataSource] HikariPool-1 - Starting...
[2024-12-17 13:05:06 INFO http-nio-8080-exec-3] [com.zaxxer.hikari.pool.HikariPool] HikariPool-1 - Added connection net.sf.log4jdbc.sql.jdbcapi.ConnectionSpy@1dc55a79
[2024-12-17 13:05:06 INFO http-nio-8080-exec-3] [com.zaxxer.hikari.HikariDataSource] HikariPool-1 - Start completed.
[2024-12-17 13:05:06 DEBUGhttp-nio-8080-exec-3] [jdbc.sqltiming]  com.zaxxer.hikari.pool.ProxyPreparedStatement.execute(ProxyPreparedStatement.java:44)
1. SELECT user_id AS userId
        , IFNULL(nick_name, uid) AS nickName
        , pic, upw
        FROM user
        WHERE uid= '쩡미'
 {executed in 1 msec}
[2024-12-17 13:05:06 INFO http-nio-8080-exec-3] [jdbc.resultsettable] 
|--------|---------|-----------------------------------------|-------------------------------------------------------------|
|user_id |nickname |pic                                      |upw                                                          |
|--------|---------|-----------------------------------------|-------------------------------------------------------------|
|2       |쩡미깜띠기ㅎㅎㅎ |00afc96e-0786-4ee5-8be4-8c9b2ef2bd86.gif |$2a$10$QMo32sTgteG9Ut1i.HVLGuc5fLpr1g1Kf64txdPQIlkjZE1Zw3ai6 |
|--------|---------|-----------------------------------------|-------------------------------------------------------------|

[2024-12-17 13:07:28 INFO SpringApplicationShutdownHook] [com.zaxxer.hikari.HikariDataSource] HikariPool-1 - Shutdown initiated...
[2024-12-17 13:07:28 INFO SpringApplicationShutdownHook] [com.zaxxer.hikari.HikariDataSource] HikariPool-1 - Shutdown completed.
